MODEL:
IF f1 == 1 THEN animal == mouse
IF f1 == 5 THEN animal == elephant
IF f1 == 6 THEN animal == elephant
IF f1 == 7 THEN animal == elephant
IF f1 == 9 THEN animal == mouse
IF f2 == 11 THEN animal == elephant
IF f2 == 16 THEN animal == mouse
IF f2 == 18 THEN animal == elephant
IF f1 == 8 THEN animal == mouse
IF f3 == 20 THEN animal == mouse
IF f1 == 4 THEN animal == elephant
IF f2 == 10 THEN animal == mouse
IF f1 != 2 THEN animal == elephant
IF f2 == 12 THEN animal == mouse
IF f2 == 14 THEN animal == mouse
IF f3 != 19 THEN animal == mouse
IF f5 == 38 THEN animal == elephant
IF f1 == 2 THEN animal == mouse
IF TRUE THEN animal == mouse

ENCODINDS:
# of classes: 2
min # of vars: 45
avg # of vars: 45.00
max # of vars: 45
min # of clauses: 193
avg # of clauses: 194.50
max # of clauses: 196

EXPLANATIONS:
  inst: "IF f1 == 2 AND f2 == 10 AND f3 == 19 AND f4 == 28 AND f5 == 37 THEN animal == mouse"
  dexp: "IF f1 == 2 AND f2 == 10 AND f3 == 19 THEN animal == mouse"
  expl: "IF f2 == 10 AND f1 == 2 THEN animal == mouse"
  # hypos left: 2
  time: 0.00

  inst: "IF f1 == 6 AND f2 == 18 AND f3 == 27 AND f4 == 34 AND f5 == 37 THEN animal == elephant"
  dexp: "IF f1 == 6 THEN animal == elephant"
  expl: "IF f1 == 6 THEN animal == elephant"
  # hypos left: 1
  time: 0.00

  inst: "IF f1 == 3 AND f2 == 10 AND f3 == 19 AND f4 == 28 AND f5 == 37 THEN animal == mouse"
  dexp: "IF f1 == 3 AND f2 == 10 AND f3 == 19 THEN animal == mouse"
  expl: "IF f2 == 10 AND f1 == 3 THEN animal == mouse"
  # hypos left: 2
  time: 0.00

  inst: "IF f1 == 2 AND f2 == 15 AND f3 == 19 AND f4 == 28 AND f5 == 38 THEN animal == elephant"
  dexp: "IF f1 == 2 AND f2 == 15 AND f3 == 19 AND f5 == 38 THEN animal == elephant"
  expl: "IF f5 == 38 AND f3 == 19 AND f2 == 15 AND f1 == 2 THEN animal == elephant"
  # hypos left: 4
  time: 0.00

  inst: "IF f1 == 5 AND f2 == 18 AND f3 == 26 AND f4 == 33 AND f5 == 37 THEN animal == elephant"
  dexp: "IF f1 == 5 THEN animal == elephant"
  expl: "IF f1 == 5 THEN animal == elephant"
  # hypos left: 1
  time: 0.00

  inst: "IF f1 == 2 AND f2 == 18 AND f3 == 19 AND f4 == 28 AND f5 == 38 THEN animal == elephant"
  dexp: "IF f1 == 2 AND f2 == 18 THEN animal == elephant"
  expl: "IF f2 == 18 AND f1 == 2 THEN animal == elephant"
  # hypos left: 2
  time: 0.00

  inst: "IF f1 == 2 AND f2 == 14 AND f3 == 19 AND f4 == 28 AND f5 == 39 THEN animal == mouse"
  dexp: "IF f1 == 2 AND f2 == 14 AND f3 == 19 THEN animal == mouse"
  expl: "IF f2 == 14 AND f1 == 2 THEN animal == mouse"
  # hypos left: 2
  time: 0.00

  inst: "IF f1 == 2 AND f2 == 10 AND f3 == 19 AND f4 == 28 AND f5 == 40 THEN animal == mouse"
  dexp: "IF f1 == 2 AND f2 == 10 AND f3 == 19 THEN animal == mouse"
  expl: "IF f2 == 10 AND f1 == 2 THEN animal == mouse"
  # hypos left: 2
  time: 0.00

  inst: "IF f1 == 4 AND f2 == 18 AND f3 == 27 AND f4 == 34 AND f5 == 42 THEN animal == elephant"
  dexp: "IF f1 == 4 AND f2 == 18 THEN animal == elephant"
  expl: "IF f2 == 18 AND f1 == 4 THEN animal == elephant"
  # hypos left: 2
  time: 0.00

  inst: "IF f1 == 2 AND f2 == 10 AND f3 == 20 AND f4 == 28 AND f5 == 37 THEN animal == mouse"
  dexp: "IF f1 == 2 AND f2 == 10 AND f3 == 20 THEN animal == mouse"
  expl: "IF f2 == 10 AND f1 == 2 THEN animal == mouse"
  # hypos left: 2
  time: 0.00

  inst: "IF f1 == 1 AND f2 == 18 AND f3 == 19 AND f4 == 28 AND f5 == 37 THEN animal == mouse"
  dexp: "IF f1 == 1 THEN animal == mouse"
  expl: "IF f1 == 1 THEN animal == mouse"
  # hypos left: 1
  time: 0.00

  inst: "IF f1 == 2 AND f2 == 12 AND f3 == 19 AND f4 == 28 AND f5 == 43 THEN animal == mouse"
  dexp: "IF f1 == 2 AND f2 == 12 AND f3 == 19 THEN animal == mouse"
  expl: "IF f2 == 12 AND f1 == 2 THEN animal == mouse"
  # hypos left: 2
  time: 0.00

  inst: "IF f1 == 1 AND f2 == 10 AND f3 == 19 AND f4 == 28 AND f5 == 41 THEN animal == mouse"
  dexp: "IF f1 == 1 THEN animal == mouse"
  expl: "IF f1 == 1 THEN animal == mouse"
  # hypos left: 1
  time: 0.00

  inst: "IF f1 == 5 AND f2 == 18 AND f3 == 27 AND f4 == 36 AND f5 == 37 THEN animal == elephant"
  dexp: "IF f1 == 5 THEN animal == elephant"
  expl: "IF f1 == 5 THEN animal == elephant"
  # hypos left: 1
  time: 0.00

  inst: "IF f1 == 2 AND f2 == 15 AND f3 == 19 AND f4 == 28 AND f5 == 45 THEN animal == mouse"
  dexp: "IF f1 == 2 AND f2 == 15 AND f3 == 19 AND f5 == 45 THEN animal == mouse"
  expl: "IF f5 == 45 AND f2 == 15 AND f1 == 2 THEN animal == mouse"
  # hypos left: 3
  time: 0.00

  inst: "IF f1 == 1 AND f2 == 12 AND f3 == 19 AND f4 == 28 AND f5 == 37 THEN animal == mouse"
  dexp: "IF f1 == 1 THEN animal == mouse"
  expl: "IF f1 == 1 THEN animal == mouse"
  # hypos left: 1
  time: 0.00

  inst: "IF f1 == 6 AND f2 == 18 AND f3 == 26 AND f4 == 28 AND f5 == 41 THEN animal == elephant"
  dexp: "IF f1 == 6 THEN animal == elephant"
  expl: "IF f1 == 6 THEN animal == elephant"
  # hypos left: 1
  time: 0.00

  inst: "IF f1 == 3 AND f2 == 12 AND f3 == 21 AND f4 == 31 AND f5 == 37 THEN animal == elephant"
  dexp: "IF f1 == 3 AND f2 == 12 AND f3 == 21 THEN animal == elephant"
  expl: "IF f3 == 21 AND f2 == 12 AND f1 == 3 THEN animal == elephant"
  # hypos left: 3
  time: 0.00

  inst: "IF f1 == 3 AND f2 == 13 AND f3 == 22 AND f4 == 28 AND f5 == 37 THEN animal == elephant"
  dexp: "IF f1 == 3 AND f2 == 13 AND f3 == 22 THEN animal == elephant"
  expl: "IF f3 == 22 AND f2 == 13 AND f1 == 3 THEN animal == elephant"
  # hypos left: 3
  time: 0.00

  inst: "IF f1 == 6 AND f2 == 18 AND f3 == 24 AND f4 == 32 AND f5 == 38 THEN animal == elephant"
  dexp: "IF f1 == 6 THEN animal == elephant"
  expl: "IF f1 == 6 THEN animal == elephant"
  # hypos left: 1
  time: 0.00

  inst: "IF f1 == 4 AND f2 == 14 AND f3 == 20 AND f4 == 28 AND f5 == 37 THEN animal == mouse"
  dexp: "IF f1 == 4 AND f2 == 14 AND f3 == 20 THEN animal == mouse"
  expl: "IF f3 == 20 AND f2 == 14 AND f1 == 4 THEN animal == mouse"
  # hypos left: 3
  time: 0.00

  inst: "IF f1 == 2 AND f2 == 15 AND f3 == 21 AND f4 == 28 AND f5 == 37 THEN animal == mouse"
  dexp: "IF f1 == 2 AND f2 == 15 AND f3 == 21 THEN animal == mouse"
  expl: "IF f3 == 21 AND f2 == 15 AND f1 == 2 THEN animal == mouse"
  # hypos left: 3
  time: 0.00

  inst: "IF f1 == 2 AND f2 == 14 AND f3 == 20 AND f4 == 28 AND f5 == 37 THEN animal == mouse"
  dexp: "IF f1 == 2 AND f2 == 14 AND f3 == 20 THEN animal == mouse"
  expl: "IF f2 == 14 AND f1 == 2 THEN animal == mouse"
  # hypos left: 2
  time: 0.00

  inst: "IF f1 == 7 AND f2 == 14 AND f3 == 22 AND f4 == 35 AND f5 == 43 THEN animal == elephant"
  dexp: "IF f1 == 7 THEN animal == elephant"
  expl: "IF f1 == 7 THEN animal == elephant"
  # hypos left: 1
  time: 0.00

  inst: "IF f1 == 2 AND f2 == 13 AND f3 == 19 AND f4 == 28 AND f5 == 37 THEN animal == mouse"
  dexp: "IF f1 == 2 AND f2 == 13 AND f3 == 19 AND f5 == 37 THEN animal == mouse"
  expl: "IF f5 == 37 AND f2 == 13 AND f1 == 2 THEN animal == mouse"
  # hypos left: 3
  time: 0.00

  inst: "IF f1 == 3 AND f2 == 18 AND f3 == 27 AND f4 == 36 AND f5 == 37 THEN animal == elephant"
  dexp: "IF f1 == 3 AND f2 == 18 THEN animal == elephant"
  expl: "IF f2 == 18 AND f1 == 3 THEN animal == elephant"
  # hypos left: 2
  time: 0.00

  inst: "IF f1 == 1 AND f2 == 10 AND f3 == 19 AND f4 == 28 AND f5 == 37 THEN animal == mouse"
  dexp: "IF f1 == 1 THEN animal == mouse"
  expl: "IF f1 == 1 THEN animal == mouse"
  # hypos left: 1
  time: 0.00

  inst: "IF f1 == 1 AND f2 == 10 AND f3 == 20 AND f4 == 28 AND f5 == 37 THEN animal == mouse"
  dexp: "IF f1 == 1 THEN animal == mouse"
  expl: "IF f1 == 1 THEN animal == mouse"
  # hypos left: 1
  time: 0.00

  inst: "IF f1 == 3 AND f2 == 14 AND f3 == 25 AND f4 == 30 AND f5 == 37 THEN animal == elephant"
  dexp: "IF f1 == 3 AND f2 == 14 AND f3 == 25 THEN animal == elephant"
  expl: "IF f3 == 25 AND f2 == 14 AND f1 == 3 THEN animal == elephant"
  # hypos left: 3
  time: 0.00

  inst: "IF f1 == 4 AND f2 == 18 AND f3 == 24 AND f4 == 36 AND f5 == 37 THEN animal == elephant"
  dexp: "IF f1 == 4 AND f2 == 18 THEN animal == elephant"
  expl: "IF f2 == 18 AND f1 == 4 THEN animal == elephant"
  # hypos left: 2
  time: 0.00

  inst: "IF f1 == 2 AND f2 == 16 AND f3 == 20 AND f4 == 28 AND f5 == 37 THEN animal == mouse"
  dexp: "IF f1 == 2 AND f2 == 16 THEN animal == mouse"
  expl: "IF f2 == 16 AND f1 == 2 THEN animal == mouse"
  # hypos left: 2
  time: 0.00

  inst: "IF f1 == 2 AND f2 == 10 AND f3 == 21 AND f4 == 29 AND f5 == 37 THEN animal == mouse"
  dexp: "IF f1 == 2 AND f2 == 10 AND f3 == 21 THEN animal == mouse"
  expl: "IF f2 == 10 AND f1 == 2 THEN animal == mouse"
  # hypos left: 2
  time: 0.00

  inst: "IF f1 == 2 AND f2 == 10 AND f3 == 21 AND f4 == 28 AND f5 == 37 THEN animal == mouse"
  dexp: "IF f1 == 2 AND f2 == 10 AND f3 == 21 THEN animal == mouse"
  expl: "IF f2 == 10 AND f1 == 2 THEN animal == mouse"
  # hypos left: 2
  time: 0.00

  inst: "IF f1 == 2 AND f2 == 12 AND f3 == 20 AND f4 == 28 AND f5 == 37 THEN animal == mouse"
  dexp: "IF f1 == 2 AND f2 == 12 AND f3 == 20 THEN animal == mouse"
  expl: "IF f2 == 12 AND f1 == 2 THEN animal == mouse"
  # hypos left: 2
  time: 0.00

  inst: "IF f1 == 6 AND f2 == 18 AND f3 == 20 AND f4 == 32 AND f5 == 38 THEN animal == elephant"
  dexp: "IF f1 == 6 THEN animal == elephant"
  expl: "IF f1 == 6 THEN animal == elephant"
  # hypos left: 1
  time: 0.00

  inst: "IF f1 == 6 AND f2 == 14 AND f3 == 27 AND f4 == 30 AND f5 == 37 THEN animal == elephant"
  dexp: "IF f1 == 6 THEN animal == elephant"
  expl: "IF f1 == 6 THEN animal == elephant"
  # hypos left: 1
  time: 0.00

  inst: "IF f1 == 8 AND f2 == 18 AND f3 == 26 AND f4 == 29 AND f5 == 37 THEN animal == elephant"
  dexp: "IF f1 == 8 AND f2 == 18 THEN animal == elephant"
  expl: "IF f2 == 18 AND f1 == 8 THEN animal == elephant"
  # hypos left: 2
  time: 0.00

  inst: "IF f1 == 3 AND f2 == 18 AND f3 == 27 AND f4 == 36 AND f5 == 38 THEN animal == elephant"
  dexp: "IF f1 == 3 AND f2 == 18 THEN animal == elephant"
  expl: "IF f2 == 18 AND f1 == 3 THEN animal == elephant"
  # hypos left: 2
  time: 0.00

  inst: "IF f1 == 2 AND f2 == 10 AND f3 == 20 AND f4 == 28 AND f5 == 40 THEN animal == mouse"
  dexp: "IF f1 == 2 AND f2 == 10 AND f3 == 20 THEN animal == mouse"
  expl: "IF f2 == 10 AND f1 == 2 THEN animal == mouse"
  # hypos left: 2
  time: 0.00

  inst: "IF f1 == 2 AND f2 == 10 AND f3 == 20 AND f4 == 28 AND f5 == 41 THEN animal == mouse"
  dexp: "IF f1 == 2 AND f2 == 10 AND f3 == 20 THEN animal == mouse"
  expl: "IF f2 == 10 AND f1 == 2 THEN animal == mouse"
  # hypos left: 2
  time: 0.00

  inst: "IF f1 == 4 AND f2 == 11 AND f3 == 25 AND f4 == 34 AND f5 == 42 THEN animal == elephant"
  dexp: "IF f1 == 4 AND f2 == 11 THEN animal == elephant"
  expl: "IF f2 == 11 AND f1 == 4 THEN animal == elephant"
  # hypos left: 2
  time: 0.00

  inst: "IF f1 == 2 AND f2 == 10 AND f3 == 21 AND f4 == 28 AND f5 == 43 THEN animal == mouse"
  dexp: "IF f1 == 2 AND f2 == 10 AND f3 == 21 THEN animal == mouse"
  expl: "IF f2 == 10 AND f1 == 2 THEN animal == mouse"
  # hypos left: 2
  time: 0.00

  inst: "IF f1 == 2 AND f2 == 10 AND f3 == 20 AND f4 == 28 AND f5 == 44 THEN animal == mouse"
  dexp: "IF f1 == 2 AND f2 == 10 AND f3 == 20 THEN animal == mouse"
  expl: "IF f2 == 10 AND f1 == 2 THEN animal == mouse"
  # hypos left: 2
  time: 0.00

  inst: "IF f1 == 5 AND f2 == 18 AND f3 == 25 AND f4 == 32 AND f5 == 45 THEN animal == elephant"
  dexp: "IF f1 == 5 THEN animal == elephant"
  expl: "IF f1 == 5 THEN animal == elephant"
  # hypos left: 1
  time: 0.00

  inst: "IF f1 == 2 AND f2 == 10 AND f3 == 20 AND f4 == 29 AND f5 == 37 THEN animal == mouse"
  dexp: "IF f1 == 2 AND f2 == 10 AND f3 == 20 THEN animal == mouse"
  expl: "IF f2 == 10 AND f1 == 2 THEN animal == mouse"
  # hypos left: 2
  time: 0.00

  inst: "IF f1 == 6 AND f2 == 12 AND f3 == 22 AND f4 == 28 AND f5 == 37 THEN animal == elephant"
  dexp: "IF f1 == 6 THEN animal == elephant"
  expl: "IF f1 == 6 THEN animal == elephant"
  # hypos left: 1
  time: 0.00

  inst: "IF f1 == 3 AND f2 == 18 AND f3 == 22 AND f4 == 28 AND f5 == 37 THEN animal == elephant"
  dexp: "IF f1 == 3 AND f2 == 18 THEN animal == elephant"
  expl: "IF f2 == 18 AND f1 == 3 THEN animal == elephant"
  # hypos left: 2
  time: 0.00

  inst: "IF f1 == 2 AND f2 == 10 AND f3 == 19 AND f4 == 31 AND f5 == 37 THEN animal == mouse"
  dexp: "IF f1 == 2 AND f2 == 10 AND f3 == 19 THEN animal == mouse"
  expl: "IF f2 == 10 AND f1 == 2 THEN animal == mouse"
  # hypos left: 2
  time: 0.00

  inst: "IF f1 == 4 AND f2 == 18 AND f3 == 25 AND f4 == 28 AND f5 == 37 THEN animal == elephant"
  dexp: "IF f1 == 4 AND f2 == 18 THEN animal == elephant"
  expl: "IF f2 == 18 AND f1 == 4 THEN animal == elephant"
  # hypos left: 2
  time: 0.00

  inst: "IF f1 == 4 AND f2 == 10 AND f3 == 26 AND f4 == 36 AND f5 == 37 THEN animal == elephant"
  dexp: "IF f1 == 4 AND f2 == 10 AND f3 == 26 THEN animal == elephant"
  expl: "IF f3 == 26 AND f2 == 10 AND f1 == 4 THEN animal == elephant"
  # hypos left: 3
  time: 0.00

  inst: "IF f1 == 5 AND f2 == 18 AND f3 == 26 AND f4 == 28 AND f5 == 38 THEN animal == elephant"
  dexp: "IF f1 == 5 THEN animal == elephant"
  expl: "IF f1 == 5 THEN animal == elephant"
  # hypos left: 1
  time: 0.00

  inst: "IF f1 == 5 AND f2 == 17 AND f3 == 25 AND f4 == 35 AND f5 == 39 THEN animal == elephant"
  dexp: "IF f1 == 5 THEN animal == elephant"
  expl: "IF f1 == 5 THEN animal == elephant"
  # hypos left: 1
  time: 0.00

  inst: "IF f1 == 9 AND f2 == 18 AND f3 == 27 AND f4 == 28 AND f5 == 37 THEN animal == mouse"
  dexp: "IF f1 == 9 THEN animal == mouse"
  expl: "IF f1 == 9 THEN animal == mouse"
  # hypos left: 1
  time: 0.00

  inst: "IF f1 == 3 AND f2 == 18 AND f3 == 25 AND f4 == 28 AND f5 == 38 THEN animal == elephant"
  dexp: "IF f1 == 3 AND f2 == 18 THEN animal == elephant"
  expl: "IF f2 == 18 AND f1 == 3 THEN animal == elephant"
  # hypos left: 2
  time: 0.00

  inst: "IF f1 == 5 AND f2 == 11 AND f3 == 26 AND f4 == 32 AND f5 == 37 THEN animal == elephant"
  dexp: "IF f1 == 5 THEN animal == elephant"
  expl: "IF f1 == 5 THEN animal == elephant"
  # hypos left: 1
  time: 0.00

  inst: "IF f1 == 9 AND f2 == 10 AND f3 == 19 AND f4 == 28 AND f5 == 37 THEN animal == mouse"
  dexp: "IF f1 == 9 THEN animal == mouse"
  expl: "IF f1 == 9 THEN animal == mouse"
  # hypos left: 1
  time: 0.00

  inst: "IF f1 == 8 AND f2 == 10 AND f3 == 23 AND f4 == 33 AND f5 == 37 THEN animal == mouse"
  dexp: "IF f1 == 8 AND f2 == 10 THEN animal == mouse"
  expl: "IF f2 == 10 AND f1 == 8 THEN animal == mouse"
  # hypos left: 2
  time: 0.00

# of insts: 57
tot # of expls: 57
min # of expls: 1
avg # of expls: 1.00
max # of expls: 1

Min expl sz: 1
min expl sz: 1.82
avg expl sz: 1.82
max expl sz: 1.82
Max expl sz: 4

tot time: 0.01
min time: 0.00
avg time: 0.00
max time: 0.00

min dxrd:   0.00%
avg dxrd:  10.23%
max dxrd:  33.33%
