MODEL:
IF outlook == overcast THEN classes == +
IF temperature == hot THEN classes == -
IF windy != false THEN classes == -
IF outlook == rain THEN classes == +
IF temperature == cool THEN classes == +
IF outlook == sunny THEN classes == -
IF TRUE THEN classes == +

ENCODINDS:
# of classes: 2
min # of vars: 8
avg # of vars: 8.00
max # of vars: 8
min # of clauses: 11
avg # of clauses: 11.50
max # of clauses: 12

EXPLANATIONS:
  inst: "IF outlook == overcast AND temperature == hot AND humidity == high AND windy == false THEN classes == +"
  dexp: "IF outlook == overcast THEN classes == +"
  expl: "IF outlook == overcast THEN classes == +"
  # hypos left: 1
  time: 0.00

  inst: "IF outlook == rain AND temperature == mild AND humidity == high AND windy == false THEN classes == +"
  dexp: "IF outlook == rain AND temperature == mild AND windy == false THEN classes == +"
  expl: "IF windy == false AND temperature == mild AND outlook == rain THEN classes == +"
  # hypos left: 3
  time: 0.00

  inst: "IF outlook == rain AND temperature == cool AND humidity == normal AND windy == false THEN classes == +"
  dexp: "IF outlook == rain AND temperature == cool AND windy == false THEN classes == +"
  expl: "IF windy == false AND temperature == cool THEN classes == +"
  # hypos left: 2
  time: 0.00

  inst: "IF outlook == overcast AND temperature == cool AND humidity == normal AND windy == true THEN classes == +"
  dexp: "IF outlook == overcast THEN classes == +"
  expl: "IF outlook == overcast THEN classes == +"
  # hypos left: 1
  time: 0.00

  inst: "IF outlook == sunny AND temperature == cool AND humidity == normal AND windy == false THEN classes == +"
  dexp: "IF outlook == sunny AND temperature == cool AND windy == false THEN classes == +"
  expl: "IF windy == false AND temperature == cool THEN classes == +"
  # hypos left: 2
  time: 0.00

  inst: "IF outlook == rain AND temperature == mild AND humidity == normal AND windy == false THEN classes == +"
  dexp: "IF outlook == rain AND temperature == mild AND windy == false THEN classes == +"
  expl: "IF windy == false AND temperature == mild AND outlook == rain THEN classes == +"
  # hypos left: 3
  time: 0.00

  inst: "IF outlook == sunny AND temperature == mild AND humidity == normal AND windy == true THEN classes == -"
  dexp: "IF outlook == sunny AND temperature == mild AND windy == true THEN classes == -"
  expl: "IF temperature == mild AND outlook == sunny THEN classes == -"
  # hypos left: 2
  time: 0.00

  inst: "IF outlook == overcast AND temperature == mild AND humidity == high AND windy == true THEN classes == +"
  dexp: "IF outlook == overcast THEN classes == +"
  expl: "IF outlook == overcast THEN classes == +"
  # hypos left: 1
  time: 0.00

  inst: "IF outlook == overcast AND temperature == hot AND humidity == normal AND windy == false THEN classes == +"
  dexp: "IF outlook == overcast THEN classes == +"
  expl: "IF outlook == overcast THEN classes == +"
  # hypos left: 1
  time: 0.00

  inst: "IF outlook == rain AND temperature == mild AND humidity == high AND windy == true THEN classes == -"
  dexp: "IF outlook == rain AND temperature == mild AND windy == true THEN classes == -"
  expl: "IF windy == true AND outlook == rain THEN classes == -"
  # hypos left: 2
  time: 0.00

  inst: "IF outlook == sunny AND temperature == hot AND humidity == high AND windy == false THEN classes == -"
  dexp: "IF outlook == sunny AND temperature == hot THEN classes == -"
  expl: "IF temperature == hot AND outlook == sunny THEN classes == -"
  # hypos left: 2
  time: 0.00

  inst: "IF outlook == sunny AND temperature == hot AND humidity == high AND windy == true THEN classes == -"
  dexp: "IF outlook == sunny AND temperature == hot THEN classes == -"
  expl: "IF temperature == hot AND outlook == sunny THEN classes == -"
  # hypos left: 2
  time: 0.00

  inst: "IF outlook == rain AND temperature == cool AND humidity == normal AND windy == true THEN classes == -"
  dexp: "IF outlook == rain AND temperature == cool AND windy == true THEN classes == -"
  expl: "IF windy == true AND outlook == rain THEN classes == -"
  # hypos left: 2
  time: 0.00

  inst: "IF outlook == sunny AND temperature == mild AND humidity == high AND windy == false THEN classes == -"
  dexp: "IF outlook == sunny AND temperature == mild AND windy == false THEN classes == -"
  expl: "IF temperature == mild AND outlook == sunny THEN classes == -"
  # hypos left: 2
  time: 0.00

# of insts: 14
tot # of expls: 14
min # of expls: 1
avg # of expls: 1.00
max # of expls: 1

Min expl sz: 1
min expl sz: 1.86
avg expl sz: 1.86
max expl sz: 1.86
Max expl sz: 3

tot time: 0.00
min time: 0.00
avg time: 0.00
max time: 0.00

min dxrd:   0.00%
avg dxrd:  14.29%
max dxrd:  33.33%
