MODEL:
IF outlook == overcast THEN classes == +
IF temperature == hot THEN classes == -
IF humidity != high, outlook != rain THEN classes == +
IF outlook != rain THEN classes == -
IF temperature != cool THEN classes == +
IF windy == false THEN classes == +
IF outlook == rain THEN classes == -
IF TRUE THEN classes == +

ENCODINDS:
# of classes: 2
min # of vars: 9
avg # of vars: 9.00
max # of vars: 9
min # of clauses: 14
avg # of clauses: 15.00
max # of clauses: 16

EXPLANATIONS:
  inst: "IF outlook == overcast AND temperature == hot AND humidity == high AND windy == false THEN classes == +"
  dexp: "IF outlook == overcast THEN classes == +"
  expl: "IF outlook == overcast THEN classes == +"
  # hypos left: 1
  time: 0.00

  inst: "IF outlook == rain AND temperature == mild AND humidity == high AND windy == false THEN classes == +"
  dexp: "IF outlook == rain AND temperature == mild THEN classes == +"
  expl: "IF temperature == mild AND outlook == rain THEN classes == +"
  # hypos left: 2
  time: 0.00

  inst: "IF outlook == rain AND temperature == cool AND humidity == normal AND windy == false THEN classes == +"
  dexp: "IF outlook == rain AND temperature == cool AND windy == false THEN classes == +"
  expl: "IF windy == false AND temperature == cool AND outlook == rain THEN classes == +"
  # hypos left: 3
  time: 0.00

  inst: "IF outlook == overcast AND temperature == cool AND humidity == normal AND windy == true THEN classes == +"
  dexp: "IF outlook == overcast THEN classes == +"
  expl: "IF outlook == overcast THEN classes == +"
  # hypos left: 1
  time: 0.00

  inst: "IF outlook == sunny AND temperature == cool AND humidity == normal AND windy == false THEN classes == +"
  dexp: "IF outlook == sunny AND temperature == cool AND humidity == normal THEN classes == +"
  expl: "IF humidity == normal AND temperature == cool AND outlook == sunny THEN classes == +"
  # hypos left: 3
  time: 0.00

  inst: "IF outlook == rain AND temperature == mild AND humidity == normal AND windy == false THEN classes == +"
  dexp: "IF outlook == rain AND temperature == mild THEN classes == +"
  expl: "IF temperature == mild AND outlook == rain THEN classes == +"
  # hypos left: 2
  time: 0.00

  inst: "IF outlook == sunny AND temperature == mild AND humidity == normal AND windy == true THEN classes == +"
  dexp: "IF outlook == sunny AND temperature == mild AND humidity == normal THEN classes == +"
  expl: "IF humidity == normal AND temperature == mild THEN classes == +"
  # hypos left: 2
  time: 0.00

  inst: "IF outlook == overcast AND temperature == mild AND humidity == high AND windy == true THEN classes == +"
  dexp: "IF outlook == overcast THEN classes == +"
  expl: "IF outlook == overcast THEN classes == +"
  # hypos left: 1
  time: 0.00

  inst: "IF outlook == overcast AND temperature == hot AND humidity == normal AND windy == false THEN classes == +"
  dexp: "IF outlook == overcast THEN classes == +"
  expl: "IF outlook == overcast THEN classes == +"
  # hypos left: 1
  time: 0.00

  inst: "IF outlook == rain AND temperature == mild AND humidity == high AND windy == true THEN classes == +"
  dexp: "IF outlook == rain AND temperature == mild THEN classes == +"
  expl: "IF temperature == mild AND outlook == rain THEN classes == +"
  # hypos left: 2
  time: 0.00

  inst: "IF outlook == sunny AND temperature == hot AND humidity == high AND windy == false THEN classes == -"
  dexp: "IF outlook == sunny AND temperature == hot THEN classes == -"
  expl: "IF temperature == hot AND outlook == sunny THEN classes == -"
  # hypos left: 2
  time: 0.00

  inst: "IF outlook == sunny AND temperature == hot AND humidity == high AND windy == true THEN classes == -"
  dexp: "IF outlook == sunny AND temperature == hot THEN classes == -"
  expl: "IF temperature == hot AND outlook == sunny THEN classes == -"
  # hypos left: 2
  time: 0.00

  inst: "IF outlook == rain AND temperature == cool AND humidity == normal AND windy == true THEN classes == -"
  dexp: "IF outlook == rain AND temperature == cool AND windy == true THEN classes == -"
  expl: "IF windy == true AND temperature == cool AND outlook == rain THEN classes == -"
  # hypos left: 3
  time: 0.00

  inst: "IF outlook == sunny AND temperature == mild AND humidity == high AND windy == false THEN classes == -"
  dexp: "IF outlook == sunny AND temperature == mild AND humidity == high THEN classes == -"
  expl: "IF humidity == high AND outlook == sunny THEN classes == -"
  # hypos left: 2
  time: 0.00

# of insts: 14
tot # of expls: 14
min # of expls: 1
avg # of expls: 1.00
max # of expls: 1

Min expl sz: 1
min expl sz: 1.93
avg expl sz: 1.93
max expl sz: 1.93
Max expl sz: 3

tot time: 0.00
min time: 0.00
avg time: 0.00
max time: 0.00

min dxrd:   0.00%
avg dxrd:   4.76%
max dxrd:  33.33%
