MODEL:
IF outlook == overcast THEN classes == +
IF temperature == cool THEN classes == -
IF temperature == hot THEN classes == -
IF humidity == high THEN classes == -
IF outlook == rain THEN classes == +
IF outlook == sunny THEN classes == +
IF TRUE THEN classes == +

ENCODINDS:
# of classes: 2
min # of vars: 7
avg # of vars: 7.00
max # of vars: 7
min # of clauses: 11
avg # of clauses: 11.50
max # of clauses: 12

EXPLANATIONS:
  inst: "IF outlook == overcast AND temperature == hot AND humidity == high AND windy == false THEN classes == +"
  dexp: "IF outlook == overcast THEN classes == +"
  expl: "IF outlook == overcast THEN classes == +"
  # hypos left: 1
  time: 0.00

  inst: "IF outlook == rain AND temperature == mild AND humidity == high AND windy == false THEN classes == -"
  dexp: "IF outlook == rain AND temperature == mild AND humidity == high THEN classes == -"
  expl: "IF humidity == high AND outlook == rain THEN classes == -"
  # hypos left: 2
  time: 0.00

  inst: "IF outlook == rain AND temperature == cool AND humidity == normal AND windy == false THEN classes == -"
  dexp: "IF outlook == rain AND temperature == cool THEN classes == -"
  expl: "IF temperature == cool AND outlook == rain THEN classes == -"
  # hypos left: 2
  time: 0.00

  inst: "IF outlook == overcast AND temperature == cool AND humidity == normal AND windy == true THEN classes == +"
  dexp: "IF outlook == overcast THEN classes == +"
  expl: "IF outlook == overcast THEN classes == +"
  # hypos left: 1
  time: 0.00

  inst: "IF outlook == sunny AND temperature == cool AND humidity == normal AND windy == false THEN classes == -"
  dexp: "IF outlook == sunny AND temperature == cool THEN classes == -"
  expl: "IF temperature == cool AND outlook == sunny THEN classes == -"
  # hypos left: 2
  time: 0.00

  inst: "IF outlook == rain AND temperature == mild AND humidity == normal AND windy == false THEN classes == +"
  dexp: "IF outlook == rain AND temperature == mild AND humidity == normal THEN classes == +"
  expl: "IF humidity == normal AND temperature == mild THEN classes == +"
  # hypos left: 2
  time: 0.00

  inst: "IF outlook == sunny AND temperature == mild AND humidity == normal AND windy == true THEN classes == +"
  dexp: "IF outlook == sunny AND temperature == mild AND humidity == normal THEN classes == +"
  expl: "IF humidity == normal AND temperature == mild THEN classes == +"
  # hypos left: 2
  time: 0.00

  inst: "IF outlook == overcast AND temperature == mild AND humidity == high AND windy == true THEN classes == +"
  dexp: "IF outlook == overcast THEN classes == +"
  expl: "IF outlook == overcast THEN classes == +"
  # hypos left: 1
  time: 0.00

  inst: "IF outlook == overcast AND temperature == hot AND humidity == normal AND windy == false THEN classes == +"
  dexp: "IF outlook == overcast THEN classes == +"
  expl: "IF outlook == overcast THEN classes == +"
  # hypos left: 1
  time: 0.00

  inst: "IF outlook == rain AND temperature == mild AND humidity == high AND windy == true THEN classes == -"
  dexp: "IF outlook == rain AND temperature == mild AND humidity == high THEN classes == -"
  expl: "IF humidity == high AND outlook == rain THEN classes == -"
  # hypos left: 2
  time: 0.00

  inst: "IF outlook == sunny AND temperature == hot AND humidity == high AND windy == false THEN classes == -"
  dexp: "IF outlook == sunny AND temperature == hot THEN classes == -"
  expl: "IF temperature == hot AND outlook == sunny THEN classes == -"
  # hypos left: 2
  time: 0.00

  inst: "IF outlook == sunny AND temperature == hot AND humidity == high AND windy == true THEN classes == -"
  dexp: "IF outlook == sunny AND temperature == hot THEN classes == -"
  expl: "IF temperature == hot AND outlook == sunny THEN classes == -"
  # hypos left: 2
  time: 0.00

  inst: "IF outlook == rain AND temperature == cool AND humidity == normal AND windy == true THEN classes == -"
  dexp: "IF outlook == rain AND temperature == cool THEN classes == -"
  expl: "IF temperature == cool AND outlook == rain THEN classes == -"
  # hypos left: 2
  time: 0.00

  inst: "IF outlook == sunny AND temperature == mild AND humidity == high AND windy == false THEN classes == -"
  dexp: "IF outlook == sunny AND temperature == mild AND humidity == high THEN classes == -"
  expl: "IF humidity == high AND outlook == sunny THEN classes == -"
  # hypos left: 2
  time: 0.00

# of insts: 14
tot # of expls: 14
min # of expls: 1
avg # of expls: 1.00
max # of expls: 1

Min expl sz: 1
min expl sz: 1.71
avg expl sz: 1.71
max expl sz: 1.71
Max expl sz: 2

tot time: 0.00
min time: 0.00
avg time: 0.00
max time: 0.00

min dxrd:   0.00%
avg dxrd:  11.90%
max dxrd:  33.33%
