MODEL:
IF Sex == female, Category == 1st_class, Age != adult THEN Survived == 1
IF Sex == female, Category != 3rd_class, Age != adult THEN Survived == 1
IF Sex == female, Category != 3rd_class, Category != 2nd_class, Category != crew THEN Survived == 1
IF Category != 3rd_class, Age != adult THEN Survived == 1
IF Category == crew, Sex != male THEN Survived == 1
IF Sex != female, Category == 2nd_class THEN Survived == 0
IF Category == 2nd_class THEN Survived == 1
IF Sex != female, Category == 3rd_class, Age != child THEN Survived == 0
IF Category == crew THEN Survived == 0
IF Category == 1st_class THEN Survived == 0
IF Sex != female THEN Survived == 0
IF Age != adult THEN Survived == 0
IF Category == 3rd_class THEN Survived == 0
IF TRUE THEN Survived == 0

ENCODINDS:
# of classes: 2
min # of vars: 13
avg # of vars: 13.00
max # of vars: 13
min # of clauses: 39
avg # of clauses: 40.00
max # of clauses: 41

EXPLANATIONS:
  inst: "IF Category == 3rd_class AND Age == adult AND Sex == male THEN Survived == 0"
  dexp: "IF Category == 3rd_class AND Age == adult AND Sex == male THEN Survived == 0"
  expl: "IF Category == 3rd_class THEN Survived == 0"
  # hypos left: 1
  time: 0.00

  inst: "IF Category == crew AND Age == adult AND Sex == male THEN Survived == 0"
  dexp: "IF Category == crew AND Age == adult AND Sex == male THEN Survived == 0"
  expl: "IF Sex == male AND Age == adult THEN Survived == 0"
  # hypos left: 2
  time: 0.00

  inst: "IF Category == 3rd_class AND Age == adult AND Sex == female THEN Survived == 0"
  dexp: "IF Category == 3rd_class AND Sex == female AND Age == adult THEN Survived == 0"
  expl: "IF Category == 3rd_class THEN Survived == 0"
  # hypos left: 1
  time: 0.00

  inst: "IF Category == 2nd_class AND Age == adult AND Sex == male THEN Survived == 0"
  dexp: "IF Category == 2nd_class AND Age == adult AND Sex == male THEN Survived == 0"
  expl: "IF Sex == male AND Age == adult THEN Survived == 0"
  # hypos left: 2
  time: 0.00

  inst: "IF Category == 3rd_class AND Age == child AND Sex == male THEN Survived == 0"
  dexp: "IF Category == 3rd_class AND Age == child AND Sex == male THEN Survived == 0"
  expl: "IF Category == 3rd_class THEN Survived == 0"
  # hypos left: 1
  time: 0.00

  inst: "IF Category == 3rd_class AND Age == child AND Sex == female THEN Survived == 0"
  dexp: "IF Category == 3rd_class AND Age == child AND Sex == female THEN Survived == 0"
  expl: "IF Category == 3rd_class THEN Survived == 0"
  # hypos left: 1
  time: 0.00

  inst: "IF Category == 1st_class AND Age == adult AND Sex == female THEN Survived == 1"
  dexp: "IF Age == adult AND Category == 1st_class AND Sex == female THEN Survived == 1"
  expl: "IF Sex == female AND Category == 1st_class THEN Survived == 1"
  # hypos left: 2
  time: 0.00

  inst: "IF Category == 2nd_class AND Age == adult AND Sex == female THEN Survived == 1"
  dexp: "IF Category == 2nd_class AND Age == adult AND Sex == female THEN Survived == 1"
  expl: "IF Sex == female AND Category == 2nd_class THEN Survived == 1"
  # hypos left: 2
  time: 0.00

  inst: "IF Category == 1st_class AND Age == adult AND Sex == male THEN Survived == 0"
  dexp: "IF Age == adult AND Sex == male AND Category == 1st_class THEN Survived == 0"
  expl: "IF Sex == male AND Age == adult THEN Survived == 0"
  # hypos left: 2
  time: 0.00

  inst: "IF Category == 2nd_class AND Age == child AND Sex == male THEN Survived == 1"
  dexp: "IF Category == 2nd_class AND Sex == male AND Age == child THEN Survived == 1"
  expl: "IF Age == child AND Category == 2nd_class THEN Survived == 1"
  # hypos left: 2
  time: 0.00

  inst: "IF Category == crew AND Age == adult AND Sex == female THEN Survived == 1"
  dexp: "IF Category == crew AND Age == adult AND Sex == female THEN Survived == 1"
  expl: "IF Sex == female AND Category == crew THEN Survived == 1"
  # hypos left: 2
  time: 0.00

  inst: "IF Category == 1st_class AND Age == child AND Sex == male THEN Survived == 1"
  dexp: "IF Sex == male AND Category == 1st_class AND Age == child THEN Survived == 1"
  expl: "IF Age == child AND Category == 1st_class THEN Survived == 1"
  # hypos left: 2
  time: 0.00

  inst: "IF Category == 2nd_class AND Age == child AND Sex == female THEN Survived == 1"
  dexp: "IF Category == 2nd_class AND Age == child AND Sex == female THEN Survived == 1"
  expl: "IF Age == child AND Category == 2nd_class THEN Survived == 1"
  # hypos left: 2
  time: 0.00

  inst: "IF Category == 1st_class AND Age == child AND Sex == female THEN Survived == 1"
  dexp: "IF Category == 1st_class AND Age == child AND Sex == female THEN Survived == 1"
  expl: "IF Age == child AND Category == 1st_class THEN Survived == 1"
  # hypos left: 2
  time: 0.00

# of insts: 14
tot # of expls: 14
min # of expls: 1
avg # of expls: 1.00
max # of expls: 1

Min expl sz: 1
min expl sz: 1.71
avg expl sz: 1.71
max expl sz: 1.71
Max expl sz: 2

tot time: 0.00
min time: 0.00
avg time: 0.00
max time: 0.00

min dxrd:  33.33%
avg dxrd:  42.86%
max dxrd:  66.67%
