MODEL:
IF AGE == 7.0 THEN target == 2
IF AGE == 20.0 THEN target == 2
IF AGE == 22.0 THEN target == 2
IF AGE == 23.0 THEN target == 2
IF AGE == 24.0 THEN target == 2
IF AGE == 25.0 THEN target == 2
IF AGE == 26.0 THEN target == 2
IF AGE == 27.0 THEN target == 2
IF AGE == 28.0 THEN target == 2
IF AGE == 30.0 THEN target == 2
IF AGE == 31.0 THEN target == 1
IF AGE == 32.0 THEN target == 2
IF AGE == 33.0 THEN target == 2
IF AGE == 36.0 THEN target == 2
IF AGE == 40.0 THEN target == 2
IF AGE == 41.0 THEN target == 2
IF AGE == 43.0 THEN target == 1
IF AGE == 46.0 THEN target == 1
IF AGE == 52.0 THEN target == 2
IF AGE == 53.0 THEN target == 2
IF AGE == 57.0 THEN target == 1
IF AGE == 59.0 THEN target == 1
IF AGE == 62.0 THEN target == 2
IF AGE == 64.0 THEN target == 2
IF AGE == 65.0 THEN target == 2
IF AGE == 69.0 THEN target == 2
IF AGE == 70.0 THEN target == 1
IF AGE == 72.0 THEN target == 2
IF AGE == 78.0 THEN target == 2
IF SEX != 1 THEN target == 2
IF AGE == 58.0 THEN target == 1
IF FATIGUE == 2 THEN target == 2
IF SPLEEN PALPABLE == 2 THEN target == 2
IF LIVER BIG == 2 THEN target == 1
IF AGE == 35.0 THEN target == 2
IF AGE == 54.0 THEN target == 2
IF AGE == 61.0 THEN target == 2
IF BILIRUBIN == 1 THEN target == 1
IF BILIRUBIN == 2 THEN target == 1
IF BILIRUBIN == 4 THEN target == 2
IF AGE == 56.0 THEN target == 1
IF BILIRUBIN == 5 THEN target == 2
IF BILIRUBIN == 10 THEN target == 2
IF BILIRUBIN == 11 THEN target == 1
IF AGE == 49.0 THEN target == 2
IF BILIRUBIN == 12 THEN target == 2
IF BILIRUBIN == 13 THEN target == 2
IF BILIRUBIN == 14 THEN target == 1
IF BILIRUBIN == 16 THEN target == 1
IF AGE == 45.0 THEN target == 2
IF BILIRUBIN == 9 THEN target == 1
IF AGE == 38.0 THEN target == 2
IF ASCITES == 0 THEN target == 1
IF AGE == 48.0 THEN target == 2
IF AGE == 50.0 THEN target == 2
IF BILIRUBIN == 7 THEN target == 2
IF AGE == 39.0 THEN target == 1
IF ANTIVIRALS == 1 THEN target == 2
IF AGE == 47.0 THEN target == 1
IF FATIGUE != 0 THEN target == 2
IF AGE == 34.0 THEN target == 1
IF AGE == 37.0 THEN target == 1
IF AGE == 42.0 THEN target == 1
IF STEROID != 0 THEN target == 2
IF MALAISE != 0 THEN target == 1
IF AGE != 44.0 THEN target == 2
IF LIVER BIG == 0 THEN target == 2
IF AGE == 44.0 THEN target == 1
IF TRUE THEN target == 2

ENCODINDS:
# of classes: 2
min # of vars: 360
avg # of vars: 360.00
max # of vars: 360
min # of clauses: 10321
avg # of clauses: 10332.50
max # of clauses: 10344

EXPLANATIONS:
  inst: "IF AGE == 36.0 AND SEX == 1 AND STEROID == 1 AND ANTIVIRALS == 2 AND FATIGUE == 1 AND MALAISE == 1 AND ANOREXIA == 1 AND LIVER BIG == 1 AND LIVER FIRM == 1 AND SPLEEN PALPABLE == 1 AND SPIDERS == 1 AND ASCITES == 1 AND VARICES == 1 AND BILIRUBIN == 3 AND ALK PHOSPHATE == 10 AND SGOT == 44 AND ALBUMIN == 16 AND PROTIME == 44 AND HISTOLOGY == 2 THEN target == 2"
  dexp: "IF AGE == 36.0 THEN target == 2"
  expl: "IF AGE == 36.0 THEN target == 2"
  # hypos left: 1
  time: 0.00

  inst: "IF AGE == 45.0 AND SEX == 1 AND STEROID == 1 AND ANTIVIRALS == 1 AND FATIGUE == 1 AND MALAISE == 1 AND ANOREXIA == 1 AND LIVER BIG == 1 AND LIVER FIRM == 1 AND SPLEEN PALPABLE == 1 AND SPIDERS == 1 AND ASCITES == 1 AND VARICES == 1 AND BILIRUBIN == 10 AND ALK PHOSPHATE == 76 AND SGOT == 55 AND ALBUMIN == 18 AND PROTIME == 42 AND HISTOLOGY == 2 THEN target == 2"
  dexp: "IF AGE == 45.0 AND SEX == 1 AND FATIGUE == 1 AND SPLEEN PALPABLE == 1 AND LIVER BIG == 1 AND BILIRUBIN == 10 THEN target == 2"
  expl: "IF BILIRUBIN == 10 AND LIVER BIG == 1 AND AGE == 45.0 THEN target == 2"
  # hypos left: 3
  time: 0.00

  inst: "IF AGE == 47.0 AND SEX == 1 AND STEROID == 0 AND ANTIVIRALS == 1 AND FATIGUE == 1 AND MALAISE == 1 AND ANOREXIA == 1 AND LIVER BIG == 1 AND LIVER FIRM == 1 AND SPLEEN PALPABLE == 1 AND SPIDERS == 1 AND ASCITES == 1 AND VARICES == 1 AND BILIRUBIN == 34 AND ALK PHOSPHATE == 83 AND SGOT == 67 AND ALBUMIN == 29 AND PROTIME == 44 AND HISTOLOGY == 1 THEN target == 2"
  dexp: "IF AGE == 47.0 AND SEX == 1 AND FATIGUE == 1 AND SPLEEN PALPABLE == 1 AND LIVER BIG == 1 AND BILIRUBIN == 34 AND ASCITES == 1 AND ANTIVIRALS == 1 THEN target == 2"
  expl: "IF ANTIVIRALS == 1 AND ASCITES == 1 AND BILIRUBIN == 34 AND LIVER BIG == 1 AND AGE == 47.0 THEN target == 2"
  # hypos left: 5
  time: 0.00

  inst: "IF AGE == 36.0 AND SEX == 1 AND STEROID == 0 AND ANTIVIRALS == 2 AND FATIGUE == 1 AND MALAISE == 1 AND ANOREXIA == 1 AND LIVER BIG == 1 AND LIVER FIRM == 1 AND SPLEEN PALPABLE == 0 AND SPIDERS == 1 AND ASCITES == 1 AND VARICES == 1 AND BILIRUBIN == 5 AND ALK PHOSPHATE == 76 AND SGOT == 55 AND ALBUMIN == 18 AND PROTIME == 42 AND HISTOLOGY == 1 THEN target == 2"
  dexp: "IF AGE == 36.0 THEN target == 2"
  expl: "IF AGE == 36.0 THEN target == 2"
  # hypos left: 1
  time: 0.00

  inst: "IF AGE == 50.0 AND SEX == 1 AND STEROID == 1 AND ANTIVIRALS == 2 AND FATIGUE == 1 AND MALAISE == 1 AND ANOREXIA == 1 AND LIVER BIG == 1 AND LIVER FIRM == 1 AND SPLEEN PALPABLE == 1 AND SPIDERS == 1 AND ASCITES == 1 AND VARICES == 1 AND BILIRUBIN == 7 AND ALK PHOSPHATE == 19 AND SGOT == 78 AND ALBUMIN == 15 AND PROTIME == 27 AND HISTOLOGY == 2 THEN target == 2"
  dexp: "IF AGE == 50.0 AND SEX == 1 AND FATIGUE == 1 AND SPLEEN PALPABLE == 1 AND LIVER BIG == 1 AND BILIRUBIN == 7 AND ASCITES == 1 THEN target == 2"
  expl: "IF ASCITES == 1 AND BILIRUBIN == 7 AND LIVER BIG == 1 AND AGE == 50.0 THEN target == 2"
  # hypos left: 4
  time: 0.00

  inst: "IF AGE == 31.0 AND SEX == 1 AND STEROID == 0 AND ANTIVIRALS == 2 AND FATIGUE == 0 AND MALAISE == 1 AND ANOREXIA == 1 AND LIVER BIG == 1 AND LIVER FIRM == 1 AND SPLEEN PALPABLE == 1 AND SPIDERS == 1 AND ASCITES == 1 AND VARICES == 1 AND BILIRUBIN == 9 AND ALK PHOSPHATE == 69 AND SGOT == 23 AND ALBUMIN == 18 AND PROTIME == 22 AND HISTOLOGY == 2 THEN target == 1"
  dexp: "IF AGE == 31.0 THEN target == 1"
  expl: "IF AGE == 31.0 THEN target == 1"
  # hypos left: 1
  time: 0.00

  inst: "IF AGE == 37.0 AND SEX == 1 AND STEROID == 0 AND ANTIVIRALS == 2 AND FATIGUE == 1 AND MALAISE == 1 AND ANOREXIA == 1 AND LIVER BIG == 1 AND LIVER FIRM == 0 AND SPLEEN PALPABLE == 1 AND SPIDERS == 0 AND ASCITES == 1 AND VARICES == 1 AND BILIRUBIN == 3 AND ALK PHOSPHATE == 72 AND SGOT == 77 AND ALBUMIN == 14 AND PROTIME == 44 AND HISTOLOGY == 1 THEN target == 2"
  dexp: "IF AGE == 37.0 AND SEX == 1 AND FATIGUE == 1 AND SPLEEN PALPABLE == 1 AND LIVER BIG == 1 AND BILIRUBIN == 3 AND ASCITES == 1 AND ANTIVIRALS == 2 THEN target == 2"
  expl: "IF ASCITES == 1 AND BILIRUBIN == 3 AND LIVER BIG == 1 AND FATIGUE == 1 AND AGE == 37.0 THEN target == 2"
  # hypos left: 5
  time: 0.00

  inst: "IF AGE == 54.0 AND SEX == 1 AND STEROID == 0 AND ANTIVIRALS == 1 AND FATIGUE == 1 AND MALAISE == 1 AND ANOREXIA == 1 AND LIVER BIG == 0 AND LIVER FIRM == 0 AND SPLEEN PALPABLE == 1 AND SPIDERS == 1 AND ASCITES == 1 AND VARICES == 1 AND BILIRUBIN == 7 AND ALK PHOSPHATE == 23 AND SGOT == 31 AND ALBUMIN == 12 AND PROTIME == 31 AND HISTOLOGY == 2 THEN target == 2"
  dexp: "IF AGE == 54.0 AND SEX == 1 AND FATIGUE == 1 AND SPLEEN PALPABLE == 1 AND LIVER BIG == 0 THEN target == 2"
  expl: "IF LIVER BIG == 0 AND AGE == 54.0 THEN target == 2"
  # hypos left: 2
  time: 0.00

  inst: "IF AGE == 30.0 AND SEX == 1 AND STEROID == 1 AND ANTIVIRALS == 2 AND FATIGUE == 0 AND MALAISE == 0 AND ANOREXIA == 0 AND LIVER BIG == 1 AND LIVER FIRM == 0 AND SPLEEN PALPABLE == 1 AND SPIDERS == 0 AND ASCITES == 0 AND VARICES == 0 AND BILIRUBIN == 21 AND ALK PHOSPHATE == 27 AND SGOT == 69 AND ALBUMIN == 5 AND PROTIME == 44 AND HISTOLOGY == 2 THEN target == 2"
  dexp: "IF AGE == 30.0 THEN target == 2"
  expl: "IF AGE == 30.0 THEN target == 2"
  # hypos left: 1
  time: 0.00

  inst: "IF AGE == 52.0 AND SEX == 1 AND STEROID == 0 AND ANTIVIRALS == 2 AND FATIGUE == 0 AND MALAISE == 1 AND ANOREXIA == 1 AND LIVER BIG == 1 AND LIVER FIRM == 1 AND SPLEEN PALPABLE == 1 AND SPIDERS == 1 AND ASCITES == 1 AND VARICES == 1 AND BILIRUBIN == 7 AND ALK PHOSPHATE == 76 AND SGOT == 44 AND ALBUMIN == 16 AND PROTIME == 44 AND HISTOLOGY == 2 THEN target == 2"
  dexp: "IF AGE == 52.0 THEN target == 2"
  expl: "IF AGE == 52.0 THEN target == 2"
  # hypos left: 1
  time: 0.00

  inst: "IF AGE == 42.0 AND SEX == 1 AND STEROID == 0 AND ANTIVIRALS == 2 AND FATIGUE == 0 AND MALAISE == 0 AND ANOREXIA == 0 AND LIVER BIG == 1 AND LIVER FIRM == 1 AND SPLEEN PALPABLE == 0 AND SPIDERS == 0 AND ASCITES == 1 AND VARICES == 0 AND BILIRUBIN == 30 AND ALK PHOSPHATE == 83 AND SGOT == 64 AND ALBUMIN == 9 AND PROTIME == 44 AND HISTOLOGY == 2 THEN target == 1"
  dexp: "IF AGE == 42.0 AND SEX == 1 AND FATIGUE == 0 AND SPLEEN PALPABLE == 0 AND LIVER BIG == 1 AND BILIRUBIN == 30 AND ASCITES == 1 AND ANTIVIRALS == 2 THEN target == 1"
  expl: "IF ANTIVIRALS == 2 AND BILIRUBIN == 30 AND SPLEEN PALPABLE == 0 AND FATIGUE == 0 AND SEX == 1 AND AGE == 42.0 THEN target == 1"
  # hypos left: 6
  time: 0.00

  inst: "IF AGE == 34.0 AND SEX == 1 AND STEROID == 0 AND ANTIVIRALS == 2 AND FATIGUE == 0 AND MALAISE == 1 AND ANOREXIA == 1 AND LIVER BIG == 0 AND LIVER FIRM == 0 AND SPLEEN PALPABLE == 1 AND SPIDERS == 0 AND ASCITES == 1 AND VARICES == 1 AND BILIRUBIN == 7 AND ALK PHOSPHATE == 67 AND SGOT == 57 AND ALBUMIN == 20 AND PROTIME == 24 AND HISTOLOGY == 1 THEN target == 2"
  dexp: "IF AGE == 34.0 AND SEX == 1 AND FATIGUE == 0 AND SPLEEN PALPABLE == 1 AND LIVER BIG == 0 AND BILIRUBIN == 7 AND ASCITES == 1 THEN target == 2"
  expl: "IF ASCITES == 1 AND BILIRUBIN == 7 AND LIVER BIG == 0 AND AGE == 34.0 THEN target == 2"
  # hypos left: 4
  time: 0.00

  inst: "IF AGE == 59.0 AND SEX == 1 AND STEROID == 0 AND ANTIVIRALS == 2 AND FATIGUE == 0 AND MALAISE == 0 AND ANOREXIA == 1 AND LIVER BIG == 1 AND LIVER FIRM == 0 AND SPLEEN PALPABLE == 0 AND SPIDERS == 0 AND ASCITES == 1 AND VARICES == 1 AND BILIRUBIN == 12 AND ALK PHOSPHATE == 3 AND SGOT == 20 AND ALBUMIN == 12 AND PROTIME == 10 AND HISTOLOGY == 2 THEN target == 1"
  dexp: "IF AGE == 59.0 THEN target == 1"
  expl: "IF AGE == 59.0 THEN target == 1"
  # hypos left: 1
  time: 0.00

  inst: "IF AGE == 40.0 AND SEX == 1 AND STEROID == 0 AND ANTIVIRALS == 1 AND FATIGUE == 0 AND MALAISE == 0 AND ANOREXIA == 0 AND LIVER BIG == 0 AND LIVER FIRM == 0 AND SPLEEN PALPABLE == 1 AND SPIDERS == 1 AND ASCITES == 1 AND VARICES == 1 AND BILIRUBIN == 3 AND ALK PHOSPHATE == 46 AND SGOT == 73 AND ALBUMIN == 18 AND PROTIME == 31 AND HISTOLOGY == 2 THEN target == 2"
  dexp: "IF AGE == 40.0 THEN target == 2"
  expl: "IF AGE == 40.0 THEN target == 2"
  # hypos left: 1
  time: 0.00

  inst: "IF AGE == 44.0 AND SEX == 1 AND STEROID == 0 AND ANTIVIRALS == 2 AND FATIGUE == 0 AND MALAISE == 0 AND ANOREXIA == 1 AND LIVER BIG == 1 AND LIVER FIRM == 1 AND SPLEEN PALPABLE == 0 AND SPIDERS == 1 AND ASCITES == 1 AND VARICES == 0 AND BILIRUBIN == 6 AND ALK PHOSPHATE == 17 AND SGOT == 64 AND ALBUMIN == 29 AND PROTIME == 13 AND HISTOLOGY == 2 THEN target == 1"
  dexp: "IF AGE == 44.0 AND SEX == 1 AND FATIGUE == 0 AND SPLEEN PALPABLE == 0 AND LIVER BIG == 1 AND BILIRUBIN == 6 AND ASCITES == 1 AND ANTIVIRALS == 2 AND STEROID == 0 AND MALAISE == 0 THEN target == 1"
  expl: "IF STEROID == 0 AND ANTIVIRALS == 2 AND BILIRUBIN == 6 AND LIVER BIG == 1 AND SPLEEN PALPABLE == 0 AND FATIGUE == 0 AND SEX == 1 AND AGE == 44.0 THEN target == 1"
  # hypos left: 8
  time: 0.00

  inst: "IF AGE == 25.0 AND SEX == 2 AND STEROID == 0 AND ANTIVIRALS == 1 AND FATIGUE == 1 AND MALAISE == 1 AND ANOREXIA == 1 AND LIVER BIG == 1 AND LIVER FIRM == 1 AND SPLEEN PALPABLE == 1 AND SPIDERS == 1 AND ASCITES == 1 AND VARICES == 1 AND BILIRUBIN == 1 AND ALK PHOSPHATE == 48 AND SGOT == 24 AND ALBUMIN == 19 AND PROTIME == 32 AND HISTOLOGY == 1 THEN target == 2"
  dexp: "IF AGE == 25.0 THEN target == 2"
  expl: "IF AGE == 25.0 THEN target == 2"
  # hypos left: 1
  time: 0.00

  inst: "IF AGE == 38.0 AND SEX == 1 AND STEROID == 0 AND ANTIVIRALS == 1 AND FATIGUE == 1 AND MALAISE == 1 AND ANOREXIA == 1 AND LIVER BIG == 0 AND LIVER FIRM == 0 AND SPLEEN PALPABLE == 1 AND SPIDERS == 1 AND ASCITES == 1 AND VARICES == 1 AND BILIRUBIN == 4 AND ALK PHOSPHATE == 65 AND SGOT == 42 AND ALBUMIN == 18 AND PROTIME == 27 AND HISTOLOGY == 1 THEN target == 2"
  dexp: "IF AGE == 38.0 AND SEX == 1 AND FATIGUE == 1 AND SPLEEN PALPABLE == 1 AND LIVER BIG == 0 AND BILIRUBIN == 4 THEN target == 2"
  expl: "IF BILIRUBIN == 4 AND LIVER BIG == 0 AND AGE == 38.0 THEN target == 2"
  # hypos left: 3
  time: 0.00

  inst: "IF AGE == 62.0 AND SEX == 2 AND STEROID == 1 AND ANTIVIRALS == 2 AND FATIGUE == 0 AND MALAISE == 0 AND ANOREXIA == 1 AND LIVER BIG == 1 AND LIVER FIRM == 0 AND SPLEEN PALPABLE == 1 AND SPIDERS == 0 AND ASCITES == 1 AND VARICES == 1 AND BILIRUBIN == 10 AND ALK PHOSPHATE == 20 AND SGOT == 19 AND ALBUMIN == 15 AND PROTIME == 25 AND HISTOLOGY == 1 THEN target == 2"
  dexp: "IF AGE == 62.0 THEN target == 2"
  expl: "IF AGE == 62.0 THEN target == 2"
  # hypos left: 1
  time: 0.00

  inst: "IF AGE == 61.0 AND SEX == 1 AND STEROID == 0 AND ANTIVIRALS == 2 AND FATIGUE == 0 AND MALAISE == 0 AND ANOREXIA == 1 AND LIVER BIG == 0 AND LIVER FIRM == 0 AND SPLEEN PALPABLE == 1 AND SPIDERS == 0 AND ASCITES == 1 AND VARICES == 1 AND BILIRUBIN == 5 AND ALK PHOSPHATE == 69 AND SGOT == 28 AND ALBUMIN == 17 AND PROTIME == 44 AND HISTOLOGY == 2 THEN target == 2"
  dexp: "IF AGE == 61.0 AND SEX == 1 AND FATIGUE == 0 AND SPLEEN PALPABLE == 1 AND LIVER BIG == 0 THEN target == 2"
  expl: "IF LIVER BIG == 0 AND AGE == 61.0 THEN target == 2"
  # hypos left: 2
  time: 0.00

  inst: "IF AGE == 23.0 AND SEX == 1 AND STEROID == 1 AND ANTIVIRALS == 2 AND FATIGUE == 1 AND MALAISE == 1 AND ANOREXIA == 1 AND LIVER BIG == 2 AND LIVER FIRM == 2 AND SPLEEN PALPABLE == 2 AND SPIDERS == 2 AND ASCITES == 2 AND VARICES == 2 AND BILIRUBIN == 30 AND ALK PHOSPHATE == 55 AND SGOT == 21 AND ALBUMIN == 22 AND PROTIME == 44 AND HISTOLOGY == 1 THEN target == 2"
  dexp: "IF AGE == 23.0 THEN target == 2"
  expl: "IF AGE == 23.0 THEN target == 2"
  # hypos left: 1
  time: 0.00

  inst: "IF AGE == 33.0 AND SEX == 1 AND STEROID == 1 AND ANTIVIRALS == 2 AND FATIGUE == 1 AND MALAISE == 1 AND ANOREXIA == 1 AND LIVER BIG == 1 AND LIVER FIRM == 1 AND SPLEEN PALPABLE == 1 AND SPIDERS == 1 AND ASCITES == 1 AND VARICES == 1 AND BILIRUBIN == 7 AND ALK PHOSPHATE == 49 AND SGOT == 81 AND ALBUMIN == 20 AND PROTIME == 26 AND HISTOLOGY == 1 THEN target == 2"
  dexp: "IF AGE == 33.0 THEN target == 2"
  expl: "IF AGE == 33.0 THEN target == 2"
  # hypos left: 1
  time: 0.00

  inst: "IF AGE == 7.0 AND SEX == 1 AND STEROID == 1 AND ANTIVIRALS == 2 AND FATIGUE == 1 AND MALAISE == 1 AND ANOREXIA == 1 AND LIVER BIG == 1 AND LIVER FIRM == 0 AND SPLEEN PALPABLE == 0 AND SPIDERS == 1 AND ASCITES == 1 AND VARICES == 1 AND BILIRUBIN == 4 AND ALK PHOSPHATE == 40 AND SGOT == 38 AND ALBUMIN == 18 AND PROTIME == 44 AND HISTOLOGY == 2 THEN target == 2"
  dexp: "IF AGE == 7.0 THEN target == 2"
  expl: "IF AGE == 7.0 THEN target == 2"
  # hypos left: 1
  time: 0.00

  inst: "IF AGE == 36.0 AND SEX == 1 AND STEROID == 0 AND ANTIVIRALS == 2 AND FATIGUE == 0 AND MALAISE == 0 AND ANOREXIA == 0 AND LIVER BIG == 1 AND LIVER FIRM == 0 AND SPLEEN PALPABLE == 1 AND SPIDERS == 1 AND ASCITES == 1 AND VARICES == 1 AND BILIRUBIN == 7 AND ALK PHOSPHATE == 83 AND SGOT == 56 AND ALBUMIN == 16 AND PROTIME == 24 AND HISTOLOGY == 1 THEN target == 2"
  dexp: "IF AGE == 36.0 THEN target == 2"
  expl: "IF AGE == 36.0 THEN target == 2"
  # hypos left: 1
  time: 0.00

  inst: "IF AGE == 61.0 AND SEX == 1 AND STEROID == 0 AND ANTIVIRALS == 2 AND FATIGUE == 0 AND MALAISE == 0 AND ANOREXIA == 1 AND LIVER BIG == 2 AND LIVER FIRM == 2 AND SPLEEN PALPABLE == 1 AND SPIDERS == 0 AND ASCITES == 1 AND VARICES == 1 AND BILIRUBIN == 34 AND ALK PHOSPHATE == 83 AND SGOT == 84 AND ALBUMIN == 29 AND PROTIME == 44 AND HISTOLOGY == 2 THEN target == 1"
  dexp: "IF AGE == 61.0 AND SEX == 1 AND FATIGUE == 0 AND SPLEEN PALPABLE == 1 AND LIVER BIG == 2 THEN target == 1"
  expl: "IF LIVER BIG == 2 AND SPLEEN PALPABLE == 1 AND FATIGUE == 0 AND SEX == 1 AND AGE == 61.0 THEN target == 1"
  # hypos left: 5
  time: 0.00

  inst: "IF AGE == 28.0 AND SEX == 2 AND STEROID == 1 AND ANTIVIRALS == 2 AND FATIGUE == 0 AND MALAISE == 0 AND ANOREXIA == 1 AND LIVER BIG == 1 AND LIVER FIRM == 0 AND SPLEEN PALPABLE == 1 AND SPIDERS == 1 AND ASCITES == 1 AND VARICES == 1 AND BILIRUBIN == 15 AND ALK PHOSPHATE == 35 AND SGOT == 53 AND ALBUMIN == 9 AND PROTIME == 16 AND HISTOLOGY == 1 THEN target == 2"
  dexp: "IF AGE == 28.0 THEN target == 2"
  expl: "IF AGE == 28.0 THEN target == 2"
  # hypos left: 1
  time: 0.00

  inst: "IF AGE == 37.0 AND SEX == 1 AND STEROID == 0 AND ANTIVIRALS == 2 AND FATIGUE == 0 AND MALAISE == 0 AND ANOREXIA == 0 AND LIVER BIG == 1 AND LIVER FIRM == 1 AND SPLEEN PALPABLE == 1 AND SPIDERS == 1 AND ASCITES == 1 AND VARICES == 1 AND BILIRUBIN == 5 AND ALK PHOSPHATE == 80 AND SGOT == 66 AND ALBUMIN == 29 AND PROTIME == 44 AND HISTOLOGY == 1 THEN target == 2"
  dexp: "IF AGE == 37.0 AND SEX == 1 AND FATIGUE == 0 AND SPLEEN PALPABLE == 1 AND LIVER BIG == 1 AND BILIRUBIN == 5 THEN target == 2"
  expl: "IF BILIRUBIN == 5 AND LIVER BIG == 1 AND AGE == 37.0 THEN target == 2"
  # hypos left: 3
  time: 0.00

  inst: "IF AGE == 61.0 AND SEX == 1 AND STEROID == 0 AND ANTIVIRALS == 2 AND FATIGUE == 0 AND MALAISE == 1 AND ANOREXIA == 1 AND LIVER BIG == 0 AND LIVER FIRM == 0 AND SPLEEN PALPABLE == 1 AND SPIDERS == 1 AND ASCITES == 1 AND VARICES == 1 AND BILIRUBIN == 10 AND ALK PHOSPHATE == 71 AND SGOT == 38 AND ALBUMIN == 14 AND PROTIME == 1 AND HISTOLOGY == 1 THEN target == 2"
  dexp: "IF AGE == 61.0 AND SEX == 1 AND FATIGUE == 0 AND SPLEEN PALPABLE == 1 AND LIVER BIG == 0 THEN target == 2"
  expl: "IF LIVER BIG == 0 AND AGE == 61.0 THEN target == 2"
  # hypos left: 2
  time: 0.00

  inst: "IF AGE == 33.0 AND SEX == 1 AND STEROID == 1 AND ANTIVIRALS == 2 AND FATIGUE == 1 AND MALAISE == 1 AND ANOREXIA == 1 AND LIVER BIG == 2 AND LIVER FIRM == 2 AND SPLEEN PALPABLE == 1 AND SPIDERS == 1 AND ASCITES == 1 AND VARICES == 1 AND BILIRUBIN == 7 AND ALK PHOSPHATE == 83 AND SGOT == 67 AND ALBUMIN == 16 AND PROTIME == 44 AND HISTOLOGY == 2 THEN target == 2"
  dexp: "IF AGE == 33.0 THEN target == 2"
  expl: "IF AGE == 33.0 THEN target == 2"
  # hypos left: 1
  time: 0.00

  inst: "IF AGE == 23.0 AND SEX == 1 AND STEROID == 1 AND ANTIVIRALS == 2 AND FATIGUE == 0 AND MALAISE == 0 AND ANOREXIA == 0 AND LIVER BIG == 1 AND LIVER FIRM == 1 AND SPLEEN PALPABLE == 0 AND SPIDERS == 1 AND ASCITES == 1 AND VARICES == 1 AND BILIRUBIN == 10 AND ALK PHOSPHATE == 36 AND SGOT == 16 AND ALBUMIN == 17 AND PROTIME == 43 AND HISTOLOGY == 1 THEN target == 2"
  dexp: "IF AGE == 23.0 THEN target == 2"
  expl: "IF AGE == 23.0 THEN target == 2"
  # hypos left: 1
  time: 0.00

  inst: "IF AGE == 38.0 AND SEX == 1 AND STEROID == 1 AND ANTIVIRALS == 2 AND FATIGUE == 1 AND MALAISE == 1 AND ANOREXIA == 1 AND LIVER BIG == 1 AND LIVER FIRM == 0 AND SPLEEN PALPABLE == 1 AND SPIDERS == 0 AND ASCITES == 1 AND VARICES == 0 AND BILIRUBIN == 13 AND ALK PHOSPHATE == 15 AND SGOT == 11 AND ALBUMIN == 11 AND PROTIME == 23 AND HISTOLOGY == 2 THEN target == 2"
  dexp: "IF AGE == 38.0 AND SEX == 1 AND FATIGUE == 1 AND SPLEEN PALPABLE == 1 AND LIVER BIG == 1 AND BILIRUBIN == 13 THEN target == 2"
  expl: "IF BILIRUBIN == 13 AND LIVER BIG == 1 AND AGE == 38.0 THEN target == 2"
  # hypos left: 3
  time: 0.00

  inst: "IF AGE == 44.0 AND SEX == 1 AND STEROID == 0 AND ANTIVIRALS == 2 AND FATIGUE == 0 AND MALAISE == 0 AND ANOREXIA == 1 AND LIVER BIG == 1 AND LIVER FIRM == 1 AND SPLEEN PALPABLE == 1 AND SPIDERS == 1 AND ASCITES == 1 AND VARICES == 1 AND BILIRUBIN == 13 AND ALK PHOSPHATE == 64 AND SGOT == 72 AND ALBUMIN == 13 AND PROTIME == 44 AND HISTOLOGY == 1 THEN target == 2"
  dexp: "IF AGE == 44.0 AND SEX == 1 AND FATIGUE == 0 AND SPLEEN PALPABLE == 1 AND LIVER BIG == 1 AND BILIRUBIN == 13 THEN target == 2"
  expl: "IF BILIRUBIN == 13 AND LIVER BIG == 1 AND AGE == 44.0 THEN target == 2"
  # hypos left: 3
  time: 0.00

  inst: "IF AGE == 23.0 AND SEX == 1 AND STEROID == 1 AND ANTIVIRALS == 2 AND FATIGUE == 0 AND MALAISE == 0 AND ANOREXIA == 0 AND LIVER BIG == 1 AND LIVER FIRM == 1 AND SPLEEN PALPABLE == 1 AND SPIDERS == 1 AND ASCITES == 1 AND VARICES == 1 AND BILIRUBIN == 5 AND ALK PHOSPHATE == 83 AND SGOT == 10 AND ALBUMIN == 24 AND PROTIME == 44 AND HISTOLOGY == 1 THEN target == 2"
  dexp: "IF AGE == 23.0 THEN target == 2"
  expl: "IF AGE == 23.0 THEN target == 2"
  # hypos left: 1
  time: 0.00

  inst: "IF AGE == 26.0 AND SEX == 2 AND STEROID == 0 AND ANTIVIRALS == 2 AND FATIGUE == 1 AND MALAISE == 1 AND ANOREXIA == 1 AND LIVER BIG == 1 AND LIVER FIRM == 0 AND SPLEEN PALPABLE == 1 AND SPIDERS == 1 AND ASCITES == 1 AND VARICES == 1 AND BILIRUBIN == 2 AND ALK PHOSPHATE == 17 AND SGOT == 43 AND ALBUMIN == 14 AND PROTIME == 26 AND HISTOLOGY == 1 THEN target == 2"
  dexp: "IF AGE == 26.0 THEN target == 2"
  expl: "IF AGE == 26.0 THEN target == 2"
  # hypos left: 1
  time: 0.00

  inst: "IF AGE == 28.0 AND SEX == 1 AND STEROID == 1 AND ANTIVIRALS == 2 AND FATIGUE == 1 AND MALAISE == 1 AND ANOREXIA == 1 AND LIVER BIG == 1 AND LIVER FIRM == 1 AND SPLEEN PALPABLE == 1 AND SPIDERS == 1 AND ASCITES == 1 AND VARICES == 1 AND BILIRUBIN == 4 AND ALK PHOSPHATE == 76 AND SGOT == 45 AND ALBUMIN == 25 AND PROTIME == 44 AND HISTOLOGY == 1 THEN target == 2"
  dexp: "IF AGE == 28.0 THEN target == 2"
  expl: "IF AGE == 28.0 THEN target == 2"
  # hypos left: 1
  time: 0.00

  inst: "IF AGE == 30.0 AND SEX == 2 AND STEROID == 0 AND ANTIVIRALS == 2 AND FATIGUE == 1 AND MALAISE == 1 AND ANOREXIA == 1 AND LIVER BIG == 0 AND LIVER FIRM == 1 AND SPLEEN PALPABLE == 1 AND SPIDERS == 1 AND ASCITES == 1 AND VARICES == 1 AND BILIRUBIN == 7 AND ALK PHOSPHATE == 76 AND SGOT == 24 AND ALBUMIN == 16 AND PROTIME == 44 AND HISTOLOGY == 1 THEN target == 2"
  dexp: "IF AGE == 30.0 THEN target == 2"
  expl: "IF AGE == 30.0 THEN target == 2"
  # hypos left: 1
  time: 0.00

  inst: "IF AGE == 37.0 AND SEX == 1 AND STEROID == 1 AND ANTIVIRALS == 2 AND FATIGUE == 1 AND MALAISE == 1 AND ANOREXIA == 1 AND LIVER BIG == 1 AND LIVER FIRM == 1 AND SPLEEN PALPABLE == 1 AND SPIDERS == 1 AND ASCITES == 1 AND VARICES == 1 AND BILIRUBIN == 4 AND ALK PHOSPHATE == 41 AND SGOT == 65 AND ALBUMIN == 21 AND PROTIME == 1 AND HISTOLOGY == 1 THEN target == 2"
  dexp: "IF AGE == 37.0 AND SEX == 1 AND FATIGUE == 1 AND SPLEEN PALPABLE == 1 AND LIVER BIG == 1 AND BILIRUBIN == 4 THEN target == 2"
  expl: "IF BILIRUBIN == 4 AND LIVER BIG == 1 AND AGE == 37.0 THEN target == 2"
  # hypos left: 3
  time: 0.00

  inst: "IF AGE == 40.0 AND SEX == 1 AND STEROID == 1 AND ANTIVIRALS == 1 AND FATIGUE == 0 AND MALAISE == 1 AND ANOREXIA == 1 AND LIVER BIG == 1 AND LIVER FIRM == 0 AND SPLEEN PALPABLE == 0 AND SPIDERS == 1 AND ASCITES == 1 AND VARICES == 1 AND BILIRUBIN == 9 AND ALK PHOSPHATE == 76 AND SGOT == 45 AND ALBUMIN == 16 AND PROTIME == 1 AND HISTOLOGY == 1 THEN target == 2"
  dexp: "IF AGE == 40.0 THEN target == 2"
  expl: "IF AGE == 40.0 THEN target == 2"
  # hypos left: 1
  time: 0.00

  inst: "IF AGE == 45.0 AND SEX == 1 AND STEROID == 1 AND ANTIVIRALS == 2 AND FATIGUE == 0 AND MALAISE == 0 AND ANOREXIA == 0 AND LIVER BIG == 1 AND LIVER FIRM == 1 AND SPLEEN PALPABLE == 1 AND SPIDERS == 0 AND ASCITES == 0 AND VARICES == 1 AND BILIRUBIN == 16 AND ALK PHOSPHATE == 83 AND SGOT == 3 AND ALBUMIN == 2 AND PROTIME == 44 AND HISTOLOGY == 2 THEN target == 1"
  dexp: "IF AGE == 45.0 AND SEX == 1 AND FATIGUE == 0 AND SPLEEN PALPABLE == 1 AND LIVER BIG == 1 AND BILIRUBIN == 16 THEN target == 1"
  expl: "IF BILIRUBIN == 16 AND SPLEEN PALPABLE == 1 AND FATIGUE == 0 AND SEX == 1 AND AGE == 45.0 THEN target == 1"
  # hypos left: 5
  time: 0.00

  inst: "IF AGE == 57.0 AND SEX == 1 AND STEROID == 1 AND ANTIVIRALS == 2 AND FATIGUE == 0 AND MALAISE == 0 AND ANOREXIA == 0 AND LIVER BIG == 1 AND LIVER FIRM == 1 AND SPLEEN PALPABLE == 1 AND SPIDERS == 0 AND ASCITES == 0 AND VARICES == 1 AND BILIRUBIN == 28 AND ALK PHOSPHATE == 83 AND SGOT == 58 AND ALBUMIN == 3 AND PROTIME == 34 AND HISTOLOGY == 1 THEN target == 1"
  dexp: "IF AGE == 57.0 THEN target == 1"
  expl: "IF AGE == 57.0 THEN target == 1"
  # hypos left: 1
  time: 0.00

  inst: "IF AGE == 47.0 AND SEX == 1 AND STEROID == 1 AND ANTIVIRALS == 2 AND FATIGUE == 0 AND MALAISE == 0 AND ANOREXIA == 1 AND LIVER BIG == 1 AND LIVER FIRM == 0 AND SPLEEN PALPABLE == 1 AND SPIDERS == 0 AND ASCITES == 0 AND VARICES == 0 AND BILIRUBIN == 7 AND ALK PHOSPHATE == 28 AND SGOT == 44 AND ALBUMIN == 3 AND PROTIME == 6 AND HISTOLOGY == 2 THEN target == 1"
  dexp: "IF AGE == 47.0 AND SEX == 1 AND FATIGUE == 0 AND SPLEEN PALPABLE == 1 AND LIVER BIG == 1 AND BILIRUBIN == 7 AND ASCITES == 0 THEN target == 1"
  expl: "IF ASCITES == 0 AND BILIRUBIN == 7 AND SPLEEN PALPABLE == 1 AND FATIGUE == 0 AND SEX == 1 AND AGE == 47.0 THEN target == 1"
  # hypos left: 6
  time: 0.00

  inst: "IF AGE == 56.0 AND SEX == 1 AND STEROID == 0 AND ANTIVIRALS == 2 AND FATIGUE == 0 AND MALAISE == 0 AND ANOREXIA == 0 AND LIVER BIG == 0 AND LIVER FIRM == 0 AND SPLEEN PALPABLE == 1 AND SPIDERS == 0 AND ASCITES == 1 AND VARICES == 1 AND BILIRUBIN == 23 AND ALK PHOSPHATE == 79 AND SGOT == 18 AND ALBUMIN == 16 AND PROTIME == 44 AND HISTOLOGY == 2 THEN target == 1"
  dexp: "IF AGE == 56.0 AND SEX == 1 AND FATIGUE == 0 AND SPLEEN PALPABLE == 1 AND LIVER BIG == 0 AND BILIRUBIN == 23 THEN target == 1"
  expl: "IF BILIRUBIN == 23 AND SPLEEN PALPABLE == 1 AND FATIGUE == 0 AND SEX == 1 AND AGE == 56.0 THEN target == 1"
  # hypos left: 5
  time: 0.00

  inst: "IF AGE == 27.0 AND SEX == 1 AND STEROID == 0 AND ANTIVIRALS == 2 AND FATIGUE == 0 AND MALAISE == 0 AND ANOREXIA == 1 AND LIVER BIG == 1 AND LIVER FIRM == 1 AND SPLEEN PALPABLE == 1 AND SPIDERS == 1 AND ASCITES == 1 AND VARICES == 1 AND BILIRUBIN == 5 AND ALK PHOSPHATE == 81 AND SGOT == 57 AND ALBUMIN == 14 AND PROTIME == 1 AND HISTOLOGY == 1 THEN target == 2"
  dexp: "IF AGE == 27.0 THEN target == 2"
  expl: "IF AGE == 27.0 THEN target == 2"
  # hypos left: 1
  time: 0.00

  inst: "IF AGE == 57.0 AND SEX == 1 AND STEROID == 0 AND ANTIVIRALS == 2 AND FATIGUE == 0 AND MALAISE == 0 AND ANOREXIA == 1 AND LIVER BIG == 1 AND LIVER FIRM == 1 AND SPLEEN PALPABLE == 1 AND SPIDERS == 0 AND ASCITES == 0 AND VARICES == 1 AND BILIRUBIN == 30 AND ALK PHOSPHATE == 74 AND SGOT == 64 AND ALBUMIN == 9 AND PROTIME == 5 AND HISTOLOGY == 2 THEN target == 1"
  dexp: "IF AGE == 57.0 THEN target == 1"
  expl: "IF AGE == 57.0 THEN target == 1"
  # hypos left: 1
  time: 0.00

  inst: "IF AGE == 42.0 AND SEX == 1 AND STEROID == 1 AND ANTIVIRALS == 2 AND FATIGUE == 1 AND MALAISE == 1 AND ANOREXIA == 1 AND LIVER BIG == 1 AND LIVER FIRM == 1 AND SPLEEN PALPABLE == 0 AND SPIDERS == 1 AND ASCITES == 1 AND VARICES == 1 AND BILIRUBIN == 12 AND ALK PHOSPHATE == 76 AND SGOT == 51 AND ALBUMIN == 29 AND PROTIME == 44 AND HISTOLOGY == 2 THEN target == 2"
  dexp: "IF AGE == 42.0 AND SEX == 1 AND FATIGUE == 1 AND SPLEEN PALPABLE == 0 AND LIVER BIG == 1 AND BILIRUBIN == 12 THEN target == 2"
  expl: "IF BILIRUBIN == 12 AND LIVER BIG == 1 AND AGE == 42.0 THEN target == 2"
  # hypos left: 3
  time: 0.00

  inst: "IF AGE == 60.0 AND SEX == 1 AND STEROID == 0 AND ANTIVIRALS == 2 AND FATIGUE == 0 AND MALAISE == 1 AND ANOREXIA == 1 AND LIVER BIG == 0 AND LIVER FIRM == 0 AND SPLEEN PALPABLE == 0 AND SPIDERS == 0 AND ASCITES == 1 AND VARICES == 1 AND BILIRUBIN == 34 AND ALK PHOSPHATE == 83 AND SGOT == 51 AND ALBUMIN == 29 AND PROTIME == 44 AND HISTOLOGY == 2 THEN target == 1"
  dexp: "IF AGE == 60.0 AND SEX == 1 AND FATIGUE == 0 AND SPLEEN PALPABLE == 0 AND LIVER BIG == 0 AND BILIRUBIN == 34 AND ASCITES == 1 AND ANTIVIRALS == 2 AND STEROID == 0 AND MALAISE == 1 THEN target == 1"
  expl: "IF MALAISE == 1 AND STEROID == 0 AND ANTIVIRALS == 2 AND BILIRUBIN == 34 AND SPLEEN PALPABLE == 0 AND FATIGUE == 0 AND SEX == 1 AND AGE == 60.0 THEN target == 1"
  # hypos left: 8
  time: 0.00

  inst: "IF AGE == 25.0 AND SEX == 1 AND STEROID == 1 AND ANTIVIRALS == 2 AND FATIGUE == 1 AND MALAISE == 1 AND ANOREXIA == 1 AND LIVER BIG == 1 AND LIVER FIRM == 1 AND SPLEEN PALPABLE == 1 AND SPIDERS == 1 AND ASCITES == 1 AND VARICES == 1 AND BILIRUBIN == 3 AND ALK PHOSPHATE == 83 AND SGOT == 48 AND ALBUMIN == 28 AND PROTIME == 44 AND HISTOLOGY == 2 THEN target == 2"
  dexp: "IF AGE == 25.0 THEN target == 2"
  expl: "IF AGE == 25.0 THEN target == 2"
  # hypos left: 1
  time: 0.00

  inst: "IF AGE == 56.0 AND SEX == 1 AND STEROID == 0 AND ANTIVIRALS == 2 AND FATIGUE == 0 AND MALAISE == 1 AND ANOREXIA == 1 AND LIVER BIG == 1 AND LIVER FIRM == 1 AND SPLEEN PALPABLE == 1 AND SPIDERS == 1 AND ASCITES == 1 AND VARICES == 1 AND BILIRUBIN == 4 AND ALK PHOSPHATE == 66 AND SGOT == 24 AND ALBUMIN == 20 AND PROTIME == 1 AND HISTOLOGY == 1 THEN target == 2"
  dexp: "IF AGE == 56.0 AND SEX == 1 AND FATIGUE == 0 AND SPLEEN PALPABLE == 1 AND LIVER BIG == 1 AND BILIRUBIN == 4 THEN target == 2"
  expl: "IF BILIRUBIN == 4 AND LIVER BIG == 1 AND AGE == 56.0 THEN target == 2"
  # hypos left: 3
  time: 0.00

  inst: "IF AGE == 39.0 AND SEX == 1 AND STEROID == 1 AND ANTIVIRALS == 2 AND FATIGUE == 0 AND MALAISE == 1 AND ANOREXIA == 1 AND LIVER BIG == 1 AND LIVER FIRM == 1 AND SPLEEN PALPABLE == 1 AND SPIDERS == 1 AND ASCITES == 1 AND VARICES == 1 AND BILIRUBIN == 7 AND ALK PHOSPHATE == 45 AND SGOT == 15 AND ALBUMIN == 16 AND PROTIME == 22 AND HISTOLOGY == 1 THEN target == 2"
  dexp: "IF AGE == 39.0 AND SEX == 1 AND FATIGUE == 0 AND SPLEEN PALPABLE == 1 AND LIVER BIG == 1 AND BILIRUBIN == 7 AND ASCITES == 1 THEN target == 2"
  expl: "IF ASCITES == 1 AND BILIRUBIN == 7 AND LIVER BIG == 1 AND AGE == 39.0 THEN target == 2"
  # hypos left: 4
  time: 0.00

  inst: "IF AGE == 49.0 AND SEX == 1 AND STEROID == 0 AND ANTIVIRALS == 2 AND FATIGUE == 0 AND MALAISE == 0 AND ANOREXIA == 1 AND LIVER BIG == 1 AND LIVER FIRM == 1 AND SPLEEN PALPABLE == 0 AND SPIDERS == 0 AND ASCITES == 1 AND VARICES == 1 AND BILIRUBIN == 11 AND ALK PHOSPHATE == 76 AND SGOT == 74 AND ALBUMIN == 11 AND PROTIME == 8 AND HISTOLOGY == 2 THEN target == 1"
  dexp: "IF AGE == 49.0 AND SEX == 1 AND FATIGUE == 0 AND SPLEEN PALPABLE == 0 AND LIVER BIG == 1 AND BILIRUBIN == 11 THEN target == 1"
  expl: "IF BILIRUBIN == 11 AND SPLEEN PALPABLE == 0 AND FATIGUE == 0 AND SEX == 1 AND AGE == 49.0 THEN target == 1"
  # hypos left: 5
  time: 0.00

  inst: "IF AGE == 53.0 AND SEX == 2 AND STEROID == 0 AND ANTIVIRALS == 2 AND FATIGUE == 0 AND MALAISE == 1 AND ANOREXIA == 1 AND LIVER BIG == 1 AND LIVER FIRM == 1 AND SPLEEN PALPABLE == 0 AND SPIDERS == 0 AND ASCITES == 1 AND VARICES == 0 AND BILIRUBIN == 12 AND ALK PHOSPHATE == 73 AND SGOT == 27 AND ALBUMIN == 17 AND PROTIME == 18 AND HISTOLOGY == 2 THEN target == 2"
  dexp: "IF AGE == 53.0 THEN target == 2"
  expl: "IF AGE == 53.0 THEN target == 2"
  # hypos left: 1
  time: 0.00

  inst: "IF AGE == 51.0 AND SEX == 1 AND STEROID == 0 AND ANTIVIRALS == 2 AND FATIGUE == 0 AND MALAISE == 0 AND ANOREXIA == 0 AND LIVER BIG == 1 AND LIVER FIRM == 0 AND SPLEEN PALPABLE == 0 AND SPIDERS == 0 AND ASCITES == 1 AND VARICES == 0 AND BILIRUBIN == 30 AND ALK PHOSPHATE == 37 AND SGOT == 39 AND ALBUMIN == 15 AND PROTIME == 20 AND HISTOLOGY == 2 THEN target == 2"
  dexp: "IF AGE == 51.0 AND SEX == 1 AND FATIGUE == 0 AND SPLEEN PALPABLE == 0 AND LIVER BIG == 1 AND BILIRUBIN == 30 AND ASCITES == 1 AND ANTIVIRALS == 2 AND STEROID == 0 AND MALAISE == 0 THEN target == 2"
  expl: "IF MALAISE == 0 AND ASCITES == 1 AND BILIRUBIN == 30 AND LIVER BIG == 1 AND AGE == 51.0 THEN target == 2"
  # hypos left: 5
  time: 0.00

  inst: "IF AGE == 28.0 AND SEX == 1 AND STEROID == 1 AND ANTIVIRALS == 2 AND FATIGUE == 0 AND MALAISE == 0 AND ANOREXIA == 0 AND LIVER BIG == 2 AND LIVER FIRM == 2 AND SPLEEN PALPABLE == 1 AND SPIDERS == 0 AND ASCITES == 0 AND VARICES == 1 AND BILIRUBIN == 7 AND ALK PHOSPHATE == 83 AND SGOT == 28 AND ALBUMIN == 16 AND PROTIME == 44 AND HISTOLOGY == 2 THEN target == 2"
  dexp: "IF AGE == 28.0 THEN target == 2"
  expl: "IF AGE == 28.0 THEN target == 2"
  # hypos left: 1
  time: 0.00

  inst: "IF AGE == 42.0 AND SEX == 1 AND STEROID == 0 AND ANTIVIRALS == 2 AND FATIGUE == 1 AND MALAISE == 1 AND ANOREXIA == 1 AND LIVER BIG == 1 AND LIVER FIRM == 1 AND SPLEEN PALPABLE == 1 AND SPIDERS == 1 AND ASCITES == 1 AND VARICES == 1 AND BILIRUBIN == 7 AND ALK PHOSPHATE == 76 AND SGOT == 10 AND ALBUMIN == 16 AND PROTIME == 1 AND HISTOLOGY == 1 THEN target == 2"
  dexp: "IF AGE == 42.0 AND SEX == 1 AND FATIGUE == 1 AND SPLEEN PALPABLE == 1 AND LIVER BIG == 1 AND BILIRUBIN == 7 AND ASCITES == 1 THEN target == 2"
  expl: "IF ASCITES == 1 AND BILIRUBIN == 7 AND LIVER BIG == 1 AND AGE == 42.0 THEN target == 2"
  # hypos left: 4
  time: 0.00

  inst: "IF AGE == 34.0 AND SEX == 1 AND STEROID == 0 AND ANTIVIRALS == 2 AND FATIGUE == 0 AND MALAISE == 0 AND ANOREXIA == 1 AND LIVER BIG == 0 AND LIVER FIRM == 0 AND SPLEEN PALPABLE == 1 AND SPIDERS == 0 AND ASCITES == 1 AND VARICES == 1 AND BILIRUBIN == 22 AND ALK PHOSPHATE == 14 AND SGOT == 26 AND ALBUMIN == 29 AND PROTIME == 44 AND HISTOLOGY == 1 THEN target == 1"
  dexp: "IF AGE == 34.0 AND SEX == 1 AND FATIGUE == 0 AND SPLEEN PALPABLE == 1 AND LIVER BIG == 0 AND BILIRUBIN == 22 AND ASCITES == 1 AND ANTIVIRALS == 2 THEN target == 1"
  expl: "IF ANTIVIRALS == 2 AND BILIRUBIN == 22 AND SPLEEN PALPABLE == 1 AND FATIGUE == 0 AND SEX == 1 AND AGE == 34.0 THEN target == 1"
  # hypos left: 6
  time: 0.00

  inst: "IF AGE == 31.0 AND SEX == 1 AND STEROID == 1 AND ANTIVIRALS == 2 AND FATIGUE == 1 AND MALAISE == 1 AND ANOREXIA == 1 AND LIVER BIG == 1 AND LIVER FIRM == 1 AND SPLEEN PALPABLE == 1 AND SPIDERS == 1 AND ASCITES == 1 AND VARICES == 1 AND BILIRUBIN == 7 AND ALK PHOSPHATE == 76 AND SGOT == 28 AND ALBUMIN == 16 AND PROTIME == 1 AND HISTOLOGY == 1 THEN target == 1"
  dexp: "IF AGE == 31.0 THEN target == 1"
  expl: "IF AGE == 31.0 THEN target == 1"
  # hypos left: 1
  time: 0.00

  inst: "IF AGE == 34.0 AND SEX == 1 AND STEROID == 1 AND ANTIVIRALS == 2 AND FATIGUE == 1 AND MALAISE == 1 AND ANOREXIA == 1 AND LIVER BIG == 1 AND LIVER FIRM == 1 AND SPLEEN PALPABLE == 1 AND SPIDERS == 1 AND ASCITES == 1 AND VARICES == 1 AND BILIRUBIN == 6 AND ALK PHOSPHATE == 81 AND SGOT == 42 AND ALBUMIN == 16 AND PROTIME == 36 AND HISTOLOGY == 1 THEN target == 2"
  dexp: "IF AGE == 34.0 AND SEX == 1 AND FATIGUE == 1 AND SPLEEN PALPABLE == 1 AND LIVER BIG == 1 AND BILIRUBIN == 6 AND ASCITES == 1 AND ANTIVIRALS == 2 THEN target == 2"
  expl: "IF ASCITES == 1 AND BILIRUBIN == 6 AND LIVER BIG == 1 AND FATIGUE == 1 AND AGE == 34.0 THEN target == 2"
  # hypos left: 5
  time: 0.00

  inst: "IF AGE == 66.0 AND SEX == 1 AND STEROID == 1 AND ANTIVIRALS == 2 AND FATIGUE == 0 AND MALAISE == 1 AND ANOREXIA == 1 AND LIVER BIG == 1 AND LIVER FIRM == 1 AND SPLEEN PALPABLE == 1 AND SPIDERS == 1 AND ASCITES == 1 AND VARICES == 1 AND BILIRUBIN == 9 AND ALK PHOSPHATE == 1 AND SGOT == 62 AND ALBUMIN == 19 AND PROTIME == 44 AND HISTOLOGY == 1 THEN target == 1"
  dexp: "IF AGE == 66.0 AND SEX == 1 AND FATIGUE == 0 AND SPLEEN PALPABLE == 1 AND LIVER BIG == 1 AND BILIRUBIN == 9 THEN target == 1"
  expl: "IF BILIRUBIN == 9 AND SPLEEN PALPABLE == 1 AND FATIGUE == 0 AND SEX == 1 AND AGE == 66.0 THEN target == 1"
  # hypos left: 5
  time: 0.00

  inst: "IF AGE == 47.0 AND SEX == 1 AND STEROID == 1 AND ANTIVIRALS == 2 AND FATIGUE == 0 AND MALAISE == 0 AND ANOREXIA == 1 AND LIVER BIG == 1 AND LIVER FIRM == 0 AND SPLEEN PALPABLE == 1 AND SPIDERS == 1 AND ASCITES == 0 AND VARICES == 0 AND BILIRUBIN == 14 AND ALK PHOSPHATE == 77 AND SGOT == 28 AND ALBUMIN == 0 AND PROTIME == 16 AND HISTOLOGY == 2 THEN target == 1"
  dexp: "IF AGE == 47.0 AND SEX == 1 AND FATIGUE == 0 AND SPLEEN PALPABLE == 1 AND LIVER BIG == 1 AND BILIRUBIN == 14 THEN target == 1"
  expl: "IF BILIRUBIN == 14 AND SPLEEN PALPABLE == 1 AND FATIGUE == 0 AND SEX == 1 AND AGE == 47.0 THEN target == 1"
  # hypos left: 5
  time: 0.00

  inst: "IF AGE == 35.0 AND SEX == 1 AND STEROID == 0 AND ANTIVIRALS == 2 AND FATIGUE == 0 AND MALAISE == 1 AND ANOREXIA == 1 AND LIVER BIG == 2 AND LIVER FIRM == 2 AND SPLEEN PALPABLE == 0 AND SPIDERS == 0 AND ASCITES == 0 AND VARICES == 1 AND BILIRUBIN == 12 AND ALK PHOSPHATE == 18 AND SGOT == 65 AND ALBUMIN == 3 AND PROTIME == 44 AND HISTOLOGY == 2 THEN target == 1"
  dexp: "IF AGE == 35.0 AND SEX == 1 AND FATIGUE == 0 AND SPLEEN PALPABLE == 0 AND LIVER BIG == 2 THEN target == 1"
  expl: "IF LIVER BIG == 2 AND SPLEEN PALPABLE == 0 AND FATIGUE == 0 AND SEX == 1 AND AGE == 35.0 THEN target == 1"
  # hypos left: 5
  time: 0.00

  inst: "IF AGE == 27.0 AND SEX == 1 AND STEROID == 1 AND ANTIVIRALS == 2 AND FATIGUE == 1 AND MALAISE == 1 AND ANOREXIA == 1 AND LIVER BIG == 1 AND LIVER FIRM == 1 AND SPLEEN PALPABLE == 1 AND SPIDERS == 1 AND ASCITES == 1 AND VARICES == 1 AND BILIRUBIN == 5 AND ALK PHOSPHATE == 83 AND SGOT == 49 AND ALBUMIN == 18 AND PROTIME == 44 AND HISTOLOGY == 1 THEN target == 2"
  dexp: "IF AGE == 27.0 THEN target == 2"
  expl: "IF AGE == 27.0 THEN target == 2"
  # hypos left: 1
  time: 0.00

  inst: "IF AGE == 56.0 AND SEX == 1 AND STEROID == 0 AND ANTIVIRALS == 2 AND FATIGUE == 1 AND MALAISE == 1 AND ANOREXIA == 1 AND LIVER BIG == 1 AND LIVER FIRM == 1 AND SPLEEN PALPABLE == 1 AND SPIDERS == 1 AND ASCITES == 1 AND VARICES == 1 AND BILIRUBIN == 4 AND ALK PHOSPHATE == 60 AND SGOT == 47 AND ALBUMIN == 7 AND PROTIME == 44 AND HISTOLOGY == 1 THEN target == 2"
  dexp: "IF AGE == 56.0 AND SEX == 1 AND FATIGUE == 1 AND SPLEEN PALPABLE == 1 AND LIVER BIG == 1 AND BILIRUBIN == 4 THEN target == 2"
  expl: "IF BILIRUBIN == 4 AND LIVER BIG == 1 AND AGE == 56.0 THEN target == 2"
  # hypos left: 3
  time: 0.00

  inst: "IF AGE == 32.0 AND SEX == 1 AND STEROID == 0 AND ANTIVIRALS == 1 AND FATIGUE == 0 AND MALAISE == 0 AND ANOREXIA == 1 AND LIVER BIG == 1 AND LIVER FIRM == 1 AND SPLEEN PALPABLE == 1 AND SPIDERS == 1 AND ASCITES == 1 AND VARICES == 1 AND BILIRUBIN == 7 AND ALK PHOSPHATE == 54 AND SGOT == 56 AND ALBUMIN == 17 AND PROTIME == 23 AND HISTOLOGY == 1 THEN target == 2"
  dexp: "IF AGE == 32.0 THEN target == 2"
  expl: "IF AGE == 32.0 THEN target == 2"
  # hypos left: 1
  time: 0.00

  inst: "IF AGE == 39.0 AND SEX == 1 AND STEROID == 1 AND ANTIVIRALS == 2 AND FATIGUE == 0 AND MALAISE == 1 AND ANOREXIA == 1 AND LIVER BIG == 1 AND LIVER FIRM == 0 AND SPLEEN PALPABLE == 1 AND SPIDERS == 1 AND ASCITES == 1 AND VARICES == 1 AND BILIRUBIN == 4 AND ALK PHOSPHATE == 83 AND SGOT == 58 AND ALBUMIN == 20 AND PROTIME == 44 AND HISTOLOGY == 1 THEN target == 2"
  dexp: "IF AGE == 39.0 AND SEX == 1 AND FATIGUE == 0 AND SPLEEN PALPABLE == 1 AND LIVER BIG == 1 AND BILIRUBIN == 4 THEN target == 2"
  expl: "IF BILIRUBIN == 4 AND LIVER BIG == 1 AND AGE == 39.0 THEN target == 2"
  # hypos left: 3
  time: 0.00

  inst: "IF AGE == 20.0 AND SEX == 1 AND STEROID == 0 AND ANTIVIRALS == 2 AND FATIGUE == 0 AND MALAISE == 0 AND ANOREXIA == 0 AND LIVER BIG == 1 AND LIVER FIRM == 1 AND SPLEEN PALPABLE == 1 AND SPIDERS == 0 AND ASCITES == 0 AND VARICES == 1 AND BILIRUBIN == 7 AND ALK PHOSPHATE == 25 AND SGOT == 5 AND ALBUMIN == 6 AND PROTIME == 3 AND HISTOLOGY == 2 THEN target == 2"
  dexp: "IF AGE == 20.0 THEN target == 2"
  expl: "IF AGE == 20.0 THEN target == 2"
  # hypos left: 1
  time: 0.00

  inst: "IF AGE == 44.0 AND SEX == 1 AND STEROID == 1 AND ANTIVIRALS == 2 AND FATIGUE == 1 AND MALAISE == 1 AND ANOREXIA == 1 AND LIVER BIG == 1 AND LIVER FIRM == 1 AND SPLEEN PALPABLE == 1 AND SPIDERS == 1 AND ASCITES == 1 AND VARICES == 1 AND BILIRUBIN == 3 AND ALK PHOSPHATE == 5 AND SGOT == 14 AND ALBUMIN == 20 AND PROTIME == 32 AND HISTOLOGY == 1 THEN target == 2"
  dexp: "IF AGE == 44.0 AND SEX == 1 AND FATIGUE == 1 AND SPLEEN PALPABLE == 1 AND LIVER BIG == 1 AND BILIRUBIN == 3 AND ASCITES == 1 AND ANTIVIRALS == 2 THEN target == 2"
  expl: "IF ASCITES == 1 AND BILIRUBIN == 3 AND LIVER BIG == 1 AND FATIGUE == 1 AND AGE == 44.0 THEN target == 2"
  # hypos left: 5
  time: 0.00

  inst: "IF AGE == 67.0 AND SEX == 2 AND STEROID == 0 AND ANTIVIRALS == 2 AND FATIGUE == 0 AND MALAISE == 0 AND ANOREXIA == 1 AND LIVER BIG == 1 AND LIVER FIRM == 1 AND SPLEEN PALPABLE == 2 AND SPIDERS == 2 AND ASCITES == 2 AND VARICES == 2 AND BILIRUBIN == 12 AND ALK PHOSPHATE == 32 AND SGOT == 73 AND ALBUMIN == 6 AND PROTIME == 44 AND HISTOLOGY == 1 THEN target == 2"
  dexp: "IF AGE == 67.0 AND SEX == 2 THEN target == 2"
  expl: "IF SEX == 2 AND AGE == 67.0 THEN target == 2"
  # hypos left: 2
  time: 0.00

  inst: "IF AGE == 39.0 AND SEX == 1 AND STEROID == 0 AND ANTIVIRALS == 2 AND FATIGUE == 1 AND MALAISE == 1 AND ANOREXIA == 1 AND LIVER BIG == 1 AND LIVER FIRM == 1 AND SPLEEN PALPABLE == 1 AND SPIDERS == 1 AND ASCITES == 1 AND VARICES == 1 AND BILIRUBIN == 6 AND ALK PHOSPHATE == 76 AND SGOT == 67 AND ALBUMIN == 16 AND PROTIME == 44 AND HISTOLOGY == 1 THEN target == 1"
  dexp: "IF AGE == 39.0 AND SEX == 1 AND FATIGUE == 1 AND SPLEEN PALPABLE == 1 AND LIVER BIG == 1 AND BILIRUBIN == 6 AND ASCITES == 1 THEN target == 1"
  expl: "IF BILIRUBIN == 6 AND SPLEEN PALPABLE == 1 AND FATIGUE == 1 AND SEX == 1 AND AGE == 39.0 THEN target == 1"
  # hypos left: 5
  time: 0.00

  inst: "IF AGE == 36.0 AND SEX == 1 AND STEROID == 0 AND ANTIVIRALS == 2 AND FATIGUE == 1 AND MALAISE == 1 AND ANOREXIA == 1 AND LIVER BIG == 0 AND LIVER FIRM == 0 AND SPLEEN PALPABLE == 0 AND SPIDERS == 1 AND ASCITES == 1 AND VARICES == 1 AND BILIRUBIN == 4 AND ALK PHOSPHATE == 26 AND SGOT == 55 AND ALBUMIN == 8 AND PROTIME == 13 AND HISTOLOGY == 1 THEN target == 2"
  dexp: "IF AGE == 36.0 THEN target == 2"
  expl: "IF AGE == 36.0 THEN target == 2"
  # hypos left: 1
  time: 0.00

  inst: "IF AGE == 38.0 AND SEX == 1 AND STEROID == 0 AND ANTIVIRALS == 2 AND FATIGUE == 0 AND MALAISE == 0 AND ANOREXIA == 0 AND LIVER BIG == 1 AND LIVER FIRM == 1 AND SPLEEN PALPABLE == 1 AND SPIDERS == 1 AND ASCITES == 0 AND VARICES == 1 AND BILIRUBIN == 17 AND ALK PHOSPHATE == 67 AND SGOT == 80 AND ALBUMIN == 6 AND PROTIME == 16 AND HISTOLOGY == 1 THEN target == 2"
  dexp: "IF AGE == 38.0 AND SEX == 1 AND FATIGUE == 0 AND SPLEEN PALPABLE == 1 AND LIVER BIG == 1 AND BILIRUBIN == 17 THEN target == 2"
  expl: "IF BILIRUBIN == 17 AND LIVER BIG == 1 AND AGE == 38.0 THEN target == 2"
  # hypos left: 3
  time: 0.00

  inst: "IF AGE == 43.0 AND SEX == 1 AND STEROID == 1 AND ANTIVIRALS == 2 AND FATIGUE == 0 AND MALAISE == 1 AND ANOREXIA == 1 AND LIVER BIG == 1 AND LIVER FIRM == 1 AND SPLEEN PALPABLE == 0 AND SPIDERS == 0 AND ASCITES == 0 AND VARICES == 1 AND BILIRUBIN == 9 AND ALK PHOSPHATE == 0 AND SGOT == 27 AND ALBUMIN == 8 AND PROTIME == 14 AND HISTOLOGY == 2 THEN target == 1"
  dexp: "IF AGE == 43.0 THEN target == 1"
  expl: "IF AGE == 43.0 THEN target == 1"
  # hypos left: 1
  time: 0.00

  inst: "IF AGE == 51.0 AND SEX == 1 AND STEROID == 1 AND ANTIVIRALS == 2 AND FATIGUE == 0 AND MALAISE == 0 AND ANOREXIA == 0 AND LIVER BIG == 2 AND LIVER FIRM == 2 AND SPLEEN PALPABLE == 2 AND SPIDERS == 2 AND ASCITES == 2 AND VARICES == 2 AND BILIRUBIN == 6 AND ALK PHOSPHATE == 70 AND SGOT == 40 AND ALBUMIN == 20 AND PROTIME == 44 AND HISTOLOGY == 1 THEN target == 2"
  dexp: "IF AGE == 51.0 AND SEX == 1 AND FATIGUE == 0 AND SPLEEN PALPABLE == 2 THEN target == 2"
  expl: "IF SPLEEN PALPABLE == 2 AND AGE == 51.0 THEN target == 2"
  # hypos left: 2
  time: 0.00

  inst: "IF AGE == 49.0 AND SEX == 1 AND STEROID == 0 AND ANTIVIRALS == 1 AND FATIGUE == 0 AND MALAISE == 0 AND ANOREXIA == 0 AND LIVER BIG == 1 AND LIVER FIRM == 0 AND SPLEEN PALPABLE == 1 AND SPIDERS == 0 AND ASCITES == 1 AND VARICES == 1 AND BILIRUBIN == 3 AND ALK PHOSPHATE == 76 AND SGOT == 58 AND ALBUMIN == 13 AND PROTIME == 44 AND HISTOLOGY == 1 THEN target == 2"
  dexp: "IF AGE == 49.0 AND SEX == 1 AND FATIGUE == 0 AND SPLEEN PALPABLE == 1 AND LIVER BIG == 1 AND BILIRUBIN == 3 THEN target == 2"
  expl: "IF BILIRUBIN == 3 AND LIVER BIG == 1 AND AGE == 49.0 THEN target == 2"
  # hypos left: 3
  time: 0.00

  inst: "IF AGE == 51.0 AND SEX == 1 AND STEROID == 1 AND ANTIVIRALS == 2 AND FATIGUE == 1 AND MALAISE == 1 AND ANOREXIA == 1 AND LIVER BIG == 0 AND LIVER FIRM == 0 AND SPLEEN PALPABLE == 1 AND SPIDERS == 0 AND ASCITES == 1 AND VARICES == 1 AND BILIRUBIN == 5 AND ALK PHOSPHATE == 83 AND SGOT == 47 AND ALBUMIN == 21 AND PROTIME == 44 AND HISTOLOGY == 2 THEN target == 2"
  dexp: "IF AGE == 51.0 AND SEX == 1 AND FATIGUE == 1 AND SPLEEN PALPABLE == 1 AND LIVER BIG == 0 AND BILIRUBIN == 5 THEN target == 2"
  expl: "IF BILIRUBIN == 5 AND LIVER BIG == 0 AND AGE == 51.0 THEN target == 2"
  # hypos left: 3
  time: 0.00

  inst: "IF AGE == 72.0 AND SEX == 1 AND STEROID == 1 AND ANTIVIRALS == 1 AND FATIGUE == 0 AND MALAISE == 1 AND ANOREXIA == 1 AND LIVER BIG == 1 AND LIVER FIRM == 0 AND SPLEEN PALPABLE == 1 AND SPIDERS == 1 AND ASCITES == 1 AND VARICES == 1 AND BILIRUBIN == 7 AND ALK PHOSPHATE == 7 AND SGOT == 60 AND ALBUMIN == 10 AND PROTIME == 19 AND HISTOLOGY == 2 THEN target == 2"
  dexp: "IF AGE == 72.0 THEN target == 2"
  expl: "IF AGE == 72.0 THEN target == 2"
  # hypos left: 1
  time: 0.00

  inst: "IF AGE == 69.0 AND SEX == 2 AND STEROID == 1 AND ANTIVIRALS == 2 AND FATIGUE == 0 AND MALAISE == 1 AND ANOREXIA == 1 AND LIVER BIG == 1 AND LIVER FIRM == 1 AND SPLEEN PALPABLE == 1 AND SPIDERS == 1 AND ASCITES == 1 AND VARICES == 1 AND BILIRUBIN == 25 AND ALK PHOSPHATE == 9 AND SGOT == 9 AND ALBUMIN == 29 AND PROTIME == 44 AND HISTOLOGY == 2 THEN target == 2"
  dexp: "IF AGE == 69.0 THEN target == 2"
  expl: "IF AGE == 69.0 THEN target == 2"
  # hypos left: 1
  time: 0.00

  inst: "IF AGE == 38.0 AND SEX == 1 AND STEROID == 1 AND ANTIVIRALS == 2 AND FATIGUE == 1 AND MALAISE == 1 AND ANOREXIA == 1 AND LIVER BIG == 1 AND LIVER FIRM == 1 AND SPLEEN PALPABLE == 1 AND SPIDERS == 1 AND ASCITES == 1 AND VARICES == 1 AND BILIRUBIN == 4 AND ALK PHOSPHATE == 53 AND SGOT == 52 AND ALBUMIN == 17 AND PROTIME == 42 AND HISTOLOGY == 2 THEN target == 2"
  dexp: "IF AGE == 38.0 AND SEX == 1 AND FATIGUE == 1 AND SPLEEN PALPABLE == 1 AND LIVER BIG == 1 AND BILIRUBIN == 4 THEN target == 2"
  expl: "IF BILIRUBIN == 4 AND LIVER BIG == 1 AND AGE == 38.0 THEN target == 2"
  # hypos left: 3
  time: 0.00

  inst: "IF AGE == 31.0 AND SEX == 1 AND STEROID == 2 AND ANTIVIRALS == 1 AND FATIGUE == 1 AND MALAISE == 1 AND ANOREXIA == 1 AND LIVER BIG == 1 AND LIVER FIRM == 1 AND SPLEEN PALPABLE == 1 AND SPIDERS == 1 AND ASCITES == 1 AND VARICES == 1 AND BILIRUBIN == 4 AND ALK PHOSPHATE == 49 AND SGOT == 60 AND ALBUMIN == 16 AND PROTIME == 40 AND HISTOLOGY == 1 THEN target == 1"
  dexp: "IF AGE == 31.0 THEN target == 1"
  expl: "IF AGE == 31.0 THEN target == 1"
  # hypos left: 1
  time: 0.00

  inst: "IF AGE == 48.0 AND SEX == 1 AND STEROID == 0 AND ANTIVIRALS == 2 AND FATIGUE == 0 AND MALAISE == 0 AND ANOREXIA == 1 AND LIVER BIG == 1 AND LIVER FIRM == 0 AND SPLEEN PALPABLE == 1 AND SPIDERS == 0 AND ASCITES == 0 AND VARICES == 0 AND BILIRUBIN == 31 AND ALK PHOSPHATE == 11 AND SGOT == 20 AND ALBUMIN == 4 AND PROTIME == 6 AND HISTOLOGY == 2 THEN target == 1"
  dexp: "IF AGE == 48.0 AND SEX == 1 AND FATIGUE == 0 AND SPLEEN PALPABLE == 1 AND LIVER BIG == 1 AND BILIRUBIN == 31 AND ASCITES == 0 THEN target == 1"
  expl: "IF ASCITES == 0 AND BILIRUBIN == 31 AND SPLEEN PALPABLE == 1 AND FATIGUE == 0 AND SEX == 1 AND AGE == 48.0 THEN target == 1"
  # hypos left: 6
  time: 0.00

  inst: "IF AGE == 48.0 AND SEX == 1 AND STEROID == 1 AND ANTIVIRALS == 2 AND FATIGUE == 0 AND MALAISE == 0 AND ANOREXIA == 0 AND LIVER BIG == 1 AND LIVER FIRM == 0 AND SPLEEN PALPABLE == 1 AND SPIDERS == 0 AND ASCITES == 1 AND VARICES == 1 AND BILIRUBIN == 17 AND ALK PHOSPHATE == 24 AND SGOT == 41 AND ALBUMIN == 14 AND PROTIME == 44 AND HISTOLOGY == 2 THEN target == 2"
  dexp: "IF AGE == 48.0 AND SEX == 1 AND FATIGUE == 0 AND SPLEEN PALPABLE == 1 AND LIVER BIG == 1 AND BILIRUBIN == 17 AND ASCITES == 1 THEN target == 2"
  expl: "IF ASCITES == 1 AND BILIRUBIN == 17 AND LIVER BIG == 1 AND AGE == 48.0 THEN target == 2"
  # hypos left: 4
  time: 0.00

  inst: "IF AGE == 30.0 AND SEX == 1 AND STEROID == 0 AND ANTIVIRALS == 2 AND FATIGUE == 1 AND MALAISE == 1 AND ANOREXIA == 1 AND LIVER BIG == 1 AND LIVER FIRM == 1 AND SPLEEN PALPABLE == 1 AND SPIDERS == 1 AND ASCITES == 1 AND VARICES == 1 AND BILIRUBIN == 4 AND ALK PHOSPHATE == 0 AND SGOT == 45 AND ALBUMIN == 16 AND PROTIME == 1 AND HISTOLOGY == 1 THEN target == 2"
  dexp: "IF AGE == 30.0 THEN target == 2"
  expl: "IF AGE == 30.0 THEN target == 2"
  # hypos left: 1
  time: 0.00

  inst: "IF AGE == 38.0 AND SEX == 1 AND STEROID == 0 AND ANTIVIRALS == 2 AND FATIGUE == 0 AND MALAISE == 0 AND ANOREXIA == 0 AND LIVER BIG == 1 AND LIVER FIRM == 0 AND SPLEEN PALPABLE == 1 AND SPIDERS == 0 AND ASCITES == 0 AND VARICES == 0 AND BILIRUBIN == 9 AND ALK PHOSPHATE == 8 AND SGOT == 21 AND ALBUMIN == 5 AND PROTIME == 44 AND HISTOLOGY == 2 THEN target == 1"
  dexp: "IF AGE == 38.0 AND SEX == 1 AND FATIGUE == 0 AND SPLEEN PALPABLE == 1 AND LIVER BIG == 1 AND BILIRUBIN == 9 THEN target == 1"
  expl: "IF BILIRUBIN == 9 AND SPLEEN PALPABLE == 1 AND FATIGUE == 0 AND SEX == 1 AND AGE == 38.0 THEN target == 1"
  # hypos left: 5
  time: 0.00

  inst: "IF AGE == 54.0 AND SEX == 1 AND STEROID == 0 AND ANTIVIRALS == 2 AND FATIGUE == 0 AND MALAISE == 0 AND ANOREXIA == 1 AND LIVER BIG == 2 AND LIVER FIRM == 2 AND SPLEEN PALPABLE == 0 AND SPIDERS == 1 AND ASCITES == 0 AND VARICES == 1 AND BILIRUBIN == 27 AND ALK PHOSPHATE == 10 AND SGOT == 42 AND ALBUMIN == 11 AND PROTIME == 15 AND HISTOLOGY == 2 THEN target == 1"
  dexp: "IF AGE == 54.0 AND SEX == 1 AND FATIGUE == 0 AND SPLEEN PALPABLE == 0 AND LIVER BIG == 2 THEN target == 1"
  expl: "IF LIVER BIG == 2 AND SPLEEN PALPABLE == 0 AND FATIGUE == 0 AND SEX == 1 AND AGE == 54.0 THEN target == 1"
  # hypos left: 5
  time: 0.00

  inst: "IF AGE == 36.0 AND SEX == 1 AND STEROID == 0 AND ANTIVIRALS == 2 AND FATIGUE == 0 AND MALAISE == 0 AND ANOREXIA == 0 AND LIVER BIG == 0 AND LIVER FIRM == 0 AND SPLEEN PALPABLE == 1 AND SPIDERS == 0 AND ASCITES == 1 AND VARICES == 0 AND BILIRUBIN == 14 AND ALK PHOSPHATE == 43 AND SGOT == 67 AND ALBUMIN == 4 AND PROTIME == 44 AND HISTOLOGY == 2 THEN target == 2"
  dexp: "IF AGE == 36.0 THEN target == 2"
  expl: "IF AGE == 36.0 THEN target == 2"
  # hypos left: 1
  time: 0.00

  inst: "IF AGE == 51.0 AND SEX == 1 AND STEROID == 1 AND ANTIVIRALS == 2 AND FATIGUE == 0 AND MALAISE == 1 AND ANOREXIA == 1 AND LIVER BIG == 1 AND LIVER FIRM == 0 AND SPLEEN PALPABLE == 0 AND SPIDERS == 0 AND ASCITES == 1 AND VARICES == 0 AND BILIRUBIN == 7 AND ALK PHOSPHATE == 83 AND SGOT == 28 AND ALBUMIN == 7 AND PROTIME == 28 AND HISTOLOGY == 2 THEN target == 2"
  dexp: "IF AGE == 51.0 AND SEX == 1 AND FATIGUE == 0 AND SPLEEN PALPABLE == 0 AND LIVER BIG == 1 AND BILIRUBIN == 7 AND ASCITES == 1 THEN target == 2"
  expl: "IF ASCITES == 1 AND BILIRUBIN == 7 AND LIVER BIG == 1 AND AGE == 51.0 THEN target == 2"
  # hypos left: 4
  time: 0.00

  inst: "IF AGE == 23.0 AND SEX == 1 AND STEROID == 1 AND ANTIVIRALS == 2 AND FATIGUE == 1 AND MALAISE == 1 AND ANOREXIA == 1 AND LIVER BIG == 1 AND LIVER FIRM == 1 AND SPLEEN PALPABLE == 1 AND SPIDERS == 1 AND ASCITES == 1 AND VARICES == 1 AND BILIRUBIN == 7 AND ALK PHOSPHATE == 83 AND SGOT == 84 AND ALBUMIN == 29 AND PROTIME == 44 AND HISTOLOGY == 1 THEN target == 2"
  dexp: "IF AGE == 23.0 THEN target == 2"
  expl: "IF AGE == 23.0 THEN target == 2"
  # hypos left: 1
  time: 0.00

  inst: "IF AGE == 38.0 AND SEX == 1 AND STEROID == 0 AND ANTIVIRALS == 2 AND FATIGUE == 0 AND MALAISE == 0 AND ANOREXIA == 0 AND LIVER BIG == 0 AND LIVER FIRM == 0 AND SPLEEN PALPABLE == 1 AND SPIDERS == 1 AND ASCITES == 1 AND VARICES == 1 AND BILIRUBIN == 3 AND ALK PHOSPHATE == 70 AND SGOT == 24 AND ALBUMIN == 20 AND PROTIME == 41 AND HISTOLOGY == 2 THEN target == 2"
  dexp: "IF AGE == 38.0 AND SEX == 1 AND FATIGUE == 0 AND SPLEEN PALPABLE == 1 AND LIVER BIG == 0 AND BILIRUBIN == 3 THEN target == 2"
  expl: "IF BILIRUBIN == 3 AND LIVER BIG == 0 AND AGE == 38.0 THEN target == 2"
  # hypos left: 3
  time: 0.00

  inst: "IF AGE == 34.0 AND SEX == 1 AND STEROID == 1 AND ANTIVIRALS == 2 AND FATIGUE == 1 AND MALAISE == 1 AND ANOREXIA == 1 AND LIVER BIG == 1 AND LIVER FIRM == 1 AND SPLEEN PALPABLE == 1 AND SPIDERS == 1 AND ASCITES == 1 AND VARICES == 1 AND BILIRUBIN == 34 AND ALK PHOSPHATE == 83 AND SGOT == 79 AND ALBUMIN == 29 AND PROTIME == 44 AND HISTOLOGY == 1 THEN target == 2"
  dexp: "IF AGE == 34.0 AND SEX == 1 AND FATIGUE == 1 AND SPLEEN PALPABLE == 1 AND LIVER BIG == 1 AND BILIRUBIN == 34 AND ASCITES == 1 AND ANTIVIRALS == 2 THEN target == 2"
  expl: "IF ASCITES == 1 AND BILIRUBIN == 34 AND LIVER BIG == 1 AND FATIGUE == 1 AND AGE == 34.0 THEN target == 2"
  # hypos left: 5
  time: 0.00

  inst: "IF AGE == 30.0 AND SEX == 1 AND STEROID == 1 AND ANTIVIRALS == 2 AND FATIGUE == 0 AND MALAISE == 1 AND ANOREXIA == 1 AND LIVER BIG == 1 AND LIVER FIRM == 1 AND SPLEEN PALPABLE == 1 AND SPIDERS == 1 AND ASCITES == 1 AND VARICES == 1 AND BILIRUBIN == 4 AND ALK PHOSPHATE == 51 AND SGOT == 76 AND ALBUMIN == 18 AND PROTIME == 35 AND HISTOLOGY == 1 THEN target == 2"
  dexp: "IF AGE == 30.0 THEN target == 2"
  expl: "IF AGE == 30.0 THEN target == 2"
  # hypos left: 1
  time: 0.00

  inst: "IF AGE == 32.0 AND SEX == 1 AND STEROID == 1 AND ANTIVIRALS == 2 AND FATIGUE == 1 AND MALAISE == 1 AND ANOREXIA == 1 AND LIVER BIG == 1 AND LIVER FIRM == 1 AND SPLEEN PALPABLE == 1 AND SPIDERS == 1 AND ASCITES == 1 AND VARICES == 1 AND BILIRUBIN == 4 AND ALK PHOSPHATE == 1 AND SGOT == 69 AND ALBUMIN == 16 AND PROTIME == 43 AND HISTOLOGY == 1 THEN target == 2"
  dexp: "IF AGE == 32.0 THEN target == 2"
  expl: "IF AGE == 32.0 THEN target == 2"
  # hypos left: 1
  time: 0.00

  inst: "IF AGE == 27.0 AND SEX == 1 AND STEROID == 0 AND ANTIVIRALS == 2 AND FATIGUE == 0 AND MALAISE == 1 AND ANOREXIA == 1 AND LIVER BIG == 1 AND LIVER FIRM == 0 AND SPLEEN PALPABLE == 1 AND SPIDERS == 1 AND ASCITES == 1 AND VARICES == 1 AND BILIRUBIN == 20 AND ALK PHOSPHATE == 30 AND SGOT == 32 AND ALBUMIN == 7 AND PROTIME == 30 AND HISTOLOGY == 2 THEN target == 2"
  dexp: "IF AGE == 27.0 THEN target == 2"
  expl: "IF AGE == 27.0 THEN target == 2"
  # hypos left: 1
  time: 0.00

  inst: "IF AGE == 52.0 AND SEX == 1 AND STEROID == 0 AND ANTIVIRALS == 1 AND FATIGUE == 1 AND MALAISE == 1 AND ANOREXIA == 1 AND LIVER BIG == 1 AND LIVER FIRM == 1 AND SPLEEN PALPABLE == 1 AND SPIDERS == 1 AND ASCITES == 1 AND VARICES == 1 AND BILIRUBIN == 4 AND ALK PHOSPHATE == 69 AND SGOT == 64 AND ALBUMIN == 16 AND PROTIME == 2 AND HISTOLOGY == 1 THEN target == 2"
  dexp: "IF AGE == 52.0 THEN target == 2"
  expl: "IF AGE == 52.0 THEN target == 2"
  # hypos left: 1
  time: 0.00

  inst: "IF AGE == 70.0 AND SEX == 1 AND STEROID == 0 AND ANTIVIRALS == 2 AND FATIGUE == 0 AND MALAISE == 0 AND ANOREXIA == 0 AND LIVER BIG == 2 AND LIVER FIRM == 2 AND SPLEEN PALPABLE == 2 AND SPIDERS == 2 AND ASCITES == 2 AND VARICES == 2 AND BILIRUBIN == 14 AND ALK PHOSPHATE == 4 AND SGOT == 61 AND ALBUMIN == 5 AND PROTIME == 8 AND HISTOLOGY == 2 THEN target == 1"
  dexp: "IF AGE == 70.0 THEN target == 1"
  expl: "IF AGE == 70.0 THEN target == 1"
  # hypos left: 1
  time: 0.00

  inst: "IF AGE == 38.0 AND SEX == 1 AND STEROID == 0 AND ANTIVIRALS == 2 AND FATIGUE == 1 AND MALAISE == 1 AND ANOREXIA == 1 AND LIVER BIG == 1 AND LIVER FIRM == 0 AND SPLEEN PALPABLE == 1 AND SPIDERS == 1 AND ASCITES == 1 AND VARICES == 1 AND BILIRUBIN == 1 AND ALK PHOSPHATE == 39 AND SGOT == 59 AND ALBUMIN == 14 AND PROTIME == 43 AND HISTOLOGY == 2 THEN target == 1"
  dexp: "IF AGE == 38.0 AND SEX == 1 AND FATIGUE == 1 AND SPLEEN PALPABLE == 1 AND LIVER BIG == 1 AND BILIRUBIN == 1 THEN target == 1"
  expl: "IF BILIRUBIN == 1 AND SPLEEN PALPABLE == 1 AND FATIGUE == 1 AND SEX == 1 AND AGE == 38.0 THEN target == 1"
  # hypos left: 5
  time: 0.00

  inst: "IF AGE == 36.0 AND SEX == 1 AND STEROID == 0 AND ANTIVIRALS == 2 AND FATIGUE == 1 AND MALAISE == 1 AND ANOREXIA == 1 AND LIVER BIG == 1 AND LIVER FIRM == 1 AND SPLEEN PALPABLE == 1 AND SPIDERS == 1 AND ASCITES == 1 AND VARICES == 1 AND BILIRUBIN == 8 AND ALK PHOSPHATE == 20 AND SGOT == 75 AND ALBUMIN == 9 AND PROTIME == 44 AND HISTOLOGY == 2 THEN target == 2"
  dexp: "IF AGE == 36.0 THEN target == 2"
  expl: "IF AGE == 36.0 THEN target == 2"
  # hypos left: 1
  time: 0.00

  inst: "IF AGE == 34.0 AND SEX == 2 AND STEROID == 1 AND ANTIVIRALS == 2 AND FATIGUE == 0 AND MALAISE == 0 AND ANOREXIA == 0 AND LIVER BIG == 0 AND LIVER FIRM == 0 AND SPLEEN PALPABLE == 1 AND SPIDERS == 0 AND ASCITES == 1 AND VARICES == 1 AND BILIRUBIN == 4 AND ALK PHOSPHATE == 65 AND SGOT == 35 AND ALBUMIN == 17 AND PROTIME == 1 AND HISTOLOGY == 2 THEN target == 2"
  dexp: "IF AGE == 34.0 AND SEX == 2 THEN target == 2"
  expl: "IF SEX == 2 AND AGE == 34.0 THEN target == 2"
  # hypos left: 2
  time: 0.00

  inst: "IF AGE == 31.0 AND SEX == 1 AND STEROID == 0 AND ANTIVIRALS == 2 AND FATIGUE == 0 AND MALAISE == 0 AND ANOREXIA == 0 AND LIVER BIG == 1 AND LIVER FIRM == 1 AND SPLEEN PALPABLE == 0 AND SPIDERS == 1 AND ASCITES == 1 AND VARICES == 1 AND BILIRUBIN == 33 AND ALK PHOSPHATE == 83 AND SGOT == 1 AND ALBUMIN == 1 AND PROTIME == 44 AND HISTOLOGY == 2 THEN target == 1"
  dexp: "IF AGE == 31.0 THEN target == 1"
  expl: "IF AGE == 31.0 THEN target == 1"
  # hypos left: 1
  time: 0.00

  inst: "IF AGE == 50.0 AND SEX == 1 AND STEROID == 1 AND ANTIVIRALS == 2 AND FATIGUE == 0 AND MALAISE == 1 AND ANOREXIA == 1 AND LIVER BIG == 1 AND LIVER FIRM == 0 AND SPLEEN PALPABLE == 0 AND SPIDERS == 1 AND ASCITES == 0 AND VARICES == 0 AND BILIRUBIN == 22 AND ALK PHOSPHATE == 23 AND SGOT == 75 AND ALBUMIN == 2 AND PROTIME == 7 AND HISTOLOGY == 2 THEN target == 1"
  dexp: "IF AGE == 50.0 AND SEX == 1 AND FATIGUE == 0 AND SPLEEN PALPABLE == 0 AND LIVER BIG == 1 AND BILIRUBIN == 22 AND ASCITES == 0 THEN target == 1"
  expl: "IF ASCITES == 0 AND BILIRUBIN == 22 AND SPLEEN PALPABLE == 0 AND FATIGUE == 0 AND SEX == 1 AND AGE == 50.0 THEN target == 1"
  # hypos left: 6
  time: 0.00

  inst: "IF AGE == 39.0 AND SEX == 1 AND STEROID == 0 AND ANTIVIRALS == 1 AND FATIGUE == 0 AND MALAISE == 0 AND ANOREXIA == 1 AND LIVER BIG == 1 AND LIVER FIRM == 0 AND SPLEEN PALPABLE == 1 AND SPIDERS == 1 AND ASCITES == 1 AND VARICES == 1 AND BILIRUBIN == 19 AND ALK PHOSPHATE == 42 AND SGOT == 83 AND ALBUMIN == 14 AND PROTIME == 12 AND HISTOLOGY == 1 THEN target == 1"
  dexp: "IF AGE == 39.0 AND SEX == 1 AND FATIGUE == 0 AND SPLEEN PALPABLE == 1 AND LIVER BIG == 1 AND BILIRUBIN == 19 AND ASCITES == 1 THEN target == 1"
  expl: "IF BILIRUBIN == 19 AND SPLEEN PALPABLE == 1 AND FATIGUE == 0 AND SEX == 1 AND AGE == 39.0 THEN target == 1"
  # hypos left: 5
  time: 0.00

  inst: "IF AGE == 50.0 AND SEX == 1 AND STEROID == 0 AND ANTIVIRALS == 2 AND FATIGUE == 0 AND MALAISE == 1 AND ANOREXIA == 1 AND LIVER BIG == 0 AND LIVER FIRM == 1 AND SPLEEN PALPABLE == 1 AND SPIDERS == 1 AND ASCITES == 1 AND VARICES == 1 AND BILIRUBIN == 6 AND ALK PHOSPHATE == 17 AND SGOT == 52 AND ALBUMIN == 11 AND PROTIME == 44 AND HISTOLOGY == 1 THEN target == 2"
  dexp: "IF AGE == 50.0 AND SEX == 1 AND FATIGUE == 0 AND SPLEEN PALPABLE == 1 AND LIVER BIG == 0 AND BILIRUBIN == 6 AND ASCITES == 1 THEN target == 2"
  expl: "IF ASCITES == 1 AND BILIRUBIN == 6 AND LIVER BIG == 0 AND AGE == 50.0 THEN target == 2"
  # hypos left: 4
  time: 0.00

  inst: "IF AGE == 33.0 AND SEX == 1 AND STEROID == 0 AND ANTIVIRALS == 2 AND FATIGUE == 0 AND MALAISE == 0 AND ANOREXIA == 1 AND LIVER BIG == 1 AND LIVER FIRM == 1 AND SPLEEN PALPABLE == 1 AND SPIDERS == 1 AND ASCITES == 0 AND VARICES == 1 AND BILIRUBIN == 4 AND ALK PHOSPHATE == 61 AND SGOT == 77 AND ALBUMIN == 7 AND PROTIME == 6 AND HISTOLOGY == 2 THEN target == 2"
  dexp: "IF AGE == 33.0 THEN target == 2"
  expl: "IF AGE == 33.0 THEN target == 2"
  # hypos left: 1
  time: 0.00

  inst: "IF AGE == 41.0 AND SEX == 2 AND STEROID == 1 AND ANTIVIRALS == 1 AND FATIGUE == 0 AND MALAISE == 0 AND ANOREXIA == 0 AND LIVER BIG == 1 AND LIVER FIRM == 1 AND SPLEEN PALPABLE == 1 AND SPIDERS == 1 AND ASCITES == 1 AND VARICES == 1 AND BILIRUBIN == 4 AND ALK PHOSPHATE == 73 AND SGOT == 62 AND ALBUMIN == 26 AND PROTIME == 35 AND HISTOLOGY == 1 THEN target == 2"
  dexp: "IF AGE == 41.0 THEN target == 2"
  expl: "IF AGE == 41.0 THEN target == 2"
  # hypos left: 1
  time: 0.00

  inst: "IF AGE == 78.0 AND SEX == 1 AND STEROID == 1 AND ANTIVIRALS == 2 AND FATIGUE == 0 AND MALAISE == 1 AND ANOREXIA == 1 AND LIVER BIG == 1 AND LIVER FIRM == 1 AND SPLEEN PALPABLE == 1 AND SPIDERS == 1 AND ASCITES == 1 AND VARICES == 1 AND BILIRUBIN == 4 AND ALK PHOSPHATE == 82 AND SGOT == 46 AND ALBUMIN == 16 AND PROTIME == 44 AND HISTOLOGY == 1 THEN target == 2"
  dexp: "IF AGE == 78.0 THEN target == 2"
  expl: "IF AGE == 78.0 THEN target == 2"
  # hypos left: 1
  time: 0.00

  inst: "IF AGE == 41.0 AND SEX == 1 AND STEROID == 1 AND ANTIVIRALS == 2 AND FATIGUE == 0 AND MALAISE == 1 AND ANOREXIA == 1 AND LIVER BIG == 1 AND LIVER FIRM == 0 AND SPLEEN PALPABLE == 0 AND SPIDERS == 0 AND ASCITES == 1 AND VARICES == 0 AND BILIRUBIN == 29 AND ALK PHOSPHATE == 62 AND SGOT == 6 AND ALBUMIN == 10 AND PROTIME == 44 AND HISTOLOGY == 2 THEN target == 2"
  dexp: "IF AGE == 41.0 THEN target == 2"
  expl: "IF AGE == 41.0 THEN target == 2"
  # hypos left: 1
  time: 0.00

  inst: "IF AGE == 39.0 AND SEX == 1 AND STEROID == 0 AND ANTIVIRALS == 1 AND FATIGUE == 1 AND MALAISE == 1 AND ANOREXIA == 1 AND LIVER BIG == 0 AND LIVER FIRM == 0 AND SPLEEN PALPABLE == 1 AND SPIDERS == 1 AND ASCITES == 1 AND VARICES == 1 AND BILIRUBIN == 10 AND ALK PHOSPHATE == 71 AND SGOT == 44 AND ALBUMIN == 20 AND PROTIME == 42 AND HISTOLOGY == 1 THEN target == 2"
  dexp: "IF AGE == 39.0 AND SEX == 1 AND FATIGUE == 1 AND SPLEEN PALPABLE == 1 AND LIVER BIG == 0 AND BILIRUBIN == 10 THEN target == 2"
  expl: "IF BILIRUBIN == 10 AND LIVER BIG == 0 AND AGE == 39.0 THEN target == 2"
  # hypos left: 3
  time: 0.00

  inst: "IF AGE == 45.0 AND SEX == 2 AND STEROID == 0 AND ANTIVIRALS == 2 AND FATIGUE == 0 AND MALAISE == 0 AND ANOREXIA == 1 AND LIVER BIG == 1 AND LIVER FIRM == 1 AND SPLEEN PALPABLE == 0 AND SPIDERS == 1 AND ASCITES == 1 AND VARICES == 1 AND BILIRUBIN == 7 AND ALK PHOSPHATE == 76 AND SGOT == 75 AND ALBUMIN == 29 AND PROTIME == 44 AND HISTOLOGY == 1 THEN target == 2"
  dexp: "IF AGE == 45.0 AND SEX == 2 THEN target == 2"
  expl: "IF SEX == 2 AND AGE == 45.0 THEN target == 2"
  # hypos left: 2
  time: 0.00

  inst: "IF AGE == 37.0 AND SEX == 1 AND STEROID == 1 AND ANTIVIRALS == 2 AND FATIGUE == 0 AND MALAISE == 1 AND ANOREXIA == 1 AND LIVER BIG == 1 AND LIVER FIRM == 1 AND SPLEEN PALPABLE == 1 AND SPIDERS == 0 AND ASCITES == 1 AND VARICES == 1 AND BILIRUBIN == 3 AND ALK PHOSPHATE == 63 AND SGOT == 42 AND ALBUMIN == 18 AND PROTIME == 44 AND HISTOLOGY == 1 THEN target == 1"
  dexp: "IF AGE == 37.0 AND SEX == 1 AND FATIGUE == 0 AND SPLEEN PALPABLE == 1 AND LIVER BIG == 1 AND BILIRUBIN == 3 AND ASCITES == 1 AND ANTIVIRALS == 2 THEN target == 1"
  expl: "IF ANTIVIRALS == 2 AND BILIRUBIN == 3 AND SPLEEN PALPABLE == 1 AND FATIGUE == 0 AND SEX == 1 AND AGE == 37.0 THEN target == 1"
  # hypos left: 6
  time: 0.00

  inst: "IF AGE == 65.0 AND SEX == 1 AND STEROID == 1 AND ANTIVIRALS == 2 AND FATIGUE == 0 AND MALAISE == 0 AND ANOREXIA == 1 AND LIVER BIG == 1 AND LIVER FIRM == 0 AND SPLEEN PALPABLE == 0 AND SPIDERS == 0 AND ASCITES == 0 AND VARICES == 1 AND BILIRUBIN == 0 AND ALK PHOSPHATE == 33 AND SGOT == 62 AND ALBUMIN == 6 AND PROTIME == 35 AND HISTOLOGY == 2 THEN target == 2"
  dexp: "IF AGE == 65.0 THEN target == 2"
  expl: "IF AGE == 65.0 THEN target == 2"
  # hypos left: 1
  time: 0.00

  inst: "IF AGE == 30.0 AND SEX == 1 AND STEROID == 0 AND ANTIVIRALS == 2 AND FATIGUE == 0 AND MALAISE == 0 AND ANOREXIA == 1 AND LIVER BIG == 1 AND LIVER FIRM == 0 AND SPLEEN PALPABLE == 1 AND SPIDERS == 0 AND ASCITES == 1 AND VARICES == 1 AND BILIRUBIN == 5 AND ALK PHOSPHATE == 21 AND SGOT == 8 AND ALBUMIN == 15 AND PROTIME == 1 AND HISTOLOGY == 2 THEN target == 2"
  dexp: "IF AGE == 30.0 THEN target == 2"
  expl: "IF AGE == 30.0 THEN target == 2"
  # hypos left: 1
  time: 0.00

  inst: "IF AGE == 54.0 AND SEX == 1 AND STEROID == 0 AND ANTIVIRALS == 2 AND FATIGUE == 0 AND MALAISE == 0 AND ANOREXIA == 1 AND LIVER BIG == 1 AND LIVER FIRM == 1 AND SPLEEN PALPABLE == 1 AND SPIDERS == 1 AND ASCITES == 0 AND VARICES == 1 AND BILIRUBIN == 9 AND ALK PHOSPHATE == 76 AND SGOT == 82 AND ALBUMIN == 8 AND PROTIME == 30 AND HISTOLOGY == 2 THEN target == 2"
  dexp: "IF AGE == 54.0 AND SEX == 1 AND FATIGUE == 0 AND SPLEEN PALPABLE == 1 AND LIVER BIG == 1 THEN target == 2"
  expl: "IF LIVER BIG == 1 AND AGE == 54.0 THEN target == 2"
  # hypos left: 2
  time: 0.00

  inst: "IF AGE == 51.0 AND SEX == 1 AND STEROID == 0 AND ANTIVIRALS == 1 AND FATIGUE == 0 AND MALAISE == 0 AND ANOREXIA == 1 AND LIVER BIG == 1 AND LIVER FIRM == 1 AND SPLEEN PALPABLE == 1 AND SPIDERS == 1 AND ASCITES == 1 AND VARICES == 1 AND BILIRUBIN == 7 AND ALK PHOSPHATE == 71 AND SGOT == 65 AND ALBUMIN == 22 AND PROTIME == 21 AND HISTOLOGY == 1 THEN target == 2"
  dexp: "IF AGE == 51.0 AND SEX == 1 AND FATIGUE == 0 AND SPLEEN PALPABLE == 1 AND LIVER BIG == 1 AND BILIRUBIN == 7 AND ASCITES == 1 THEN target == 2"
  expl: "IF ASCITES == 1 AND BILIRUBIN == 7 AND LIVER BIG == 1 AND AGE == 51.0 THEN target == 2"
  # hypos left: 4
  time: 0.00

  inst: "IF AGE == 49.0 AND SEX == 1 AND STEROID == 1 AND ANTIVIRALS == 2 AND FATIGUE == 0 AND MALAISE == 0 AND ANOREXIA == 1 AND LIVER BIG == 1 AND LIVER FIRM == 1 AND SPLEEN PALPABLE == 1 AND SPIDERS == 1 AND ASCITES == 1 AND VARICES == 1 AND BILIRUBIN == 5 AND ALK PHOSPHATE == 2 AND SGOT == 54 AND ALBUMIN == 11 AND PROTIME == 30 AND HISTOLOGY == 1 THEN target == 2"
  dexp: "IF AGE == 49.0 AND SEX == 1 AND FATIGUE == 0 AND SPLEEN PALPABLE == 1 AND LIVER BIG == 1 AND BILIRUBIN == 5 THEN target == 2"
  expl: "IF BILIRUBIN == 5 AND LIVER BIG == 1 AND AGE == 49.0 THEN target == 2"
  # hypos left: 3
  time: 0.00

  inst: "IF AGE == 44.0 AND SEX == 1 AND STEROID == 0 AND ANTIVIRALS == 2 AND FATIGUE == 0 AND MALAISE == 0 AND ANOREXIA == 1 AND LIVER BIG == 0 AND LIVER FIRM == 0 AND SPLEEN PALPABLE == 1 AND SPIDERS == 0 AND ASCITES == 1 AND VARICES == 1 AND BILIRUBIN == 24 AND ALK PHOSPHATE == 6 AND SGOT == 71 AND ALBUMIN == 11 AND PROTIME == 44 AND HISTOLOGY == 2 THEN target == 2"
  dexp: "IF AGE == 44.0 AND SEX == 1 AND FATIGUE == 0 AND SPLEEN PALPABLE == 1 AND LIVER BIG == 0 AND BILIRUBIN == 24 AND ASCITES == 1 AND ANTIVIRALS == 2 AND STEROID == 0 AND MALAISE == 0 THEN target == 2"
  expl: "IF MALAISE == 0 AND ASCITES == 1 AND BILIRUBIN == 24 AND LIVER BIG == 0 AND AGE == 44.0 THEN target == 2"
  # hypos left: 5
  time: 0.00

  inst: "IF AGE == 54.0 AND SEX == 1 AND STEROID == 1 AND ANTIVIRALS == 2 AND FATIGUE == 0 AND MALAISE == 1 AND ANOREXIA == 1 AND LIVER BIG == 0 AND LIVER FIRM == 0 AND SPLEEN PALPABLE == 1 AND SPIDERS == 1 AND ASCITES == 1 AND VARICES == 1 AND BILIRUBIN == 25 AND ALK PHOSPHATE == 76 AND SGOT == 42 AND ALBUMIN == 14 AND PROTIME == 44 AND HISTOLOGY == 2 THEN target == 2"
  dexp: "IF AGE == 54.0 AND SEX == 1 AND FATIGUE == 0 AND SPLEEN PALPABLE == 1 AND LIVER BIG == 0 THEN target == 2"
  expl: "IF LIVER BIG == 0 AND AGE == 54.0 THEN target == 2"
  # hypos left: 2
  time: 0.00

  inst: "IF AGE == 30.0 AND SEX == 1 AND STEROID == 1 AND ANTIVIRALS == 2 AND FATIGUE == 0 AND MALAISE == 1 AND ANOREXIA == 1 AND LIVER BIG == 1 AND LIVER FIRM == 0 AND SPLEEN PALPABLE == 1 AND SPIDERS == 1 AND ASCITES == 1 AND VARICES == 1 AND BILIRUBIN == 18 AND ALK PHOSPHATE == 56 AND SGOT == 13 AND ALBUMIN == 25 AND PROTIME == 39 AND HISTOLOGY == 1 THEN target == 2"
  dexp: "IF AGE == 30.0 THEN target == 2"
  expl: "IF AGE == 30.0 THEN target == 2"
  # hypos left: 1
  time: 0.00

  inst: "IF AGE == 34.0 AND SEX == 2 AND STEROID == 0 AND ANTIVIRALS == 1 AND FATIGUE == 1 AND MALAISE == 1 AND ANOREXIA == 1 AND LIVER BIG == 1 AND LIVER FIRM == 0 AND SPLEEN PALPABLE == 1 AND SPIDERS == 1 AND ASCITES == 1 AND VARICES == 1 AND BILIRUBIN == 3 AND ALK PHOSPHATE == 44 AND SGOT == 35 AND ALBUMIN == 16 AND PROTIME == 37 AND HISTOLOGY == 1 THEN target == 2"
  dexp: "IF AGE == 34.0 AND SEX == 2 THEN target == 2"
  expl: "IF SEX == 2 AND AGE == 34.0 THEN target == 2"
  # hypos left: 2
  time: 0.00

  inst: "IF AGE == 24.0 AND SEX == 1 AND STEROID == 1 AND ANTIVIRALS == 2 AND FATIGUE == 1 AND MALAISE == 1 AND ANOREXIA == 1 AND LIVER BIG == 1 AND LIVER FIRM == 1 AND SPLEEN PALPABLE == 1 AND SPIDERS == 1 AND ASCITES == 1 AND VARICES == 1 AND BILIRUBIN == 5 AND ALK PHOSPHATE == 74 AND SGOT == 50 AND ALBUMIN == 19 AND PROTIME == 44 AND HISTOLOGY == 1 THEN target == 2"
  dexp: "IF AGE == 24.0 THEN target == 2"
  expl: "IF AGE == 24.0 THEN target == 2"
  # hypos left: 1
  time: 0.00

  inst: "IF AGE == 35.0 AND SEX == 1 AND STEROID == 1 AND ANTIVIRALS == 2 AND FATIGUE == 0 AND MALAISE == 1 AND ANOREXIA == 1 AND LIVER BIG == 1 AND LIVER FIRM == 1 AND SPLEEN PALPABLE == 1 AND SPIDERS == 1 AND ASCITES == 1 AND VARICES == 1 AND BILIRUBIN == 6 AND ALK PHOSPHATE == 57 AND SGOT == 82 AND ALBUMIN == 19 AND PROTIME == 34 AND HISTOLOGY == 1 THEN target == 2"
  dexp: "IF AGE == 35.0 AND SEX == 1 AND FATIGUE == 0 AND SPLEEN PALPABLE == 1 AND LIVER BIG == 1 THEN target == 2"
  expl: "IF LIVER BIG == 1 AND AGE == 35.0 THEN target == 2"
  # hypos left: 2
  time: 0.00

  inst: "IF AGE == 58.0 AND SEX == 2 AND STEROID == 1 AND ANTIVIRALS == 2 AND FATIGUE == 0 AND MALAISE == 1 AND ANOREXIA == 1 AND LIVER BIG == 1 AND LIVER FIRM == 0 AND SPLEEN PALPABLE == 1 AND SPIDERS == 0 AND ASCITES == 1 AND VARICES == 1 AND BILIRUBIN == 11 AND ALK PHOSPHATE == 31 AND SGOT == 64 AND ALBUMIN == 4 AND PROTIME == 9 AND HISTOLOGY == 1 THEN target == 2"
  dexp: "IF AGE == 58.0 AND SEX == 2 THEN target == 2"
  expl: "IF SEX == 2 AND AGE == 58.0 THEN target == 2"
  # hypos left: 2
  time: 0.00

  inst: "IF AGE == 20.0 AND SEX == 2 AND STEROID == 0 AND ANTIVIRALS == 2 AND FATIGUE == 0 AND MALAISE == 0 AND ANOREXIA == 0 AND LIVER BIG == 0 AND LIVER FIRM == 0 AND SPLEEN PALPABLE == 0 AND SPIDERS == 0 AND ASCITES == 1 AND VARICES == 1 AND BILIRUBIN == 19 AND ALK PHOSPHATE == 22 AND SGOT == 72 AND ALBUMIN == 15 AND PROTIME == 44 AND HISTOLOGY == 1 THEN target == 2"
  dexp: "IF AGE == 20.0 THEN target == 2"
  expl: "IF AGE == 20.0 THEN target == 2"
  # hypos left: 1
  time: 0.00

  inst: "IF AGE == 27.0 AND SEX == 1 AND STEROID == 1 AND ANTIVIRALS == 2 AND FATIGUE == 0 AND MALAISE == 0 AND ANOREXIA == 0 AND LIVER BIG == 0 AND LIVER FIRM == 0 AND SPLEEN PALPABLE == 0 AND SPIDERS == 0 AND ASCITES == 1 AND VARICES == 1 AND BILIRUBIN == 9 AND ALK PHOSPHATE == 16 AND SGOT == 83 AND ALBUMIN == 17 AND PROTIME == 11 AND HISTOLOGY == 1 THEN target == 2"
  dexp: "IF AGE == 27.0 THEN target == 2"
  expl: "IF AGE == 27.0 THEN target == 2"
  # hypos left: 1
  time: 0.00

  inst: "IF AGE == 20.0 AND SEX == 1 AND STEROID == 0 AND ANTIVIRALS == 2 AND FATIGUE == 1 AND MALAISE == 1 AND ANOREXIA == 1 AND LIVER BIG == 1 AND LIVER FIRM == 2 AND SPLEEN PALPABLE == 1 AND SPIDERS == 1 AND ASCITES == 1 AND VARICES == 1 AND BILIRUBIN == 6 AND ALK PHOSPHATE == 78 AND SGOT == 17 AND ALBUMIN == 16 AND PROTIME == 44 AND HISTOLOGY == 2 THEN target == 2"
  dexp: "IF AGE == 20.0 THEN target == 2"
  expl: "IF AGE == 20.0 THEN target == 2"
  # hypos left: 1
  time: 0.00

  inst: "IF AGE == 34.0 AND SEX == 1 AND STEROID == 0 AND ANTIVIRALS == 2 AND FATIGUE == 2 AND MALAISE == 2 AND ANOREXIA == 2 AND LIVER BIG == 2 AND LIVER FIRM == 2 AND SPLEEN PALPABLE == 2 AND SPIDERS == 2 AND ASCITES == 2 AND VARICES == 2 AND BILIRUBIN == 34 AND ALK PHOSPHATE == 83 AND SGOT == 84 AND ALBUMIN == 29 AND PROTIME == 44 AND HISTOLOGY == 1 THEN target == 2"
  dexp: "IF AGE == 34.0 AND SEX == 1 AND FATIGUE == 2 THEN target == 2"
  expl: "IF FATIGUE == 2 AND AGE == 34.0 THEN target == 2"
  # hypos left: 2
  time: 0.00

  inst: "IF AGE == 42.0 AND SEX == 1 AND STEROID == 0 AND ANTIVIRALS == 1 AND FATIGUE == 0 AND MALAISE == 0 AND ANOREXIA == 1 AND LIVER BIG == 1 AND LIVER FIRM == 1 AND SPLEEN PALPABLE == 1 AND SPIDERS == 0 AND ASCITES == 1 AND VARICES == 1 AND BILIRUBIN == 2 AND ALK PHOSPHATE == 60 AND SGOT == 72 AND ALBUMIN == 14 AND PROTIME == 4 AND HISTOLOGY == 2 THEN target == 1"
  dexp: "IF AGE == 42.0 AND SEX == 1 AND FATIGUE == 0 AND SPLEEN PALPABLE == 1 AND LIVER BIG == 1 AND BILIRUBIN == 2 THEN target == 1"
  expl: "IF BILIRUBIN == 2 AND SPLEEN PALPABLE == 1 AND FATIGUE == 0 AND SEX == 1 AND AGE == 42.0 THEN target == 1"
  # hypos left: 5
  time: 0.00

  inst: "IF AGE == 44.0 AND SEX == 1 AND STEROID == 1 AND ANTIVIRALS == 2 AND FATIGUE == 0 AND MALAISE == 1 AND ANOREXIA == 1 AND LIVER BIG == 1 AND LIVER FIRM == 0 AND SPLEEN PALPABLE == 1 AND SPIDERS == 1 AND ASCITES == 1 AND VARICES == 1 AND BILIRUBIN == 6 AND ALK PHOSPHATE == 13 AND SGOT == 12 AND ALBUMIN == 19 AND PROTIME == 44 AND HISTOLOGY == 2 THEN target == 2"
  dexp: "IF AGE == 44.0 AND SEX == 1 AND FATIGUE == 0 AND SPLEEN PALPABLE == 1 AND LIVER BIG == 1 AND BILIRUBIN == 6 AND ASCITES == 1 AND ANTIVIRALS == 2 AND STEROID == 1 THEN target == 2"
  expl: "IF STEROID == 1 AND ASCITES == 1 AND BILIRUBIN == 6 AND LIVER BIG == 1 AND AGE == 44.0 THEN target == 2"
  # hypos left: 5
  time: 0.00

  inst: "IF AGE == 34.0 AND SEX == 1 AND STEROID == 1 AND ANTIVIRALS == 2 AND FATIGUE == 1 AND MALAISE == 1 AND ANOREXIA == 1 AND LIVER BIG == 1 AND LIVER FIRM == 1 AND SPLEEN PALPABLE == 1 AND SPIDERS == 1 AND ASCITES == 1 AND VARICES == 1 AND BILIRUBIN == 7 AND ALK PHOSPHATE == 83 AND SGOT == 29 AND ALBUMIN == 16 AND PROTIME == 44 AND HISTOLOGY == 1 THEN target == 2"
  dexp: "IF AGE == 34.0 AND SEX == 1 AND FATIGUE == 1 AND SPLEEN PALPABLE == 1 AND LIVER BIG == 1 AND BILIRUBIN == 7 AND ASCITES == 1 THEN target == 2"
  expl: "IF ASCITES == 1 AND BILIRUBIN == 7 AND LIVER BIG == 1 AND AGE == 34.0 THEN target == 2"
  # hypos left: 4
  time: 0.00

  inst: "IF AGE == 50.0 AND SEX == 1 AND STEROID == 1 AND ANTIVIRALS == 2 AND FATIGUE == 1 AND MALAISE == 1 AND ANOREXIA == 1 AND LIVER BIG == 1 AND LIVER FIRM == 0 AND SPLEEN PALPABLE == 0 AND SPIDERS == 0 AND ASCITES == 1 AND VARICES == 1 AND BILIRUBIN == 7 AND ALK PHOSPHATE == 76 AND SGOT == 75 AND ALBUMIN == 16 AND PROTIME == 33 AND HISTOLOGY == 2 THEN target == 2"
  dexp: "IF AGE == 50.0 AND SEX == 1 AND FATIGUE == 1 AND SPLEEN PALPABLE == 0 AND LIVER BIG == 1 AND BILIRUBIN == 7 AND ASCITES == 1 THEN target == 2"
  expl: "IF ASCITES == 1 AND BILIRUBIN == 7 AND LIVER BIG == 1 AND AGE == 50.0 THEN target == 2"
  # hypos left: 4
  time: 0.00

  inst: "IF AGE == 32.0 AND SEX == 1 AND STEROID == 1 AND ANTIVIRALS == 2 AND FATIGUE == 0 AND MALAISE == 0 AND ANOREXIA == 0 AND LIVER BIG == 1 AND LIVER FIRM == 1 AND SPLEEN PALPABLE == 1 AND SPIDERS == 0 AND ASCITES == 1 AND VARICES == 0 AND BILIRUBIN == 26 AND ALK PHOSPHATE == 37 AND SGOT == 63 AND ALBUMIN == 10 AND PROTIME == 4 AND HISTOLOGY == 1 THEN target == 2"
  dexp: "IF AGE == 32.0 THEN target == 2"
  expl: "IF AGE == 32.0 THEN target == 2"
  # hypos left: 1
  time: 0.00

  inst: "IF AGE == 38.0 AND SEX == 1 AND STEROID == 1 AND ANTIVIRALS == 1 AND FATIGUE == 0 AND MALAISE == 0 AND ANOREXIA == 0 AND LIVER BIG == 1 AND LIVER FIRM == 1 AND SPLEEN PALPABLE == 1 AND SPIDERS == 0 AND ASCITES == 1 AND VARICES == 1 AND BILIRUBIN == 4 AND ALK PHOSPHATE == 12 AND SGOT == 71 AND ALBUMIN == 18 AND PROTIME == 38 AND HISTOLOGY == 1 THEN target == 2"
  dexp: "IF AGE == 38.0 AND SEX == 1 AND FATIGUE == 0 AND SPLEEN PALPABLE == 1 AND LIVER BIG == 1 AND BILIRUBIN == 4 THEN target == 2"
  expl: "IF BILIRUBIN == 4 AND LIVER BIG == 1 AND AGE == 38.0 THEN target == 2"
  # hypos left: 3
  time: 0.00

  inst: "IF AGE == 25.0 AND SEX == 1 AND STEROID == 1 AND ANTIVIRALS == 2 AND FATIGUE == 0 AND MALAISE == 1 AND ANOREXIA == 1 AND LIVER BIG == 0 AND LIVER FIRM == 0 AND SPLEEN PALPABLE == 0 AND SPIDERS == 0 AND ASCITES == 0 AND VARICES == 0 AND BILIRUBIN == 10 AND ALK PHOSPHATE == 34 AND SGOT == 25 AND ALBUMIN == 21 AND PROTIME == 24 AND HISTOLOGY == 2 THEN target == 2"
  dexp: "IF AGE == 25.0 THEN target == 2"
  expl: "IF AGE == 25.0 THEN target == 2"
  # hypos left: 1
  time: 0.00

  inst: "IF AGE == 45.0 AND SEX == 1 AND STEROID == 0 AND ANTIVIRALS == 2 AND FATIGUE == 0 AND MALAISE == 1 AND ANOREXIA == 1 AND LIVER BIG == 1 AND LIVER FIRM == 0 AND SPLEEN PALPABLE == 0 AND SPIDERS == 1 AND ASCITES == 1 AND VARICES == 1 AND BILIRUBIN == 9 AND ALK PHOSPHATE == 73 AND SGOT == 71 AND ALBUMIN == 7 AND PROTIME == 44 AND HISTOLOGY == 1 THEN target == 2"
  dexp: "IF AGE == 45.0 AND SEX == 1 AND FATIGUE == 0 AND SPLEEN PALPABLE == 0 AND LIVER BIG == 1 AND BILIRUBIN == 9 THEN target == 2"
  expl: "IF BILIRUBIN == 9 AND LIVER BIG == 1 AND AGE == 45.0 THEN target == 2"
  # hypos left: 3
  time: 0.00

  inst: "IF AGE == 22.0 AND SEX == 1 AND STEROID == 1 AND ANTIVIRALS == 2 AND FATIGUE == 1 AND MALAISE == 1 AND ANOREXIA == 1 AND LIVER BIG == 1 AND LIVER FIRM == 1 AND SPLEEN PALPABLE == 1 AND SPIDERS == 1 AND ASCITES == 1 AND VARICES == 1 AND BILIRUBIN == 4 AND ALK PHOSPHATE == 83 AND SGOT == 35 AND ALBUMIN == 29 AND PROTIME == 44 AND HISTOLOGY == 2 THEN target == 2"
  dexp: "IF AGE == 22.0 THEN target == 2"
  expl: "IF AGE == 22.0 THEN target == 2"
  # hypos left: 1
  time: 0.00

  inst: "IF AGE == 50.0 AND SEX == 2 AND STEROID == 0 AND ANTIVIRALS == 2 AND FATIGUE == 0 AND MALAISE == 1 AND ANOREXIA == 1 AND LIVER BIG == 0 AND LIVER FIRM == 0 AND SPLEEN PALPABLE == 0 AND SPIDERS == 0 AND ASCITES == 1 AND VARICES == 1 AND BILIRUBIN == 6 AND ALK PHOSPHATE == 38 AND SGOT == 4 AND ALBUMIN == 10 AND PROTIME == 13 AND HISTOLOGY == 2 THEN target == 2"
  dexp: "IF AGE == 50.0 AND SEX == 2 THEN target == 2"
  expl: "IF SEX == 2 AND AGE == 50.0 THEN target == 2"
  # hypos left: 2
  time: 0.00

  inst: "IF AGE == 41.0 AND SEX == 1 AND STEROID == 1 AND ANTIVIRALS == 1 AND FATIGUE == 0 AND MALAISE == 1 AND ANOREXIA == 1 AND LIVER BIG == 1 AND LIVER FIRM == 0 AND SPLEEN PALPABLE == 1 AND SPIDERS == 1 AND ASCITES == 1 AND VARICES == 1 AND BILIRUBIN == 6 AND ALK PHOSPHATE == 73 AND SGOT == 67 AND ALBUMIN == 15 AND PROTIME == 21 AND HISTOLOGY == 1 THEN target == 2"
  dexp: "IF AGE == 41.0 THEN target == 2"
  expl: "IF AGE == 41.0 THEN target == 2"
  # hypos left: 1
  time: 0.00

  inst: "IF AGE == 36.0 AND SEX == 1 AND STEROID == 1 AND ANTIVIRALS == 2 AND FATIGUE == 1 AND MALAISE == 1 AND ANOREXIA == 1 AND LIVER BIG == 1 AND LIVER FIRM == 1 AND SPLEEN PALPABLE == 1 AND SPIDERS == 1 AND ASCITES == 1 AND VARICES == 1 AND BILIRUBIN == 4 AND ALK PHOSPHATE == 60 AND SGOT == 30 AND ALBUMIN == 18 AND PROTIME == 1 AND HISTOLOGY == 1 THEN target == 2"
  dexp: "IF AGE == 36.0 THEN target == 2"
  expl: "IF AGE == 36.0 THEN target == 2"
  # hypos left: 1
  time: 0.00

  inst: "IF AGE == 64.0 AND SEX == 1 AND STEROID == 1 AND ANTIVIRALS == 1 AND FATIGUE == 0 AND MALAISE == 0 AND ANOREXIA == 1 AND LIVER BIG == 0 AND LIVER FIRM == 0 AND SPLEEN PALPABLE == 1 AND SPIDERS == 1 AND ASCITES == 1 AND VARICES == 1 AND BILIRUBIN == 7 AND ALK PHOSPHATE == 72 AND SGOT == 49 AND ALBUMIN == 19 AND PROTIME == 35 AND HISTOLOGY == 1 THEN target == 2"
  dexp: "IF AGE == 64.0 THEN target == 2"
  expl: "IF AGE == 64.0 THEN target == 2"
  # hypos left: 1
  time: 0.00

  inst: "IF AGE == 30.0 AND SEX == 1 AND STEROID == 1 AND ANTIVIRALS == 1 AND FATIGUE == 1 AND MALAISE == 1 AND ANOREXIA == 1 AND LIVER BIG == 1 AND LIVER FIRM == 1 AND SPLEEN PALPABLE == 1 AND SPIDERS == 1 AND ASCITES == 1 AND VARICES == 1 AND BILIRUBIN == 4 AND ALK PHOSPHATE == 52 AND SGOT == 49 AND ALBUMIN == 15 AND PROTIME == 21 AND HISTOLOGY == 1 THEN target == 2"
  dexp: "IF AGE == 30.0 THEN target == 2"
  expl: "IF AGE == 30.0 THEN target == 2"
  # hypos left: 1
  time: 0.00

  inst: "IF AGE == 45.0 AND SEX == 1 AND STEROID == 0 AND ANTIVIRALS == 2 AND FATIGUE == 0 AND MALAISE == 0 AND ANOREXIA == 0 AND LIVER BIG == 1 AND LIVER FIRM == 1 AND SPLEEN PALPABLE == 1 AND SPIDERS == 1 AND ASCITES == 1 AND VARICES == 1 AND BILIRUBIN == 19 AND ALK PHOSPHATE == 83 AND SGOT == 70 AND ALBUMIN == 29 AND PROTIME == 44 AND HISTOLOGY == 2 THEN target == 2"
  dexp: "IF AGE == 45.0 AND SEX == 1 AND FATIGUE == 0 AND SPLEEN PALPABLE == 1 AND LIVER BIG == 1 AND BILIRUBIN == 19 THEN target == 2"
  expl: "IF BILIRUBIN == 19 AND LIVER BIG == 1 AND AGE == 45.0 THEN target == 2"
  # hypos left: 3
  time: 0.00

  inst: "IF AGE == 50.0 AND SEX == 1 AND STEROID == 1 AND ANTIVIRALS == 2 AND FATIGUE == 1 AND MALAISE == 1 AND ANOREXIA == 1 AND LIVER BIG == 1 AND LIVER FIRM == 1 AND SPLEEN PALPABLE == 1 AND SPIDERS == 1 AND ASCITES == 1 AND VARICES == 1 AND BILIRUBIN == 12 AND ALK PHOSPHATE == 0 AND SGOT == 0 AND ALBUMIN == 27 AND PROTIME == 44 AND HISTOLOGY == 1 THEN target == 2"
  dexp: "IF AGE == 50.0 AND SEX == 1 AND FATIGUE == 1 AND SPLEEN PALPABLE == 1 AND LIVER BIG == 1 AND BILIRUBIN == 12 THEN target == 2"
  expl: "IF BILIRUBIN == 12 AND LIVER BIG == 1 AND AGE == 50.0 THEN target == 2"
  # hypos left: 3
  time: 0.00

  inst: "IF AGE == 62.0 AND SEX == 1 AND STEROID == 0 AND ANTIVIRALS == 2 AND FATIGUE == 0 AND MALAISE == 0 AND ANOREXIA == 1 AND LIVER BIG == 2 AND LIVER FIRM == 2 AND SPLEEN PALPABLE == 1 AND SPIDERS == 1 AND ASCITES == 1 AND VARICES == 1 AND BILIRUBIN == 7 AND ALK PHOSPHATE == 83 AND SGOT == 67 AND ALBUMIN == 29 AND PROTIME == 44 AND HISTOLOGY == 1 THEN target == 2"
  dexp: "IF AGE == 62.0 THEN target == 2"
  expl: "IF AGE == 62.0 THEN target == 2"
  # hypos left: 1
  time: 0.00

  inst: "IF AGE == 37.0 AND SEX == 1 AND STEROID == 0 AND ANTIVIRALS == 2 AND FATIGUE == 0 AND MALAISE == 1 AND ANOREXIA == 1 AND LIVER BIG == 1 AND LIVER FIRM == 1 AND SPLEEN PALPABLE == 1 AND SPIDERS == 0 AND ASCITES == 1 AND VARICES == 1 AND BILIRUBIN == 6 AND ALK PHOSPHATE == 83 AND SGOT == 34 AND ALBUMIN == 19 AND PROTIME == 44 AND HISTOLOGY == 2 THEN target == 1"
  dexp: "IF AGE == 37.0 AND SEX == 1 AND FATIGUE == 0 AND SPLEEN PALPABLE == 1 AND LIVER BIG == 1 AND BILIRUBIN == 6 AND ASCITES == 1 AND ANTIVIRALS == 2 THEN target == 1"
  expl: "IF ANTIVIRALS == 2 AND BILIRUBIN == 6 AND SPLEEN PALPABLE == 1 AND FATIGUE == 0 AND SEX == 1 AND AGE == 37.0 THEN target == 1"
  # hypos left: 6
  time: 0.00

  inst: "IF AGE == 28.0 AND SEX == 1 AND STEROID == 0 AND ANTIVIRALS == 2 AND FATIGUE == 0 AND MALAISE == 0 AND ANOREXIA == 0 AND LIVER BIG == 1 AND LIVER FIRM == 0 AND SPLEEN PALPABLE == 1 AND SPIDERS == 1 AND ASCITES == 1 AND VARICES == 1 AND BILIRUBIN == 13 AND ALK PHOSPHATE == 47 AND SGOT == 7 AND ALBUMIN == 16 AND PROTIME == 16 AND HISTOLOGY == 1 THEN target == 2"
  dexp: "IF AGE == 28.0 THEN target == 2"
  expl: "IF AGE == 28.0 THEN target == 2"
  # hypos left: 1
  time: 0.00

  inst: "IF AGE == 42.0 AND SEX == 1 AND STEROID == 1 AND ANTIVIRALS == 2 AND FATIGUE == 1 AND MALAISE == 1 AND ANOREXIA == 1 AND LIVER BIG == 1 AND LIVER FIRM == 1 AND SPLEEN PALPABLE == 1 AND SPIDERS == 1 AND ASCITES == 1 AND VARICES == 1 AND BILIRUBIN == 6 AND ALK PHOSPHATE == 59 AND SGOT == 68 AND ALBUMIN == 23 AND PROTIME == 17 AND HISTOLOGY == 1 THEN target == 2"
  dexp: "IF AGE == 42.0 AND SEX == 1 AND FATIGUE == 1 AND SPLEEN PALPABLE == 1 AND LIVER BIG == 1 AND BILIRUBIN == 6 AND ASCITES == 1 AND ANTIVIRALS == 2 THEN target == 2"
  expl: "IF ASCITES == 1 AND BILIRUBIN == 6 AND LIVER BIG == 1 AND FATIGUE == 1 AND AGE == 42.0 THEN target == 2"
  # hypos left: 5
  time: 0.00

  inst: "IF AGE == 51.0 AND SEX == 1 AND STEROID == 0 AND ANTIVIRALS == 2 AND FATIGUE == 0 AND MALAISE == 1 AND ANOREXIA == 0 AND LIVER BIG == 1 AND LIVER FIRM == 1 AND SPLEEN PALPABLE == 0 AND SPIDERS == 0 AND ASCITES == 1 AND VARICES == 1 AND BILIRUBIN == 34 AND ALK PHOSPHATE == 83 AND SGOT == 84 AND ALBUMIN == 29 AND PROTIME == 44 AND HISTOLOGY == 1 THEN target == 1"
  dexp: "IF AGE == 51.0 AND SEX == 1 AND FATIGUE == 0 AND SPLEEN PALPABLE == 0 AND LIVER BIG == 1 AND BILIRUBIN == 34 AND ASCITES == 1 AND ANTIVIRALS == 2 AND STEROID == 0 AND MALAISE == 1 THEN target == 1"
  expl: "IF MALAISE == 1 AND STEROID == 0 AND ANTIVIRALS == 2 AND BILIRUBIN == 34 AND SPLEEN PALPABLE == 0 AND FATIGUE == 0 AND SEX == 1 AND AGE == 51.0 THEN target == 1"
  # hypos left: 8
  time: 0.00

  inst: "IF AGE == 47.0 AND SEX == 1 AND STEROID == 1 AND ANTIVIRALS == 2 AND FATIGUE == 1 AND MALAISE == 1 AND ANOREXIA == 1 AND LIVER BIG == 1 AND LIVER FIRM == 1 AND SPLEEN PALPABLE == 1 AND SPIDERS == 0 AND ASCITES == 1 AND VARICES == 0 AND BILIRUBIN == 17 AND ALK PHOSPHATE == 75 AND SGOT == 33 AND ALBUMIN == 18 AND PROTIME == 30 AND HISTOLOGY == 2 THEN target == 1"
  dexp: "IF AGE == 47.0 AND SEX == 1 AND FATIGUE == 1 AND SPLEEN PALPABLE == 1 AND LIVER BIG == 1 AND BILIRUBIN == 17 AND ASCITES == 1 AND ANTIVIRALS == 2 THEN target == 1"
  expl: "IF ANTIVIRALS == 2 AND BILIRUBIN == 17 AND SPLEEN PALPABLE == 1 AND FATIGUE == 1 AND SEX == 1 AND AGE == 47.0 THEN target == 1"
  # hypos left: 6
  time: 0.00

  inst: "IF AGE == 40.0 AND SEX == 1 AND STEROID == 0 AND ANTIVIRALS == 2 AND FATIGUE == 0 AND MALAISE == 1 AND ANOREXIA == 1 AND LIVER BIG == 1 AND LIVER FIRM == 0 AND SPLEEN PALPABLE == 1 AND SPIDERS == 1 AND ASCITES == 1 AND VARICES == 1 AND BILIRUBIN == 3 AND ALK PHOSPHATE == 60 AND SGOT == 22 AND ALBUMIN == 16 AND PROTIME == 28 AND HISTOLOGY == 1 THEN target == 2"
  dexp: "IF AGE == 40.0 THEN target == 2"
  expl: "IF AGE == 40.0 THEN target == 2"
  # hypos left: 1
  time: 0.00

  inst: "IF AGE == 52.0 AND SEX == 1 AND STEROID == 0 AND ANTIVIRALS == 2 AND FATIGUE == 1 AND MALAISE == 1 AND ANOREXIA == 1 AND LIVER BIG == 1 AND LIVER FIRM == 1 AND SPLEEN PALPABLE == 1 AND SPIDERS == 1 AND ASCITES == 1 AND VARICES == 1 AND BILIRUBIN == 12 AND ALK PHOSPHATE == 83 AND SGOT == 73 AND ALBUMIN == 6 AND PROTIME == 44 AND HISTOLOGY == 2 THEN target == 2"
  dexp: "IF AGE == 52.0 THEN target == 2"
  expl: "IF AGE == 52.0 THEN target == 2"
  # hypos left: 1
  time: 0.00

  inst: "IF AGE == 28.0 AND SEX == 1 AND STEROID == 1 AND ANTIVIRALS == 2 AND FATIGUE == 0 AND MALAISE == 0 AND ANOREXIA == 1 AND LIVER BIG == 1 AND LIVER FIRM == 1 AND SPLEEN PALPABLE == 1 AND SPIDERS == 1 AND ASCITES == 1 AND VARICES == 1 AND BILIRUBIN == 4 AND ALK PHOSPHATE == 68 AND SGOT == 2 AND ALBUMIN == 20 AND PROTIME == 44 AND HISTOLOGY == 1 THEN target == 2"
  dexp: "IF AGE == 28.0 THEN target == 2"
  expl: "IF AGE == 28.0 THEN target == 2"
  # hypos left: 1
  time: 0.00

  inst: "IF AGE == 46.0 AND SEX == 1 AND STEROID == 1 AND ANTIVIRALS == 2 AND FATIGUE == 0 AND MALAISE == 0 AND ANOREXIA == 0 AND LIVER BIG == 1 AND LIVER FIRM == 1 AND SPLEEN PALPABLE == 1 AND SPIDERS == 0 AND ASCITES == 0 AND VARICES == 0 AND BILIRUBIN == 32 AND ALK PHOSPHATE == 83 AND SGOT == 36 AND ALBUMIN == 9 AND PROTIME == 19 AND HISTOLOGY == 2 THEN target == 1"
  dexp: "IF AGE == 46.0 THEN target == 1"
  expl: "IF AGE == 46.0 THEN target == 1"
  # hypos left: 1
  time: 0.00

  inst: "IF AGE == 30.0 AND SEX == 1 AND STEROID == 1 AND ANTIVIRALS == 2 AND FATIGUE == 1 AND MALAISE == 1 AND ANOREXIA == 1 AND LIVER BIG == 1 AND LIVER FIRM == 1 AND SPLEEN PALPABLE == 1 AND SPIDERS == 1 AND ASCITES == 1 AND VARICES == 1 AND BILIRUBIN == 7 AND ALK PHOSPHATE == 83 AND SGOT == 6 AND ALBUMIN == 15 AND PROTIME == 44 AND HISTOLOGY == 1 THEN target == 2"
  dexp: "IF AGE == 30.0 THEN target == 2"
  expl: "IF AGE == 30.0 THEN target == 2"
  # hypos left: 1
  time: 0.00

  inst: "IF AGE == 24.0 AND SEX == 1 AND STEROID == 0 AND ANTIVIRALS == 2 AND FATIGUE == 0 AND MALAISE == 1 AND ANOREXIA == 1 AND LIVER BIG == 1 AND LIVER FIRM == 1 AND SPLEEN PALPABLE == 1 AND SPIDERS == 1 AND ASCITES == 1 AND VARICES == 1 AND BILIRUBIN == 7 AND ALK PHOSPHATE == 83 AND SGOT == 48 AND ALBUMIN == 17 AND PROTIME == 44 AND HISTOLOGY == 2 THEN target == 2"
  dexp: "IF AGE == 24.0 THEN target == 2"
  expl: "IF AGE == 24.0 THEN target == 2"
  # hypos left: 1
  time: 0.00

  inst: "IF AGE == 22.0 AND SEX == 2 AND STEROID == 1 AND ANTIVIRALS == 1 AND FATIGUE == 0 AND MALAISE == 1 AND ANOREXIA == 1 AND LIVER BIG == 1 AND LIVER FIRM == 1 AND SPLEEN PALPABLE == 1 AND SPIDERS == 1 AND ASCITES == 1 AND VARICES == 1 AND BILIRUBIN == 6 AND ALK PHOSPHATE == 50 AND SGOT == 28 AND ALBUMIN == 18 AND PROTIME == 29 AND HISTOLOGY == 1 THEN target == 2"
  dexp: "IF AGE == 22.0 THEN target == 2"
  expl: "IF AGE == 22.0 THEN target == 2"
  # hypos left: 1
  time: 0.00

  inst: "IF AGE == 58.0 AND SEX == 1 AND STEROID == 1 AND ANTIVIRALS == 2 AND FATIGUE == 0 AND MALAISE == 1 AND ANOREXIA == 1 AND LIVER BIG == 0 AND LIVER FIRM == 0 AND SPLEEN PALPABLE == 0 AND SPIDERS == 0 AND ASCITES == 1 AND VARICES == 1 AND BILIRUBIN == 17 AND ALK PHOSPHATE == 29 AND SGOT == 36 AND ALBUMIN == 9 AND PROTIME == 44 AND HISTOLOGY == 1 THEN target == 1"
  dexp: "IF AGE == 58.0 AND SEX == 1 THEN target == 1"
  expl: "IF SEX == 1 AND AGE == 58.0 THEN target == 1"
  # hypos left: 2
  time: 0.00

  inst: "IF AGE == 39.0 AND SEX == 1 AND STEROID == 1 AND ANTIVIRALS == 2 AND FATIGUE == 1 AND MALAISE == 1 AND ANOREXIA == 1 AND LIVER BIG == 1 AND LIVER FIRM == 1 AND SPLEEN PALPABLE == 1 AND SPIDERS == 1 AND ASCITES == 1 AND VARICES == 1 AND BILIRUBIN == 7 AND ALK PHOSPHATE == 76 AND SGOT == 28 AND ALBUMIN == 16 AND PROTIME == 44 AND HISTOLOGY == 1 THEN target == 2"
  dexp: "IF AGE == 39.0 AND SEX == 1 AND FATIGUE == 1 AND SPLEEN PALPABLE == 1 AND LIVER BIG == 1 AND BILIRUBIN == 7 AND ASCITES == 1 THEN target == 2"
  expl: "IF ASCITES == 1 AND BILIRUBIN == 7 AND LIVER BIG == 1 AND AGE == 39.0 THEN target == 2"
  # hypos left: 4
  time: 0.00

  inst: "IF AGE == 32.0 AND SEX == 1 AND STEROID == 1 AND ANTIVIRALS == 1 AND FATIGUE == 0 AND MALAISE == 1 AND ANOREXIA == 1 AND LIVER BIG == 1 AND LIVER FIRM == 0 AND SPLEEN PALPABLE == 1 AND SPIDERS == 0 AND ASCITES == 1 AND VARICES == 1 AND BILIRUBIN == 7 AND ALK PHOSPHATE == 58 AND SGOT == 37 AND ALBUMIN == 13 AND PROTIME == 22 AND HISTOLOGY == 1 THEN target == 2"
  dexp: "IF AGE == 32.0 THEN target == 2"
  expl: "IF AGE == 32.0 THEN target == 2"
  # hypos left: 1
  time: 0.00

  inst: "IF AGE == 54.0 AND SEX == 1 AND STEROID == 1 AND ANTIVIRALS == 2 AND FATIGUE == 1 AND MALAISE == 1 AND ANOREXIA == 1 AND LIVER BIG == 1 AND LIVER FIRM == 1 AND SPLEEN PALPABLE == 1 AND SPIDERS == 1 AND ASCITES == 1 AND VARICES == 1 AND BILIRUBIN == 7 AND ALK PHOSPHATE == 76 AND SGOT == 44 AND ALBUMIN == 21 AND PROTIME == 0 AND HISTOLOGY == 2 THEN target == 2"
  dexp: "IF AGE == 54.0 AND SEX == 1 AND FATIGUE == 1 AND SPLEEN PALPABLE == 1 AND LIVER BIG == 1 THEN target == 2"
  expl: "IF LIVER BIG == 1 AND AGE == 54.0 THEN target == 2"
  # hypos left: 2
  time: 0.00

# of insts: 155
tot # of expls: 155
min # of expls: 1
avg # of expls: 1.00
max # of expls: 1

Min expl sz: 1
min expl sz: 2.55
avg expl sz: 2.55
max expl sz: 2.55
Max expl sz: 8

tot time: 0.02
min time: 0.00
avg time: 0.00
max time: 0.00

min dxrd:   0.00%
avg dxrd:  18.15%
max dxrd:  60.00%
