MODEL:
IF attribute#1 == 0, attribute#4 == 0, attribute#2 == 0, attribute#5 != 0, attribute#3 != 1 THEN target == 1
IF attribute#1 == 0, attribute#4 == 0, attribute#2 == 0, attribute#5 != 0, attribute#6 != 0 THEN target == 1
IF attribute#1 == 0, attribute#4 == 0, attribute#2 == 0, attribute#7 == 0, attribute#5 != 0 THEN target == 1
IF attribute#1 == 0, attribute#4 == 0, attribute#2 == 0, attribute#5 != 0 THEN target == 2
IF attribute#1 == 0, attribute#4 == 0, attribute#2 == 0, attribute#7 == 0, attribute#6 != 0 THEN target == 1
IF attribute#6 == 0, attribute#2 == 0, attribute#5 != 0, attribute#4 != 0, attribute#7 == 0 THEN target == 2
IF attribute#1 == 0, attribute#7 == 0, attribute#2 != 0, attribute#4 != 0, attribute#5 == 0 THEN target == 4
IF attribute#6 == 0, attribute#2 == 0, attribute#5 != 0, attribute#7 == 0 THEN target == 4
IF attribute#6 == 0, attribute#2 == 0, attribute#5 != 0, attribute#3 != 0, attribute#1 != 1 THEN target == 2
IF attribute#6 == 0, attribute#2 == 0, attribute#5 != 0, attribute#1 != 1 THEN target == 6
IF attribute#6 == 0, attribute#2 == 0, attribute#5 != 0, attribute#3 != 0, attribute#4 != 0 THEN target == 2
IF attribute#3 == 0, attribute#5 != 0, attribute#1 == 0, attribute#2 != 1 THEN target == 6
IF attribute#3 == 0, attribute#5 != 0, attribute#1 == 0, attribute#6 == 0 THEN target == 6
IF attribute#7 == 0, attribute#1 == 0, attribute#2 == 0, attribute#6 == 0, attribute#3 != 1 THEN target == 7
IF attribute#7 == 0, attribute#1 == 0, attribute#6 == 0, attribute#5 != 0 THEN target == 4
IF attribute#7 == 0, attribute#1 == 0, attribute#6 == 0, attribute#4 != 0 THEN target == 1
IF attribute#7 == 0, attribute#1 == 0, attribute#6 == 0, attribute#2 != 1 THEN target == 1
IF attribute#4 == 0, attribute#7 == 0, attribute#2 == 0, attribute#3 == 0, attribute#6 == 0 THEN target == 7
IF attribute#4 == 0, attribute#7 == 0, attribute#2 == 0, attribute#3 == 0, attribute#5 != 1 THEN target == 7
IF attribute#3 == 0, attribute#5 != 0, attribute#4 != 0, attribute#6 != 0, attribute#7 == 0 THEN target == 6
IF attribute#3 == 0, attribute#5 != 0, attribute#1 == 0, attribute#4 != 0 THEN target == 6
IF attribute#3 == 0, attribute#5 != 0, attribute#4 != 0, attribute#6 != 0, attribute#2 != 0 THEN target == 6
IF attribute#7 == 0, attribute#2 == 0, attribute#4 == 0, attribute#5 == 0, attribute#6 != 0 THEN target == 7
IF attribute#1 == 0, attribute#7 == 0, attribute#5 == 0, attribute#2 != 0, attribute#3 != 1 THEN target == 4
IF attribute#1 == 0, attribute#7 == 0, attribute#5 == 0, attribute#3 == 0 THEN target == 1
IF attribute#1 == 0, attribute#7 == 0, attribute#6 == 0 THEN target == 4
IF attribute#3 == 0, attribute#5 == 0, attribute#2 != 0, attribute#6 == 0, attribute#1 != 0 THEN target == 5
IF attribute#3 == 0, attribute#5 == 0, attribute#2 != 0, attribute#6 == 0 THEN target == 9
IF attribute#3 == 0, attribute#1 == 0, attribute#6 == 0 THEN target == 6
IF attribute#1 == 0, attribute#7 == 0, attribute#5 == 0, attribute#2 != 0 THEN target == 4
IF attribute#3 == 0, attribute#1 == 0, attribute#2 != 1 THEN target == 9
IF attribute#3 == 0, attribute#1 == 0, attribute#7 != 0, attribute#4 != 1 THEN target == 5
IF attribute#3 == 0, attribute#1 == 0, attribute#4 != 1 THEN target == 6
IF attribute#3 == 0, attribute#1 != 1 THEN target == 5
IF attribute#4 == 0, attribute#5 != 0, attribute#2 != 0, attribute#6 == 0, attribute#1 != 1 THEN target == 0
IF attribute#4 == 0, attribute#5 != 0, attribute#2 != 0, attribute#6 == 0, attribute#3 != 0 THEN target == 0
IF attribute#6 == 0, attribute#7 == 0, attribute#4 == 0, attribute#2 != 0 THEN target == 7
IF attribute#6 == 0, attribute#7 == 0, attribute#2 != 0, attribute#3 != 0 THEN target == 2
IF attribute#6 == 0, attribute#7 == 0, attribute#4 == 0 THEN target == 7
IF attribute#4 == 0, attribute#6 == 0, attribute#2 == 0, attribute#3 != 1 THEN target == 2
IF attribute#4 == 0, attribute#6 == 0, attribute#2 == 0, attribute#5 != 0 THEN target == 2
IF attribute#4 == 0, attribute#5 != 0, attribute#6 == 0 THEN target == 6
IF attribute#4 == 0, attribute#5 != 0, attribute#7 != 0, attribute#3 != 0, attribute#2 != 0 THEN target == 0
IF attribute#6 == 0, attribute#7 == 0, attribute#3 != 0 THEN target == 3
IF attribute#6 == 0, attribute#7 == 0, attribute#2 != 1 THEN target == 7
IF attribute#6 == 0, attribute#7 == 0 THEN target == 6
IF attribute#6 == 0, attribute#2 == 0, attribute#5 != 0 THEN target == 2
IF attribute#3 == 0, attribute#5 == 0, attribute#2 != 0, attribute#7 != 0, attribute#4 != 0 THEN target == 5
IF attribute#1 == 0, attribute#7 == 0, attribute#2 == 0, attribute#5 != 0 THEN target == 1
IF attribute#3 == 0, attribute#6 == 0, attribute#2 != 0 THEN target == 6
IF attribute#3 == 0, attribute#7 == 0, attribute#2 == 0, attribute#4 != 0 THEN target == 5
IF attribute#1 == 0, attribute#7 == 0, attribute#2 != 1 THEN target == 1
IF attribute#6 == 0, attribute#4 == 0, attribute#2 != 1 THEN target == 3
IF attribute#6 == 0, attribute#4 == 0 THEN target == 0
IF attribute#3 == 0, attribute#6 == 0 THEN target == 5
IF attribute#6 == 0, attribute#2 == 0, attribute#1 != 0 THEN target == 3
IF attribute#6 == 0, attribute#5 != 0, attribute#1 != 1 THEN target == 2
IF attribute#6 == 0, attribute#5 != 0 THEN target == 8
IF attribute#6 == 0, attribute#1 != 0 THEN target == 9
IF attribute#6 == 0, attribute#2 != 0 THEN target == 4
IF attribute#2 == 0, attribute#7 == 0, attribute#4 == 0, attribute#3 != 0 THEN target == 7
IF attribute#3 == 0, attribute#7 == 0, attribute#2 != 1 THEN target == 7
IF attribute#3 == 0, attribute#7 == 0, attribute#5 != 0 THEN target == 6
IF attribute#3 == 0, attribute#7 == 0, attribute#4 != 1 THEN target == 5
IF attribute#3 == 0, attribute#7 == 0 THEN target == 5
IF attribute#3 == 0, attribute#4 != 0, attribute#5 != 0 THEN target == 6
IF attribute#3 == 0, attribute#4 != 0 THEN target == 3
IF attribute#3 == 0, attribute#5 != 0, attribute#2 != 0 THEN target == 0
IF attribute#3 == 0, attribute#2 != 0 THEN target == 5
IF attribute#5 != 0, attribute#4 == 0, attribute#2 != 0, attribute#1 != 0 THEN target == 0
IF attribute#6 == 0 THEN target == 2
IF attribute#5 != 0, attribute#2 != 0, attribute#1 != 0, attribute#7 != 0 THEN target == 8
IF attribute#2 == 0, attribute#4 != 0, attribute#1 == 0, attribute#5 != 0 THEN target == 3
IF attribute#2 == 0, attribute#1 == 0, attribute#4 != 1 THEN target == 1
IF attribute#2 == 0, attribute#1 != 1 THEN target == 3
IF attribute#2 == 0, attribute#5 == 0, attribute#4 != 0, attribute#7 != 0 THEN target == 3
IF attribute#1 == 0, attribute#5 == 0, attribute#4 != 1 THEN target == 9
IF attribute#1 == 0, attribute#5 == 0 THEN target == 9
IF attribute#1 == 0, attribute#4 != 0, attribute#7 != 1 THEN target == 4
IF attribute#1 == 0, attribute#4 != 1 THEN target == 1
IF attribute#4 == 0, attribute#5 != 0, attribute#3 != 0 THEN target == 0
IF attribute#3 == 0, attribute#5 != 0 THEN target == 0
IF attribute#2 != 0, attribute#7 != 0, attribute#1 != 0, attribute#4 != 0 THEN target == 9
IF attribute#2 == 0, attribute#7 == 0, attribute#5 != 0 THEN target == 7
IF attribute#4 == 0, attribute#7 == 0 THEN target == 7
IF attribute#5 != 0, attribute#7 == 0 THEN target == 8
IF attribute#2 != 0, attribute#4 == 0 THEN target == 0
IF attribute#2 != 0, attribute#1 != 0 THEN target == 4
IF attribute#7 == 0 THEN target == 7
IF attribute#1 == 0 THEN target == 8
IF attribute#4 != 0 THEN target == 8
IF attribute#3 == 0 THEN target == 7
IF attribute#1 == 1 THEN target == 7
IF TRUE THEN target == 1

ENCODINDS:
# of classes: 10
min # of vars: 94
avg # of vars: 94.00
max # of vars: 94
min # of clauses: 400
avg # of clauses: 404.40
max # of clauses: 409

EXPLANATIONS:
  inst: "IF attribute#1 == 0 AND attribute#2 == 0 AND attribute#3 == 1 AND attribute#4 == 0 AND attribute#5 == 0 AND attribute#6 == 1 AND attribute#7 == 0 THEN target == 1"
  dexp: "IF attribute#3 == 1 AND attribute#5 == 0 AND attribute#1 == 0 AND attribute#2 == 0 AND attribute#4 == 0 AND attribute#6 == 1 AND attribute#7 == 0 THEN target == 1"
  expl: "IF attribute#6 == 1 AND attribute#4 == 0 AND attribute#2 == 0 AND attribute#1 == 0 AND attribute#3 == 1 THEN target == 1"
  # hypos left: 5
  time: 0.00

  inst: "IF attribute#1 == 0 AND attribute#2 == 0 AND attribute#3 == 0 AND attribute#4 == 0 AND attribute#5 == 0 AND attribute#6 == 1 AND attribute#7 == 0 THEN target == 1"
  dexp: "IF attribute#5 == 0 AND attribute#1 == 0 AND attribute#2 == 0 AND attribute#4 == 0 AND attribute#6 == 1 AND attribute#7 == 0 THEN target == 1"
  expl: "IF attribute#7 == 0 AND attribute#6 == 1 AND attribute#2 == 0 AND attribute#1 == 0 AND attribute#5 == 0 THEN target == 1"
  # hypos left: 5
  time: 0.00

  inst: "IF attribute#1 == 0 AND attribute#2 == 0 AND attribute#3 == 1 AND attribute#4 == 1 AND attribute#5 == 0 AND attribute#6 == 1 AND attribute#7 == 0 THEN target == 1"
  dexp: "IF attribute#3 == 1 AND attribute#4 == 1 AND attribute#5 == 0 AND attribute#2 == 0 AND attribute#6 == 1 AND attribute#1 == 0 AND attribute#7 == 0 THEN target == 1"
  expl: "IF attribute#7 == 0 AND attribute#1 == 0 AND attribute#6 == 1 AND attribute#2 == 0 AND attribute#5 == 0 THEN target == 1"
  # hypos left: 5
  time: 0.00

  inst: "IF attribute#1 == 0 AND attribute#2 == 0 AND attribute#3 == 1 AND attribute#4 == 0 AND attribute#5 == 1 AND attribute#6 == 1 AND attribute#7 == 0 THEN target == 1"
  dexp: "IF attribute#3 == 1 AND attribute#1 == 0 AND attribute#2 == 0 AND attribute#4 == 0 AND attribute#5 == 1 AND attribute#6 == 1 THEN target == 1"
  expl: "IF attribute#6 == 1 AND attribute#4 == 0 AND attribute#2 == 0 AND attribute#1 == 0 AND attribute#3 == 1 THEN target == 1"
  # hypos left: 5
  time: 0.00

  inst: "IF attribute#1 == 0 AND attribute#2 == 1 AND attribute#3 == 1 AND attribute#4 == 0 AND attribute#5 == 0 AND attribute#6 == 1 AND attribute#7 == 0 THEN target == 4"
  dexp: "IF attribute#2 == 1 AND attribute#4 == 0 AND attribute#3 == 1 AND attribute#5 == 0 AND attribute#6 == 1 AND attribute#1 == 0 AND attribute#7 == 0 THEN target == 4"
  expl: "IF attribute#7 == 0 AND attribute#1 == 0 AND attribute#5 == 0 AND attribute#2 == 1 THEN target == 4"
  # hypos left: 4
  time: 0.00

  inst: "IF attribute#1 == 0 AND attribute#2 == 0 AND attribute#3 == 1 AND attribute#4 == 0 AND attribute#5 == 0 AND attribute#6 == 0 AND attribute#7 == 0 THEN target == 1"
  dexp: "IF attribute#3 == 1 AND attribute#5 == 0 AND attribute#6 == 0 AND attribute#4 == 0 AND attribute#2 == 0 AND attribute#1 == 0 AND attribute#7 == 0 THEN target == 1"
  expl: "IF attribute#7 == 0 AND attribute#1 == 0 AND attribute#2 == 0 AND attribute#5 == 0 AND attribute#3 == 1 THEN target == 1"
  # hypos left: 5
  time: 0.00

  inst: "IF attribute#1 == 1 AND attribute#2 == 0 AND attribute#3 == 1 AND attribute#4 == 1 AND attribute#5 == 0 AND attribute#6 == 1 AND attribute#7 == 0 THEN target == 7"
  dexp: "IF attribute#1 == 1 AND attribute#5 == 0 AND attribute#3 == 1 AND attribute#2 == 0 AND attribute#4 == 1 AND attribute#6 == 1 AND attribute#7 == 0 THEN target == 7"
  expl: "IF attribute#7 == 0 AND attribute#6 == 1 AND attribute#2 == 0 AND attribute#3 == 1 AND attribute#1 == 1 THEN target == 7"
  # hypos left: 5
  time: 0.00

  inst: "IF attribute#1 == 1 AND attribute#2 == 0 AND attribute#3 == 1 AND attribute#4 == 0 AND attribute#5 == 0 AND attribute#6 == 1 AND attribute#7 == 0 THEN target == 7"
  dexp: "IF attribute#1 == 1 AND attribute#4 == 0 AND attribute#5 == 0 AND attribute#3 == 1 AND attribute#2 == 0 AND attribute#6 == 1 AND attribute#7 == 0 THEN target == 7"
  expl: "IF attribute#6 == 1 AND attribute#2 == 0 AND attribute#5 == 0 AND attribute#4 == 0 AND attribute#1 == 1 THEN target == 7"
  # hypos left: 5
  time: 0.00

  inst: "IF attribute#1 == 0 AND attribute#2 == 0 AND attribute#3 == 0 AND attribute#4 == 0 AND attribute#5 == 1 AND attribute#6 == 1 AND attribute#7 == 0 THEN target == 1"
  dexp: "IF attribute#1 == 0 AND attribute#2 == 0 AND attribute#3 == 0 AND attribute#4 == 0 AND attribute#5 == 1 THEN target == 1"
  expl: "IF attribute#5 == 1 AND attribute#4 == 0 AND attribute#3 == 0 AND attribute#2 == 0 AND attribute#1 == 0 THEN target == 1"
  # hypos left: 5
  time: 0.00

  inst: "IF attribute#1 == 1 AND attribute#2 == 1 AND attribute#3 == 1 AND attribute#4 == 0 AND attribute#5 == 0 AND attribute#6 == 1 AND attribute#7 == 0 THEN target == 7"
  dexp: "IF attribute#1 == 1 AND attribute#2 == 1 AND attribute#3 == 1 AND attribute#5 == 0 AND attribute#6 == 1 AND attribute#4 == 0 AND attribute#7 == 0 THEN target == 7"
  expl: "IF attribute#7 == 0 AND attribute#4 == 0 AND attribute#5 == 0 AND attribute#3 == 1 AND attribute#1 == 1 THEN target == 7"
  # hypos left: 5
  time: 0.00

  inst: "IF attribute#1 == 0 AND attribute#2 == 1 AND attribute#3 == 1 AND attribute#4 == 0 AND attribute#5 == 1 AND attribute#6 == 1 AND attribute#7 == 0 THEN target == 1"
  dexp: "IF attribute#2 == 1 AND attribute#4 == 0 AND attribute#3 == 1 AND attribute#6 == 1 AND attribute#1 == 0 AND attribute#5 == 1 AND attribute#7 == 0 THEN target == 1"
  expl: "IF attribute#7 == 0 AND attribute#5 == 1 AND attribute#1 == 0 AND attribute#6 == 1 AND attribute#3 == 1 AND attribute#4 == 0 THEN target == 1"
  # hypos left: 6
  time: 0.00

  inst: "IF attribute#1 == 1 AND attribute#2 == 1 AND attribute#3 == 1 AND attribute#4 == 1 AND attribute#5 == 0 AND attribute#6 == 1 AND attribute#7 == 1 THEN target == 9"
  dexp: "IF attribute#1 == 1 AND attribute#2 == 1 AND attribute#3 == 1 AND attribute#4 == 1 AND attribute#6 == 1 AND attribute#5 == 0 AND attribute#7 == 1 THEN target == 9"
  expl: "IF attribute#7 == 1 AND attribute#5 == 0 AND attribute#4 == 1 AND attribute#3 == 1 AND attribute#2 == 1 AND attribute#1 == 1 THEN target == 9"
  # hypos left: 6
  time: 0.00

  inst: "IF attribute#1 == 1 AND attribute#2 == 1 AND attribute#3 == 0 AND attribute#4 == 1 AND attribute#5 == 1 AND attribute#6 == 1 AND attribute#7 == 1 THEN target == 6"
  dexp: "IF attribute#1 == 1 AND attribute#2 == 1 AND attribute#7 == 1 AND attribute#3 == 0 AND attribute#4 == 1 AND attribute#5 == 1 AND attribute#6 == 1 THEN target == 6"
  expl: "IF attribute#5 == 1 AND attribute#4 == 1 AND attribute#3 == 0 AND attribute#2 == 1 THEN target == 6"
  # hypos left: 4
  time: 0.00

  inst: "IF attribute#1 == 1 AND attribute#2 == 1 AND attribute#3 == 1 AND attribute#4 == 0 AND attribute#5 == 0 AND attribute#6 == 1 AND attribute#7 == 1 THEN target == 0"
  dexp: "IF attribute#1 == 1 AND attribute#2 == 1 AND attribute#3 == 1 AND attribute#5 == 0 AND attribute#6 == 1 AND attribute#4 == 0 AND attribute#7 == 1 THEN target == 0"
  expl: "IF attribute#7 == 1 AND attribute#4 == 0 AND attribute#3 == 1 AND attribute#2 == 1 AND attribute#1 == 1 THEN target == 0"
  # hypos left: 5
  time: 0.00

  inst: "IF attribute#1 == 0 AND attribute#2 == 1 AND attribute#3 == 1 AND attribute#4 == 1 AND attribute#5 == 0 AND attribute#6 == 1 AND attribute#7 == 1 THEN target == 9"
  dexp: "IF attribute#2 == 1 AND attribute#7 == 1 AND attribute#3 == 1 AND attribute#5 == 0 AND attribute#6 == 1 AND attribute#1 == 0 AND attribute#4 == 1 THEN target == 9"
  expl: "IF attribute#1 == 0 AND attribute#6 == 1 AND attribute#5 == 0 AND attribute#3 == 1 AND attribute#7 == 1 AND attribute#2 == 1 THEN target == 9"
  # hypos left: 6
  time: 0.00

  inst: "IF attribute#1 == 1 AND attribute#2 == 1 AND attribute#3 == 1 AND attribute#4 == 1 AND attribute#5 == 0 AND attribute#6 == 0 AND attribute#7 == 1 THEN target == 9"
  dexp: "IF attribute#1 == 1 AND attribute#2 == 1 AND attribute#3 == 1 AND attribute#4 == 1 AND attribute#7 == 1 AND attribute#5 == 0 AND attribute#6 == 0 THEN target == 9"
  expl: "IF attribute#5 == 0 AND attribute#7 == 1 AND attribute#4 == 1 AND attribute#3 == 1 AND attribute#2 == 1 AND attribute#1 == 1 THEN target == 9"
  # hypos left: 6
  time: 0.00

  inst: "IF attribute#1 == 1 AND attribute#2 == 0 AND attribute#3 == 1 AND attribute#4 == 1 AND attribute#5 == 0 AND attribute#6 == 1 AND attribute#7 == 1 THEN target == 3"
  dexp: "IF attribute#1 == 1 AND attribute#5 == 0 AND attribute#3 == 1 AND attribute#2 == 0 AND attribute#4 == 1 AND attribute#6 == 1 AND attribute#7 == 1 THEN target == 3"
  expl: "IF attribute#7 == 1 AND attribute#4 == 1 AND attribute#2 == 0 AND attribute#3 == 1 AND attribute#5 == 0 AND attribute#1 == 1 THEN target == 3"
  # hypos left: 6
  time: 0.00

  inst: "IF attribute#1 == 1 AND attribute#2 == 1 AND attribute#3 == 0 AND attribute#4 == 1 AND attribute#5 == 0 AND attribute#6 == 1 AND attribute#7 == 1 THEN target == 5"
  dexp: "IF attribute#1 == 1 AND attribute#2 == 1 AND attribute#5 == 0 AND attribute#6 == 1 AND attribute#3 == 0 AND attribute#4 == 1 AND attribute#7 == 1 THEN target == 5"
  expl: "IF attribute#3 == 0 AND attribute#5 == 0 AND attribute#2 == 1 AND attribute#1 == 1 THEN target == 5"
  # hypos left: 4
  time: 0.00

  inst: "IF attribute#1 == 0 AND attribute#2 == 1 AND attribute#3 == 1 AND attribute#4 == 1 AND attribute#5 == 1 AND attribute#6 == 1 AND attribute#7 == 1 THEN target == 8"
  dexp: "IF attribute#2 == 1 AND attribute#5 == 1 AND attribute#3 == 1 AND attribute#6 == 1 AND attribute#1 == 0 AND attribute#4 == 1 AND attribute#7 == 1 THEN target == 8"
  expl: "IF attribute#7 == 1 AND attribute#4 == 1 AND attribute#6 == 1 AND attribute#3 == 1 AND attribute#5 == 1 AND attribute#2 == 1 THEN target == 8"
  # hypos left: 6
  time: 0.00

  inst: "IF attribute#1 == 1 AND attribute#2 == 1 AND attribute#3 == 1 AND attribute#4 == 1 AND attribute#5 == 0 AND attribute#6 == 1 AND attribute#7 == 0 THEN target == 4"
  dexp: "IF attribute#1 == 1 AND attribute#2 == 1 AND attribute#3 == 1 AND attribute#4 == 1 AND attribute#6 == 1 AND attribute#5 == 0 AND attribute#7 == 0 THEN target == 4"
  expl: "IF attribute#7 == 0 AND attribute#5 == 0 AND attribute#6 == 1 AND attribute#4 == 1 AND attribute#3 == 1 AND attribute#2 == 1 THEN target == 4"
  # hypos left: 6
  time: 0.00

  inst: "IF attribute#1 == 0 AND attribute#2 == 1 AND attribute#3 == 0 AND attribute#4 == 1 AND attribute#5 == 0 AND attribute#6 == 0 AND attribute#7 == 1 THEN target == 9"
  dexp: "IF attribute#2 == 1 AND attribute#7 == 1 AND attribute#5 == 0 AND attribute#1 == 0 AND attribute#3 == 0 AND attribute#6 == 0 THEN target == 9"
  expl: "IF attribute#6 == 0 AND attribute#3 == 0 AND attribute#1 == 0 AND attribute#5 == 0 AND attribute#7 == 1 AND attribute#2 == 1 THEN target == 9"
  # hypos left: 6
  time: 0.00

  inst: "IF attribute#1 == 0 AND attribute#2 == 0 AND attribute#3 == 0 AND attribute#4 == 1 AND attribute#5 == 0 AND attribute#6 == 1 AND attribute#7 == 1 THEN target == 9"
  dexp: "IF attribute#4 == 1 AND attribute#5 == 0 AND attribute#2 == 0 AND attribute#3 == 0 AND attribute#6 == 1 AND attribute#7 == 1 AND attribute#1 == 0 THEN target == 9"
  expl: "IF attribute#1 == 0 AND attribute#7 == 1 AND attribute#6 == 1 AND attribute#3 == 0 AND attribute#2 == 0 AND attribute#5 == 0 THEN target == 9"
  # hypos left: 6
  time: 0.00

  inst: "IF attribute#1 == 1 AND attribute#2 == 0 AND attribute#3 == 1 AND attribute#4 == 0 AND attribute#5 == 1 AND attribute#6 == 1 AND attribute#7 == 0 THEN target == 7"
  dexp: "IF attribute#1 == 1 AND attribute#4 == 0 AND attribute#6 == 1 AND attribute#3 == 1 AND attribute#2 == 0 AND attribute#5 == 1 AND attribute#7 == 0 THEN target == 7"
  expl: "IF attribute#7 == 0 AND attribute#2 == 0 AND attribute#3 == 1 AND attribute#6 == 1 AND attribute#1 == 1 THEN target == 7"
  # hypos left: 5
  time: 0.00

  inst: "IF attribute#1 == 1 AND attribute#2 == 0 AND attribute#3 == 1 AND attribute#4 == 1 AND attribute#5 == 1 AND attribute#6 == 1 AND attribute#7 == 1 THEN target == 8"
  dexp: "IF attribute#1 == 1 AND attribute#6 == 1 AND attribute#3 == 1 AND attribute#2 == 0 AND attribute#4 == 1 AND attribute#5 == 1 AND attribute#7 == 1 THEN target == 8"
  expl: "IF attribute#7 == 1 AND attribute#5 == 1 AND attribute#4 == 1 AND attribute#3 == 1 AND attribute#6 == 1 AND attribute#1 == 1 THEN target == 8"
  # hypos left: 6
  time: 0.00

  inst: "IF attribute#1 == 1 AND attribute#2 == 0 AND attribute#3 == 0 AND attribute#4 == 1 AND attribute#5 == 0 AND attribute#6 == 1 AND attribute#7 == 1 THEN target == 3"
  dexp: "IF attribute#1 == 1 AND attribute#5 == 0 AND attribute#3 == 0 AND attribute#4 == 1 AND attribute#2 == 0 AND attribute#6 == 1 AND attribute#7 == 1 THEN target == 3"
  expl: "IF attribute#7 == 1 AND attribute#6 == 1 AND attribute#2 == 0 AND attribute#4 == 1 AND attribute#5 == 0 AND attribute#1 == 1 THEN target == 3"
  # hypos left: 6
  time: 0.00

  inst: "IF attribute#1 == 0 AND attribute#2 == 0 AND attribute#3 == 1 AND attribute#4 == 1 AND attribute#5 == 0 AND attribute#6 == 1 AND attribute#7 == 1 THEN target == 3"
  dexp: "IF attribute#3 == 1 AND attribute#4 == 1 AND attribute#5 == 0 AND attribute#2 == 0 AND attribute#6 == 1 AND attribute#1 == 0 AND attribute#7 == 1 THEN target == 3"
  expl: "IF attribute#7 == 1 AND attribute#6 == 1 AND attribute#2 == 0 AND attribute#5 == 0 AND attribute#4 == 1 AND attribute#3 == 1 THEN target == 3"
  # hypos left: 6
  time: 0.00

  inst: "IF attribute#1 == 1 AND attribute#2 == 0 AND attribute#3 == 1 AND attribute#4 == 1 AND attribute#5 == 0 AND attribute#6 == 0 AND attribute#7 == 1 THEN target == 3"
  dexp: "IF attribute#1 == 1 AND attribute#5 == 0 AND attribute#3 == 1 AND attribute#2 == 0 AND attribute#4 == 1 AND attribute#7 == 1 AND attribute#6 == 0 THEN target == 3"
  expl: "IF attribute#7 == 1 AND attribute#4 == 1 AND attribute#2 == 0 AND attribute#3 == 1 AND attribute#5 == 0 AND attribute#1 == 1 THEN target == 3"
  # hypos left: 6
  time: 0.00

  inst: "IF attribute#1 == 1 AND attribute#2 == 0 AND attribute#3 == 0 AND attribute#4 == 0 AND attribute#5 == 0 AND attribute#6 == 1 AND attribute#7 == 1 THEN target == 7"
  dexp: "IF attribute#1 == 1 AND attribute#4 == 0 AND attribute#5 == 0 AND attribute#3 == 0 AND attribute#6 == 1 AND attribute#7 == 1 AND attribute#2 == 0 THEN target == 7"
  expl: "IF attribute#2 == 0 AND attribute#6 == 1 AND attribute#5 == 0 AND attribute#4 == 0 AND attribute#1 == 1 THEN target == 7"
  # hypos left: 5
  time: 0.00

  inst: "IF attribute#1 == 1 AND attribute#2 == 0 AND attribute#3 == 1 AND attribute#4 == 1 AND attribute#5 == 0 AND attribute#6 == 0 AND attribute#7 == 0 THEN target == 3"
  dexp: "IF attribute#1 == 1 AND attribute#5 == 0 AND attribute#3 == 1 AND attribute#2 == 0 AND attribute#4 == 1 AND attribute#6 == 0 AND attribute#7 == 0 THEN target == 3"
  expl: "IF attribute#6 == 0 AND attribute#4 == 1 AND attribute#2 == 0 AND attribute#3 == 1 AND attribute#5 == 0 AND attribute#1 == 1 THEN target == 3"
  # hypos left: 6
  time: 0.00

  inst: "IF attribute#1 == 1 AND attribute#2 == 1 AND attribute#3 == 1 AND attribute#4 == 1 AND attribute#5 == 1 AND attribute#6 == 0 AND attribute#7 == 1 THEN target == 8"
  dexp: "IF attribute#1 == 1 AND attribute#2 == 1 AND attribute#3 == 1 AND attribute#4 == 1 AND attribute#7 == 1 AND attribute#5 == 1 AND attribute#6 == 0 THEN target == 8"
  expl: "IF attribute#5 == 1 AND attribute#7 == 1 AND attribute#4 == 1 AND attribute#3 == 1 AND attribute#2 == 1 AND attribute#1 == 1 THEN target == 8"
  # hypos left: 6
  time: 0.00

  inst: "IF attribute#1 == 0 AND attribute#2 == 1 AND attribute#3 == 1 AND attribute#4 == 1 AND attribute#5 == 0 AND attribute#6 == 1 AND attribute#7 == 0 THEN target == 4"
  dexp: "IF attribute#2 == 1 AND attribute#1 == 0 AND attribute#4 == 1 AND attribute#5 == 0 AND attribute#7 == 0 THEN target == 4"
  expl: "IF attribute#7 == 0 AND attribute#5 == 0 AND attribute#1 == 0 AND attribute#2 == 1 THEN target == 4"
  # hypos left: 4
  time: 0.00

  inst: "IF attribute#1 == 0 AND attribute#2 == 1 AND attribute#3 == 1 AND attribute#4 == 1 AND attribute#5 == 1 AND attribute#6 == 0 AND attribute#7 == 0 THEN target == 4"
  dexp: "IF attribute#2 == 1 AND attribute#5 == 1 AND attribute#3 == 1 AND attribute#1 == 0 AND attribute#6 == 0 AND attribute#7 == 0 THEN target == 4"
  expl: "IF attribute#7 == 0 AND attribute#6 == 0 AND attribute#1 == 0 AND attribute#3 == 1 AND attribute#2 == 1 THEN target == 4"
  # hypos left: 5
  time: 0.00

  inst: "IF attribute#1 == 0 AND attribute#2 == 1 AND attribute#3 == 1 AND attribute#4 == 1 AND attribute#5 == 1 AND attribute#6 == 1 AND attribute#7 == 0 THEN target == 4"
  dexp: "IF attribute#2 == 1 AND attribute#5 == 1 AND attribute#3 == 1 AND attribute#6 == 1 AND attribute#1 == 0 AND attribute#4 == 1 AND attribute#7 == 0 THEN target == 4"
  expl: "IF attribute#7 == 0 AND attribute#4 == 1 AND attribute#1 == 0 AND attribute#3 == 1 AND attribute#2 == 1 THEN target == 4"
  # hypos left: 5
  time: 0.00

  inst: "IF attribute#1 == 0 AND attribute#2 == 1 AND attribute#3 == 0 AND attribute#4 == 0 AND attribute#5 == 0 AND attribute#6 == 1 AND attribute#7 == 0 THEN target == 4"
  dexp: "IF attribute#2 == 1 AND attribute#4 == 0 AND attribute#5 == 0 AND attribute#1 == 0 AND attribute#3 == 0 AND attribute#7 == 0 THEN target == 4"
  expl: "IF attribute#7 == 0 AND attribute#1 == 0 AND attribute#5 == 0 AND attribute#2 == 1 THEN target == 4"
  # hypos left: 4
  time: 0.00

  inst: "IF attribute#1 == 0 AND attribute#2 == 1 AND attribute#3 == 1 AND attribute#4 == 1 AND attribute#5 == 0 AND attribute#6 == 0 AND attribute#7 == 0 THEN target == 4"
  dexp: "IF attribute#2 == 1 AND attribute#1 == 0 AND attribute#4 == 1 AND attribute#5 == 0 AND attribute#7 == 0 THEN target == 4"
  expl: "IF attribute#7 == 0 AND attribute#5 == 0 AND attribute#1 == 0 AND attribute#2 == 1 THEN target == 4"
  # hypos left: 4
  time: 0.00

  inst: "IF attribute#1 == 1 AND attribute#2 == 1 AND attribute#3 == 1 AND attribute#4 == 1 AND attribute#5 == 1 AND attribute#6 == 1 AND attribute#7 == 0 THEN target == 8"
  dexp: "IF attribute#1 == 1 AND attribute#2 == 1 AND attribute#3 == 1 AND attribute#4 == 1 AND attribute#6 == 1 AND attribute#7 == 0 AND attribute#5 == 1 THEN target == 8"
  expl: "IF attribute#5 == 1 AND attribute#6 == 1 AND attribute#4 == 1 AND attribute#3 == 1 AND attribute#2 == 1 AND attribute#1 == 1 THEN target == 8"
  # hypos left: 6
  time: 0.00

  inst: "IF attribute#1 == 0 AND attribute#2 == 1 AND attribute#3 == 1 AND attribute#4 == 1 AND attribute#5 == 1 AND attribute#6 == 0 AND attribute#7 == 1 THEN target == 2"
  dexp: "IF attribute#2 == 1 AND attribute#5 == 1 AND attribute#3 == 1 AND attribute#7 == 1 AND attribute#1 == 0 AND attribute#4 == 1 AND attribute#6 == 0 THEN target == 2"
  expl: "IF attribute#6 == 0 AND attribute#4 == 1 AND attribute#1 == 0 AND attribute#7 == 1 AND attribute#3 == 1 AND attribute#5 == 1 THEN target == 2"
  # hypos left: 6
  time: 0.00

  inst: "IF attribute#1 == 1 AND attribute#2 == 1 AND attribute#3 == 1 AND attribute#4 == 0 AND attribute#5 == 1 AND attribute#6 == 0 AND attribute#7 == 1 THEN target == 0"
  dexp: "IF attribute#1 == 1 AND attribute#2 == 1 AND attribute#3 == 1 AND attribute#4 == 0 AND attribute#5 == 1 AND attribute#6 == 0 THEN target == 0"
  expl: "IF attribute#5 == 1 AND attribute#4 == 0 AND attribute#3 == 1 AND attribute#2 == 1 AND attribute#1 == 1 THEN target == 0"
  # hypos left: 5
  time: 0.00

  inst: "IF attribute#1 == 1 AND attribute#2 == 0 AND attribute#3 == 1 AND attribute#4 == 1 AND attribute#5 == 1 AND attribute#6 == 0 AND attribute#7 == 1 THEN target == 2"
  dexp: "IF attribute#1 == 1 AND attribute#7 == 1 AND attribute#2 == 0 AND attribute#3 == 1 AND attribute#4 == 1 AND attribute#5 == 1 AND attribute#6 == 0 THEN target == 2"
  expl: "IF attribute#6 == 0 AND attribute#5 == 1 AND attribute#4 == 1 AND attribute#2 == 0 AND attribute#1 == 1 THEN target == 2"
  # hypos left: 5
  time: 0.00

  inst: "IF attribute#1 == 1 AND attribute#2 == 0 AND attribute#3 == 1 AND attribute#4 == 1 AND attribute#5 == 1 AND attribute#6 == 1 AND attribute#7 == 0 THEN target == 7"
  dexp: "IF attribute#1 == 1 AND attribute#6 == 1 AND attribute#3 == 1 AND attribute#2 == 0 AND attribute#4 == 1 AND attribute#5 == 1 AND attribute#7 == 0 THEN target == 7"
  expl: "IF attribute#7 == 0 AND attribute#2 == 0 AND attribute#3 == 1 AND attribute#6 == 1 AND attribute#1 == 1 THEN target == 7"
  # hypos left: 5
  time: 0.00

  inst: "IF attribute#1 == 1 AND attribute#2 == 0 AND attribute#3 == 0 AND attribute#4 == 1 AND attribute#5 == 1 AND attribute#6 == 0 AND attribute#7 == 1 THEN target == 2"
  dexp: "IF attribute#1 == 1 AND attribute#7 == 1 AND attribute#3 == 0 AND attribute#4 == 1 AND attribute#6 == 0 AND attribute#2 == 0 AND attribute#5 == 1 THEN target == 2"
  expl: "IF attribute#5 == 1 AND attribute#2 == 0 AND attribute#6 == 0 AND attribute#4 == 1 AND attribute#1 == 1 THEN target == 2"
  # hypos left: 5
  time: 0.00

  inst: "IF attribute#1 == 0 AND attribute#2 == 0 AND attribute#3 == 1 AND attribute#4 == 1 AND attribute#5 == 1 AND attribute#6 == 0 AND attribute#7 == 1 THEN target == 2"
  dexp: "IF attribute#3 == 1 AND attribute#4 == 1 AND attribute#7 == 1 AND attribute#2 == 0 AND attribute#1 == 0 AND attribute#5 == 1 AND attribute#6 == 0 THEN target == 2"
  expl: "IF attribute#6 == 0 AND attribute#5 == 1 AND attribute#2 == 0 AND attribute#4 == 1 AND attribute#3 == 1 THEN target == 2"
  # hypos left: 5
  time: 0.00

  inst: "IF attribute#1 == 0 AND attribute#2 == 0 AND attribute#3 == 1 AND attribute#4 == 1 AND attribute#5 == 1 AND attribute#6 == 0 AND attribute#7 == 0 THEN target == 2"
  dexp: "IF attribute#3 == 1 AND attribute#4 == 1 AND attribute#2 == 0 AND attribute#5 == 1 AND attribute#6 == 0 AND attribute#7 == 0 THEN target == 2"
  expl: "IF attribute#6 == 0 AND attribute#5 == 1 AND attribute#2 == 0 AND attribute#4 == 1 AND attribute#3 == 1 THEN target == 2"
  # hypos left: 5
  time: 0.00

  inst: "IF attribute#1 == 1 AND attribute#2 == 0 AND attribute#3 == 1 AND attribute#4 == 0 AND attribute#5 == 1 AND attribute#6 == 0 AND attribute#7 == 1 THEN target == 2"
  dexp: "IF attribute#1 == 1 AND attribute#4 == 0 AND attribute#7 == 1 AND attribute#3 == 1 AND attribute#2 == 0 AND attribute#5 == 1 AND attribute#6 == 0 THEN target == 2"
  expl: "IF attribute#6 == 0 AND attribute#5 == 1 AND attribute#2 == 0 AND attribute#7 == 1 AND attribute#1 == 1 THEN target == 2"
  # hypos left: 5
  time: 0.00

  inst: "IF attribute#1 == 1 AND attribute#2 == 0 AND attribute#3 == 0 AND attribute#4 == 0 AND attribute#5 == 1 AND attribute#6 == 0 AND attribute#7 == 1 THEN target == 2"
  dexp: "IF attribute#1 == 1 AND attribute#4 == 0 AND attribute#7 == 1 AND attribute#3 == 0 AND attribute#5 == 1 AND attribute#2 == 0 AND attribute#6 == 0 THEN target == 2"
  expl: "IF attribute#6 == 0 AND attribute#2 == 0 AND attribute#5 == 1 AND attribute#7 == 1 AND attribute#1 == 1 THEN target == 2"
  # hypos left: 5
  time: 0.00

  inst: "IF attribute#1 == 1 AND attribute#2 == 0 AND attribute#3 == 1 AND attribute#4 == 1 AND attribute#5 == 1 AND attribute#6 == 0 AND attribute#7 == 0 THEN target == 2"
  dexp: "IF attribute#1 == 1 AND attribute#2 == 0 AND attribute#4 == 1 AND attribute#5 == 1 AND attribute#6 == 0 AND attribute#7 == 0 THEN target == 2"
  expl: "IF attribute#6 == 0 AND attribute#5 == 1 AND attribute#4 == 1 AND attribute#2 == 0 AND attribute#1 == 1 THEN target == 2"
  # hypos left: 5
  time: 0.00

  inst: "IF attribute#1 == 1 AND attribute#2 == 0 AND attribute#3 == 0 AND attribute#4 == 0 AND attribute#5 == 0 AND attribute#6 == 0 AND attribute#7 == 1 THEN target == 2"
  dexp: "IF attribute#1 == 1 AND attribute#4 == 0 AND attribute#5 == 0 AND attribute#3 == 0 AND attribute#7 == 1 AND attribute#2 == 0 AND attribute#6 == 0 THEN target == 2"
  expl: "IF attribute#6 == 0 AND attribute#2 == 0 AND attribute#7 == 1 AND attribute#3 == 0 AND attribute#4 == 0 AND attribute#1 == 1 THEN target == 2"
  # hypos left: 6
  time: 0.00

  inst: "IF attribute#1 == 1 AND attribute#2 == 1 AND attribute#3 == 0 AND attribute#4 == 1 AND attribute#5 == 0 AND attribute#6 == 0 AND attribute#7 == 1 THEN target == 5"
  dexp: "IF attribute#1 == 1 AND attribute#2 == 1 AND attribute#5 == 0 AND attribute#3 == 0 AND attribute#6 == 0 THEN target == 5"
  expl: "IF attribute#3 == 0 AND attribute#5 == 0 AND attribute#2 == 1 AND attribute#1 == 1 THEN target == 5"
  # hypos left: 4
  time: 0.00

  inst: "IF attribute#1 == 1 AND attribute#2 == 0 AND attribute#3 == 0 AND attribute#4 == 1 AND attribute#5 == 0 AND attribute#6 == 0 AND attribute#7 == 1 THEN target == 5"
  dexp: "IF attribute#1 == 1 AND attribute#5 == 0 AND attribute#3 == 0 AND attribute#4 == 1 AND attribute#2 == 0 AND attribute#7 == 1 AND attribute#6 == 0 THEN target == 5"
  expl: "IF attribute#6 == 0 AND attribute#7 == 1 AND attribute#4 == 1 AND attribute#3 == 0 AND attribute#5 == 0 AND attribute#1 == 1 THEN target == 5"
  # hypos left: 6
  time: 0.00

  inst: "IF attribute#1 == 0 AND attribute#2 == 1 AND attribute#3 == 0 AND attribute#4 == 1 AND attribute#5 == 0 AND attribute#6 == 1 AND attribute#7 == 1 THEN target == 5"
  dexp: "IF attribute#2 == 1 AND attribute#7 == 1 AND attribute#5 == 0 AND attribute#6 == 1 AND attribute#1 == 0 AND attribute#4 == 1 AND attribute#3 == 0 THEN target == 5"
  expl: "IF attribute#3 == 0 AND attribute#6 == 1 AND attribute#5 == 0 AND attribute#7 == 1 AND attribute#2 == 1 THEN target == 5"
  # hypos left: 5
  time: 0.00

  inst: "IF attribute#1 == 1 AND attribute#2 == 1 AND attribute#3 == 0 AND attribute#4 == 1 AND attribute#5 == 0 AND attribute#6 == 1 AND attribute#7 == 0 THEN target == 5"
  dexp: "IF attribute#1 == 1 AND attribute#2 == 1 AND attribute#5 == 0 AND attribute#6 == 1 AND attribute#3 == 0 AND attribute#4 == 1 AND attribute#7 == 0 THEN target == 5"
  expl: "IF attribute#3 == 0 AND attribute#5 == 0 AND attribute#2 == 1 AND attribute#1 == 1 THEN target == 5"
  # hypos left: 4
  time: 0.00

  inst: "IF attribute#1 == 1 AND attribute#2 == 1 AND attribute#3 == 0 AND attribute#4 == 0 AND attribute#5 == 0 AND attribute#6 == 1 AND attribute#7 == 1 THEN target == 5"
  dexp: "IF attribute#1 == 1 AND attribute#2 == 1 AND attribute#4 == 0 AND attribute#6 == 1 AND attribute#3 == 0 AND attribute#5 == 0 AND attribute#7 == 1 THEN target == 5"
  expl: "IF attribute#5 == 0 AND attribute#3 == 0 AND attribute#2 == 1 AND attribute#1 == 1 THEN target == 5"
  # hypos left: 4
  time: 0.00

  inst: "IF attribute#1 == 1 AND attribute#2 == 1 AND attribute#3 == 1 AND attribute#4 == 1 AND attribute#5 == 1 AND attribute#6 == 1 AND attribute#7 == 1 THEN target == 8"
  dexp: "IF attribute#1 == 1 AND attribute#2 == 1 AND attribute#3 == 1 AND attribute#4 == 1 AND attribute#6 == 1 AND attribute#5 == 1 AND attribute#7 == 1 THEN target == 8"
  expl: "IF attribute#5 == 1 AND attribute#6 == 1 AND attribute#4 == 1 AND attribute#3 == 1 AND attribute#2 == 1 AND attribute#1 == 1 THEN target == 8"
  # hypos left: 6
  time: 0.00

  inst: "IF attribute#1 == 1 AND attribute#2 == 1 AND attribute#3 == 1 AND attribute#4 == 0 AND attribute#5 == 1 AND attribute#6 == 1 AND attribute#7 == 1 THEN target == 0"
  dexp: "IF attribute#1 == 1 AND attribute#2 == 1 AND attribute#3 == 1 AND attribute#6 == 1 AND attribute#4 == 0 AND attribute#5 == 1 AND attribute#7 == 1 THEN target == 0"
  expl: "IF attribute#5 == 1 AND attribute#4 == 0 AND attribute#3 == 1 AND attribute#2 == 1 AND attribute#1 == 1 THEN target == 0"
  # hypos left: 5
  time: 0.00

  inst: "IF attribute#1 == 0 AND attribute#2 == 1 AND attribute#3 == 1 AND attribute#4 == 0 AND attribute#5 == 1 AND attribute#6 == 1 AND attribute#7 == 1 THEN target == 0"
  dexp: "IF attribute#2 == 1 AND attribute#4 == 0 AND attribute#3 == 1 AND attribute#6 == 1 AND attribute#1 == 0 AND attribute#5 == 1 AND attribute#7 == 1 THEN target == 0"
  expl: "IF attribute#7 == 1 AND attribute#5 == 1 AND attribute#3 == 1 AND attribute#4 == 0 AND attribute#2 == 1 THEN target == 0"
  # hypos left: 5
  time: 0.00

  inst: "IF attribute#1 == 0 AND attribute#2 == 1 AND attribute#3 == 0 AND attribute#4 == 1 AND attribute#5 == 1 AND attribute#6 == 1 AND attribute#7 == 1 THEN target == 6"
  dexp: "IF attribute#2 == 1 AND attribute#5 == 1 AND attribute#6 == 1 AND attribute#7 == 1 AND attribute#1 == 0 AND attribute#3 == 0 AND attribute#4 == 1 THEN target == 6"
  expl: "IF attribute#4 == 1 AND attribute#3 == 0 AND attribute#5 == 1 AND attribute#2 == 1 THEN target == 6"
  # hypos left: 4
  time: 0.00

  inst: "IF attribute#1 == 0 AND attribute#2 == 0 AND attribute#3 == 1 AND attribute#4 == 1 AND attribute#5 == 1 AND attribute#6 == 1 AND attribute#7 == 1 THEN target == 3"
  dexp: "IF attribute#3 == 1 AND attribute#4 == 1 AND attribute#6 == 1 AND attribute#2 == 0 AND attribute#1 == 0 AND attribute#7 == 1 AND attribute#5 == 1 THEN target == 3"
  expl: "IF attribute#7 == 1 AND attribute#1 == 0 AND attribute#2 == 0 AND attribute#6 == 1 AND attribute#4 == 1 AND attribute#3 == 1 THEN target == 3"
  # hypos left: 6
  time: 0.00

  inst: "IF attribute#1 == 1 AND attribute#2 == 0 AND attribute#3 == 1 AND attribute#4 == 0 AND attribute#5 == 1 AND attribute#6 == 1 AND attribute#7 == 1 THEN target == 0"
  dexp: "IF attribute#1 == 1 AND attribute#4 == 0 AND attribute#6 == 1 AND attribute#3 == 1 AND attribute#2 == 0 AND attribute#5 == 1 AND attribute#7 == 1 THEN target == 0"
  expl: "IF attribute#7 == 1 AND attribute#5 == 1 AND attribute#6 == 1 AND attribute#4 == 0 AND attribute#1 == 1 THEN target == 0"
  # hypos left: 5
  time: 0.00

  inst: "IF attribute#1 == 1 AND attribute#2 == 1 AND attribute#3 == 0 AND attribute#4 == 0 AND attribute#5 == 1 AND attribute#6 == 1 AND attribute#7 == 1 THEN target == 0"
  dexp: "IF attribute#1 == 1 AND attribute#2 == 1 AND attribute#4 == 0 AND attribute#5 == 1 AND attribute#3 == 0 AND attribute#6 == 1 AND attribute#7 == 1 THEN target == 0"
  expl: "IF attribute#7 == 1 AND attribute#6 == 1 AND attribute#5 == 1 AND attribute#4 == 0 AND attribute#1 == 1 THEN target == 0"
  # hypos left: 5
  time: 0.00

  inst: "IF attribute#1 == 1 AND attribute#2 == 1 AND attribute#3 == 0 AND attribute#4 == 0 AND attribute#5 == 1 AND attribute#6 == 0 AND attribute#7 == 1 THEN target == 6"
  dexp: "IF attribute#1 == 1 AND attribute#2 == 1 AND attribute#4 == 0 AND attribute#5 == 1 AND attribute#3 == 0 AND attribute#7 == 1 AND attribute#6 == 0 THEN target == 6"
  expl: "IF attribute#6 == 0 AND attribute#7 == 1 AND attribute#3 == 0 AND attribute#5 == 1 AND attribute#2 == 1 THEN target == 6"
  # hypos left: 5
  time: 0.00

  inst: "IF attribute#1 == 1 AND attribute#2 == 0 AND attribute#3 == 0 AND attribute#4 == 0 AND attribute#5 == 1 AND attribute#6 == 1 AND attribute#7 == 1 THEN target == 0"
  dexp: "IF attribute#1 == 1 AND attribute#4 == 0 AND attribute#6 == 1 AND attribute#3 == 0 AND attribute#5 == 1 AND attribute#2 == 0 AND attribute#7 == 1 THEN target == 0"
  expl: "IF attribute#7 == 1 AND attribute#5 == 1 AND attribute#6 == 1 AND attribute#4 == 0 AND attribute#1 == 1 THEN target == 0"
  # hypos left: 5
  time: 0.00

  inst: "IF attribute#1 == 1 AND attribute#2 == 1 AND attribute#3 == 1 AND attribute#4 == 0 AND attribute#5 == 1 AND attribute#6 == 1 AND attribute#7 == 0 THEN target == 0"
  dexp: "IF attribute#1 == 1 AND attribute#2 == 1 AND attribute#3 == 1 AND attribute#6 == 1 AND attribute#7 == 0 AND attribute#4 == 0 AND attribute#5 == 1 THEN target == 0"
  expl: "IF attribute#5 == 1 AND attribute#4 == 0 AND attribute#3 == 1 AND attribute#2 == 1 AND attribute#1 == 1 THEN target == 0"
  # hypos left: 5
  time: 0.00

  inst: "IF attribute#1 == 1 AND attribute#2 == 0 AND attribute#3 == 1 AND attribute#4 == 0 AND attribute#5 == 0 AND attribute#6 == 0 AND attribute#7 == 0 THEN target == 7"
  dexp: "IF attribute#1 == 1 AND attribute#4 == 0 AND attribute#5 == 0 AND attribute#3 == 1 AND attribute#2 == 0 AND attribute#6 == 0 AND attribute#7 == 0 THEN target == 7"
  expl: "IF attribute#7 == 0 AND attribute#3 == 1 AND attribute#5 == 0 AND attribute#4 == 0 AND attribute#1 == 1 THEN target == 7"
  # hypos left: 5
  time: 0.00

  inst: "IF attribute#1 == 1 AND attribute#2 == 1 AND attribute#3 == 1 AND attribute#4 == 0 AND attribute#5 == 0 AND attribute#6 == 0 AND attribute#7 == 0 THEN target == 7"
  dexp: "IF attribute#1 == 1 AND attribute#2 == 1 AND attribute#3 == 1 AND attribute#5 == 0 AND attribute#4 == 0 AND attribute#6 == 0 AND attribute#7 == 0 THEN target == 7"
  expl: "IF attribute#7 == 0 AND attribute#4 == 0 AND attribute#5 == 0 AND attribute#3 == 1 AND attribute#1 == 1 THEN target == 7"
  # hypos left: 5
  time: 0.00

  inst: "IF attribute#1 == 1 AND attribute#2 == 0 AND attribute#3 == 1 AND attribute#4 == 0 AND attribute#5 == 0 AND attribute#6 == 1 AND attribute#7 == 1 THEN target == 7"
  dexp: "IF attribute#1 == 1 AND attribute#4 == 0 AND attribute#5 == 0 AND attribute#3 == 1 AND attribute#2 == 0 AND attribute#7 == 1 AND attribute#6 == 1 THEN target == 7"
  expl: "IF attribute#6 == 1 AND attribute#2 == 0 AND attribute#5 == 0 AND attribute#4 == 0 AND attribute#1 == 1 THEN target == 7"
  # hypos left: 5
  time: 0.00

  inst: "IF attribute#1 == 1 AND attribute#2 == 1 AND attribute#3 == 0 AND attribute#4 == 1 AND attribute#5 == 1 AND attribute#6 == 1 AND attribute#7 == 0 THEN target == 6"
  dexp: "IF attribute#1 == 1 AND attribute#2 == 1 AND attribute#3 == 0 AND attribute#4 == 1 AND attribute#5 == 1 AND attribute#6 == 1 AND attribute#7 == 0 THEN target == 6"
  expl: "IF attribute#5 == 1 AND attribute#4 == 1 AND attribute#3 == 0 AND attribute#2 == 1 THEN target == 6"
  # hypos left: 4
  time: 0.00

  inst: "IF attribute#1 == 1 AND attribute#2 == 0 AND attribute#3 == 0 AND attribute#4 == 1 AND attribute#5 == 1 AND attribute#6 == 1 AND attribute#7 == 1 THEN target == 6"
  dexp: "IF attribute#1 == 1 AND attribute#6 == 1 AND attribute#3 == 0 AND attribute#4 == 1 AND attribute#7 == 1 AND attribute#2 == 0 AND attribute#5 == 1 THEN target == 6"
  expl: "IF attribute#5 == 1 AND attribute#4 == 1 AND attribute#3 == 0 AND attribute#6 == 1 THEN target == 6"
  # hypos left: 4
  time: 0.00

  inst: "IF attribute#1 == 1 AND attribute#2 == 1 AND attribute#3 == 0 AND attribute#4 == 1 AND attribute#5 == 1 AND attribute#6 == 0 AND attribute#7 == 1 THEN target == 6"
  dexp: "IF attribute#1 == 1 AND attribute#2 == 1 AND attribute#6 == 0 AND attribute#5 == 1 AND attribute#3 == 0 AND attribute#4 == 1 AND attribute#7 == 1 THEN target == 6"
  expl: "IF attribute#4 == 1 AND attribute#3 == 0 AND attribute#5 == 1 AND attribute#2 == 1 THEN target == 6"
  # hypos left: 4
  time: 0.00

  inst: "IF attribute#1 == 1 AND attribute#2 == 1 AND attribute#3 == 0 AND attribute#4 == 0 AND attribute#5 == 1 AND attribute#6 == 1 AND attribute#7 == 0 THEN target == 6"
  dexp: "IF attribute#1 == 1 AND attribute#2 == 1 AND attribute#4 == 0 AND attribute#5 == 1 AND attribute#3 == 0 AND attribute#6 == 1 AND attribute#7 == 0 THEN target == 6"
  expl: "IF attribute#7 == 0 AND attribute#6 == 1 AND attribute#3 == 0 AND attribute#5 == 1 AND attribute#2 == 1 THEN target == 6"
  # hypos left: 5
  time: 0.00

  inst: "IF attribute#1 == 0 AND attribute#2 == 0 AND attribute#3 == 1 AND attribute#4 == 0 AND attribute#5 == 0 AND attribute#6 == 1 AND attribute#7 == 1 THEN target == 1"
  dexp: "IF attribute#3 == 1 AND attribute#5 == 0 AND attribute#7 == 1 AND attribute#4 == 0 AND attribute#2 == 0 AND attribute#6 == 1 AND attribute#1 == 0 THEN target == 1"
  expl: "IF attribute#1 == 0 AND attribute#6 == 1 AND attribute#2 == 0 AND attribute#4 == 0 AND attribute#3 == 1 THEN target == 1"
  # hypos left: 5
  time: 0.00

  inst: "IF attribute#1 == 0 AND attribute#2 == 1 AND attribute#3 == 1 AND attribute#4 == 1 AND attribute#5 == 0 AND attribute#6 == 0 AND attribute#7 == 1 THEN target == 4"
  dexp: "IF attribute#2 == 1 AND attribute#7 == 1 AND attribute#3 == 1 AND attribute#5 == 0 AND attribute#1 == 0 AND attribute#4 == 1 AND attribute#6 == 0 THEN target == 4"
  expl: "IF attribute#6 == 0 AND attribute#4 == 1 AND attribute#1 == 0 AND attribute#5 == 0 AND attribute#3 == 1 AND attribute#2 == 1 THEN target == 4"
  # hypos left: 6
  time: 0.00

  inst: "IF attribute#1 == 0 AND attribute#2 == 1 AND attribute#3 == 0 AND attribute#4 == 1 AND attribute#5 == 0 AND attribute#6 == 1 AND attribute#7 == 0 THEN target == 4"
  dexp: "IF attribute#2 == 1 AND attribute#1 == 0 AND attribute#4 == 1 AND attribute#5 == 0 AND attribute#7 == 0 THEN target == 4"
  expl: "IF attribute#7 == 0 AND attribute#5 == 0 AND attribute#1 == 0 AND attribute#2 == 1 THEN target == 4"
  # hypos left: 4
  time: 0.00

  inst: "IF attribute#1 == 1 AND attribute#2 == 0 AND attribute#3 == 1 AND attribute#4 == 0 AND attribute#5 == 1 AND attribute#6 == 0 AND attribute#7 == 0 THEN target == 4"
  dexp: "IF attribute#1 == 1 AND attribute#4 == 0 AND attribute#2 == 0 AND attribute#5 == 1 AND attribute#6 == 0 AND attribute#7 == 0 THEN target == 4"
  expl: "IF attribute#7 == 0 AND attribute#6 == 0 AND attribute#5 == 1 AND attribute#2 == 0 AND attribute#4 == 0 AND attribute#1 == 1 THEN target == 4"
  # hypos left: 6
  time: 0.00

  inst: "IF attribute#1 == 0 AND attribute#2 == 1 AND attribute#3 == 0 AND attribute#4 == 1 AND attribute#5 == 1 AND attribute#6 == 1 AND attribute#7 == 0 THEN target == 6"
  dexp: "IF attribute#2 == 1 AND attribute#5 == 1 AND attribute#6 == 1 AND attribute#3 == 0 AND attribute#4 == 1 AND attribute#7 == 0 THEN target == 6"
  expl: "IF attribute#4 == 1 AND attribute#3 == 0 AND attribute#5 == 1 AND attribute#2 == 1 THEN target == 6"
  # hypos left: 4
  time: 0.00

  inst: "IF attribute#1 == 0 AND attribute#2 == 0 AND attribute#3 == 1 AND attribute#4 == 1 AND attribute#5 == 0 AND attribute#6 == 0 AND attribute#7 == 1 THEN target == 2"
  dexp: "IF attribute#3 == 1 AND attribute#4 == 1 AND attribute#5 == 0 AND attribute#2 == 0 AND attribute#7 == 1 AND attribute#1 == 0 AND attribute#6 == 0 THEN target == 2"
  expl: "IF attribute#6 == 0 AND attribute#1 == 0 AND attribute#7 == 1 AND attribute#2 == 0 AND attribute#4 == 1 AND attribute#3 == 1 THEN target == 2"
  # hypos left: 6
  time: 0.00

  inst: "IF attribute#1 == 1 AND attribute#2 == 1 AND attribute#3 == 0 AND attribute#4 == 0 AND attribute#5 == 0 AND attribute#6 == 1 AND attribute#7 == 0 THEN target == 5"
  dexp: "IF attribute#1 == 1 AND attribute#2 == 1 AND attribute#4 == 0 AND attribute#6 == 1 AND attribute#3 == 0 AND attribute#5 == 0 AND attribute#7 == 0 THEN target == 5"
  expl: "IF attribute#5 == 0 AND attribute#3 == 0 AND attribute#2 == 1 AND attribute#1 == 1 THEN target == 5"
  # hypos left: 4
  time: 0.00

  inst: "IF attribute#1 == 1 AND attribute#2 == 0 AND attribute#3 == 0 AND attribute#4 == 1 AND attribute#5 == 0 AND attribute#6 == 1 AND attribute#7 == 0 THEN target == 5"
  dexp: "IF attribute#1 == 1 AND attribute#5 == 0 AND attribute#3 == 0 AND attribute#4 == 1 AND attribute#2 == 0 AND attribute#6 == 1 AND attribute#7 == 0 THEN target == 5"
  expl: "IF attribute#7 == 0 AND attribute#6 == 1 AND attribute#4 == 1 AND attribute#3 == 0 AND attribute#5 == 0 AND attribute#1 == 1 THEN target == 5"
  # hypos left: 6
  time: 0.00

  inst: "IF attribute#1 == 1 AND attribute#2 == 1 AND attribute#3 == 1 AND attribute#4 == 0 AND attribute#5 == 1 AND attribute#6 == 0 AND attribute#7 == 0 THEN target == 0"
  dexp: "IF attribute#1 == 1 AND attribute#2 == 1 AND attribute#3 == 1 AND attribute#4 == 0 AND attribute#5 == 1 AND attribute#6 == 0 THEN target == 0"
  expl: "IF attribute#5 == 1 AND attribute#4 == 0 AND attribute#3 == 1 AND attribute#2 == 1 AND attribute#1 == 1 THEN target == 0"
  # hypos left: 5
  time: 0.00

  inst: "IF attribute#1 == 1 AND attribute#2 == 0 AND attribute#3 == 0 AND attribute#4 == 0 AND attribute#5 == 0 AND attribute#6 == 1 AND attribute#7 == 0 THEN target == 7"
  dexp: "IF attribute#1 == 1 AND attribute#4 == 0 AND attribute#5 == 0 AND attribute#3 == 0 AND attribute#6 == 1 AND attribute#2 == 0 AND attribute#7 == 0 THEN target == 7"
  expl: "IF attribute#2 == 0 AND attribute#6 == 1 AND attribute#5 == 0 AND attribute#4 == 0 AND attribute#1 == 1 THEN target == 7"
  # hypos left: 5
  time: 0.00

  inst: "IF attribute#1 == 1 AND attribute#2 == 0 AND attribute#3 == 0 AND attribute#4 == 0 AND attribute#5 == 0 AND attribute#6 == 0 AND attribute#7 == 0 THEN target == 7"
  dexp: "IF attribute#1 == 1 AND attribute#4 == 0 AND attribute#5 == 0 AND attribute#3 == 0 AND attribute#2 == 0 AND attribute#6 == 0 AND attribute#7 == 0 THEN target == 7"
  expl: "IF attribute#7 == 0 AND attribute#2 == 0 AND attribute#5 == 0 AND attribute#4 == 0 AND attribute#1 == 1 THEN target == 7"
  # hypos left: 5
  time: 0.00

  inst: "IF attribute#1 == 0 AND attribute#2 == 1 AND attribute#3 == 0 AND attribute#4 == 1 AND attribute#5 == 1 AND attribute#6 == 0 AND attribute#7 == 1 THEN target == 6"
  dexp: "IF attribute#2 == 1 AND attribute#5 == 1 AND attribute#1 == 0 AND attribute#3 == 0 AND attribute#6 == 0 THEN target == 6"
  expl: "IF attribute#6 == 0 AND attribute#3 == 0 AND attribute#1 == 0 AND attribute#5 == 1 AND attribute#2 == 1 THEN target == 6"
  # hypos left: 5
  time: 0.00

  inst: "IF attribute#1 == 0 AND attribute#2 == 0 AND attribute#3 == 0 AND attribute#4 == 1 AND attribute#5 == 0 AND attribute#6 == 1 AND attribute#7 == 0 THEN target == 1"
  dexp: "IF attribute#4 == 1 AND attribute#5 == 0 AND attribute#2 == 0 AND attribute#3 == 0 AND attribute#6 == 1 AND attribute#1 == 0 AND attribute#7 == 0 THEN target == 1"
  expl: "IF attribute#7 == 0 AND attribute#1 == 0 AND attribute#6 == 1 AND attribute#2 == 0 AND attribute#5 == 0 THEN target == 1"
  # hypos left: 5
  time: 0.00

  inst: "IF attribute#1 == 0 AND attribute#2 == 1 AND attribute#3 == 1 AND attribute#4 == 0 AND attribute#5 == 0 AND attribute#6 == 0 AND attribute#7 == 0 THEN target == 4"
  dexp: "IF attribute#2 == 1 AND attribute#4 == 0 AND attribute#3 == 1 AND attribute#5 == 0 AND attribute#1 == 0 AND attribute#6 == 0 AND attribute#7 == 0 THEN target == 4"
  expl: "IF attribute#7 == 0 AND attribute#1 == 0 AND attribute#5 == 0 AND attribute#2 == 1 THEN target == 4"
  # hypos left: 4
  time: 0.00

  inst: "IF attribute#1 == 0 AND attribute#2 == 0 AND attribute#3 == 0 AND attribute#4 == 0 AND attribute#5 == 0 AND attribute#6 == 1 AND attribute#7 == 1 THEN target == 9"
  dexp: "IF attribute#5 == 0 AND attribute#7 == 1 AND attribute#4 == 0 AND attribute#2 == 0 AND attribute#3 == 0 AND attribute#6 == 1 AND attribute#1 == 0 THEN target == 9"
  expl: "IF attribute#1 == 0 AND attribute#6 == 1 AND attribute#3 == 0 AND attribute#2 == 0 AND attribute#7 == 1 AND attribute#5 == 0 THEN target == 9"
  # hypos left: 6
  time: 0.00

  inst: "IF attribute#1 == 1 AND attribute#2 == 1 AND attribute#3 == 0 AND attribute#4 == 0 AND attribute#5 == 0 AND attribute#6 == 0 AND attribute#7 == 1 THEN target == 5"
  dexp: "IF attribute#1 == 1 AND attribute#2 == 1 AND attribute#4 == 0 AND attribute#3 == 0 AND attribute#5 == 0 AND attribute#6 == 0 THEN target == 5"
  expl: "IF attribute#5 == 0 AND attribute#3 == 0 AND attribute#2 == 1 AND attribute#1 == 1 THEN target == 5"
  # hypos left: 4
  time: 0.00

  inst: "IF attribute#1 == 0 AND attribute#2 == 0 AND attribute#3 == 1 AND attribute#4 == 0 AND attribute#5 == 1 AND attribute#6 == 0 AND attribute#7 == 1 THEN target == 2"
  dexp: "IF attribute#3 == 1 AND attribute#6 == 0 AND attribute#7 == 1 AND attribute#1 == 0 AND attribute#2 == 0 AND attribute#4 == 0 AND attribute#5 == 1 THEN target == 2"
  expl: "IF attribute#5 == 1 AND attribute#2 == 0 AND attribute#7 == 1 AND attribute#6 == 0 AND attribute#3 == 1 THEN target == 2"
  # hypos left: 5
  time: 0.00

  inst: "IF attribute#1 == 1 AND attribute#2 == 0 AND attribute#3 == 0 AND attribute#4 == 0 AND attribute#5 == 1 AND attribute#6 == 0 AND attribute#7 == 0 THEN target == 4"
  dexp: "IF attribute#1 == 1 AND attribute#4 == 0 AND attribute#2 == 0 AND attribute#5 == 1 AND attribute#6 == 0 AND attribute#7 == 0 THEN target == 4"
  expl: "IF attribute#7 == 0 AND attribute#6 == 0 AND attribute#5 == 1 AND attribute#2 == 0 AND attribute#4 == 0 AND attribute#1 == 1 THEN target == 4"
  # hypos left: 6
  time: 0.00

  inst: "IF attribute#1 == 0 AND attribute#2 == 1 AND attribute#3 == 0 AND attribute#4 == 0 AND attribute#5 == 1 AND attribute#6 == 1 AND attribute#7 == 0 THEN target == 6"
  dexp: "IF attribute#2 == 1 AND attribute#4 == 0 AND attribute#6 == 1 AND attribute#5 == 1 AND attribute#1 == 0 AND attribute#7 == 0 AND attribute#3 == 0 THEN target == 6"
  expl: "IF attribute#3 == 0 AND attribute#7 == 0 AND attribute#5 == 1 AND attribute#6 == 1 AND attribute#2 == 1 THEN target == 6"
  # hypos left: 5
  time: 0.00

  inst: "IF attribute#1 == 1 AND attribute#2 == 1 AND attribute#3 == 1 AND attribute#4 == 0 AND attribute#5 == 0 AND attribute#6 == 0 AND attribute#7 == 1 THEN target == 0"
  dexp: "IF attribute#1 == 1 AND attribute#2 == 1 AND attribute#3 == 1 AND attribute#5 == 0 AND attribute#7 == 1 AND attribute#4 == 0 AND attribute#6 == 0 THEN target == 0"
  expl: "IF attribute#4 == 0 AND attribute#7 == 1 AND attribute#3 == 1 AND attribute#2 == 1 AND attribute#1 == 1 THEN target == 0"
  # hypos left: 5
  time: 0.00

  inst: "IF attribute#1 == 0 AND attribute#2 == 1 AND attribute#3 == 0 AND attribute#4 == 1 AND attribute#5 == 0 AND attribute#6 == 0 AND attribute#7 == 0 THEN target == 4"
  dexp: "IF attribute#2 == 1 AND attribute#1 == 0 AND attribute#4 == 1 AND attribute#5 == 0 AND attribute#7 == 0 THEN target == 4"
  expl: "IF attribute#7 == 0 AND attribute#5 == 0 AND attribute#1 == 0 AND attribute#2 == 1 THEN target == 4"
  # hypos left: 4
  time: 0.00

  inst: "IF attribute#1 == 1 AND attribute#2 == 1 AND attribute#3 == 1 AND attribute#4 == 1 AND attribute#5 == 1 AND attribute#6 == 0 AND attribute#7 == 0 THEN target == 2"
  dexp: "IF attribute#1 == 1 AND attribute#2 == 1 AND attribute#3 == 1 AND attribute#4 == 1 AND attribute#6 == 0 AND attribute#7 == 0 THEN target == 2"
  expl: "IF attribute#7 == 0 AND attribute#6 == 0 AND attribute#4 == 1 AND attribute#3 == 1 AND attribute#2 == 1 AND attribute#1 == 1 THEN target == 2"
  # hypos left: 6
  time: 0.00

  inst: "IF attribute#1 == 1 AND attribute#2 == 1 AND attribute#3 == 0 AND attribute#4 == 1 AND attribute#5 == 0 AND attribute#6 == 0 AND attribute#7 == 0 THEN target == 5"
  dexp: "IF attribute#1 == 1 AND attribute#2 == 1 AND attribute#5 == 0 AND attribute#3 == 0 AND attribute#6 == 0 THEN target == 5"
  expl: "IF attribute#3 == 0 AND attribute#5 == 0 AND attribute#2 == 1 AND attribute#1 == 1 THEN target == 5"
  # hypos left: 4
  time: 0.00

  inst: "IF attribute#1 == 0 AND attribute#2 == 1 AND attribute#3 == 1 AND attribute#4 == 0 AND attribute#5 == 0 AND attribute#6 == 1 AND attribute#7 == 1 THEN target == 9"
  dexp: "IF attribute#2 == 1 AND attribute#4 == 0 AND attribute#3 == 1 AND attribute#5 == 0 AND attribute#6 == 1 AND attribute#1 == 0 AND attribute#7 == 1 THEN target == 9"
  expl: "IF attribute#7 == 1 AND attribute#1 == 0 AND attribute#6 == 1 AND attribute#5 == 0 AND attribute#3 == 1 AND attribute#2 == 1 THEN target == 9"
  # hypos left: 6
  time: 0.00

  inst: "IF attribute#1 == 1 AND attribute#2 == 0 AND attribute#3 == 0 AND attribute#4 == 0 AND attribute#5 == 1 AND attribute#6 == 1 AND attribute#7 == 0 THEN target == 7"
  dexp: "IF attribute#1 == 1 AND attribute#4 == 0 AND attribute#6 == 1 AND attribute#3 == 0 AND attribute#5 == 1 AND attribute#2 == 0 AND attribute#7 == 0 THEN target == 7"
  expl: "IF attribute#7 == 0 AND attribute#2 == 0 AND attribute#6 == 1 AND attribute#4 == 0 AND attribute#1 == 1 THEN target == 7"
  # hypos left: 5
  time: 0.00

  inst: "IF attribute#1 == 1 AND attribute#2 == 0 AND attribute#3 == 0 AND attribute#4 == 1 AND attribute#5 == 1 AND attribute#6 == 1 AND attribute#7 == 0 THEN target == 6"
  dexp: "IF attribute#1 == 1 AND attribute#6 == 1 AND attribute#3 == 0 AND attribute#4 == 1 AND attribute#5 == 1 AND attribute#7 == 0 THEN target == 6"
  expl: "IF attribute#5 == 1 AND attribute#4 == 1 AND attribute#3 == 0 AND attribute#6 == 1 THEN target == 6"
  # hypos left: 4
  time: 0.00

  inst: "IF attribute#1 == 1 AND attribute#2 == 0 AND attribute#3 == 0 AND attribute#4 == 1 AND attribute#5 == 1 AND attribute#6 == 0 AND attribute#7 == 0 THEN target == 2"
  dexp: "IF attribute#1 == 1 AND attribute#2 == 0 AND attribute#4 == 1 AND attribute#5 == 1 AND attribute#6 == 0 AND attribute#7 == 0 THEN target == 2"
  expl: "IF attribute#6 == 0 AND attribute#5 == 1 AND attribute#4 == 1 AND attribute#2 == 0 AND attribute#1 == 1 THEN target == 2"
  # hypos left: 5
  time: 0.00

  inst: "IF attribute#1 == 1 AND attribute#2 == 0 AND attribute#3 == 0 AND attribute#4 == 1 AND attribute#5 == 0 AND attribute#6 == 0 AND attribute#7 == 0 THEN target == 7"
  dexp: "IF attribute#1 == 1 AND attribute#5 == 0 AND attribute#3 == 0 AND attribute#4 == 1 AND attribute#2 == 0 AND attribute#6 == 0 AND attribute#7 == 0 THEN target == 7"
  expl: "IF attribute#7 == 0 AND attribute#6 == 0 AND attribute#2 == 0 AND attribute#3 == 0 AND attribute#5 == 0 THEN target == 7"
  # hypos left: 5
  time: 0.00

  inst: "IF attribute#1 == 0 AND attribute#2 == 1 AND attribute#3 == 0 AND attribute#4 == 0 AND attribute#5 == 1 AND attribute#6 == 1 AND attribute#7 == 1 THEN target == 5"
  dexp: "IF attribute#2 == 1 AND attribute#4 == 0 AND attribute#6 == 1 AND attribute#5 == 1 AND attribute#1 == 0 AND attribute#3 == 0 AND attribute#7 == 1 THEN target == 5"
  expl: "IF attribute#7 == 1 AND attribute#3 == 0 AND attribute#1 == 0 AND attribute#6 == 1 AND attribute#4 == 0 AND attribute#2 == 1 THEN target == 5"
  # hypos left: 6
  time: 0.00

  inst: "IF attribute#1 == 0 AND attribute#2 == 1 AND attribute#3 == 1 AND attribute#4 == 0 AND attribute#5 == 1 AND attribute#6 == 0 AND attribute#7 == 1 THEN target == 0"
  dexp: "IF attribute#2 == 1 AND attribute#4 == 0 AND attribute#3 == 1 AND attribute#7 == 1 AND attribute#1 == 0 AND attribute#5 == 1 AND attribute#6 == 0 THEN target == 0"
  expl: "IF attribute#5 == 1 AND attribute#7 == 1 AND attribute#3 == 1 AND attribute#4 == 0 AND attribute#2 == 1 THEN target == 0"
  # hypos left: 5
  time: 0.00

  inst: "IF attribute#1 == 0 AND attribute#2 == 0 AND attribute#3 == 0 AND attribute#4 == 0 AND attribute#5 == 0 AND attribute#6 == 0 AND attribute#7 == 1 THEN target == 6"
  dexp: "IF attribute#5 == 0 AND attribute#6 == 0 AND attribute#4 == 0 AND attribute#2 == 0 AND attribute#3 == 0 AND attribute#7 == 1 AND attribute#1 == 0 THEN target == 6"
  expl: "IF attribute#1 == 0 AND attribute#7 == 1 AND attribute#3 == 0 AND attribute#2 == 0 AND attribute#6 == 0 AND attribute#5 == 0 THEN target == 6"
  # hypos left: 6
  time: 0.00

  inst: "IF attribute#1 == 0 AND attribute#2 == 0 AND attribute#3 == 1 AND attribute#4 == 1 AND attribute#5 == 0 AND attribute#6 == 0 AND attribute#7 == 0 THEN target == 1"
  dexp: "IF attribute#3 == 1 AND attribute#4 == 1 AND attribute#5 == 0 AND attribute#2 == 0 AND attribute#1 == 0 AND attribute#6 == 0 AND attribute#7 == 0 THEN target == 1"
  expl: "IF attribute#7 == 0 AND attribute#1 == 0 AND attribute#2 == 0 AND attribute#5 == 0 AND attribute#3 == 1 THEN target == 1"
  # hypos left: 5
  time: 0.00

  inst: "IF attribute#1 == 0 AND attribute#2 == 0 AND attribute#3 == 1 AND attribute#4 == 1 AND attribute#5 == 1 AND attribute#6 == 1 AND attribute#7 == 0 THEN target == 1"
  dexp: "IF attribute#3 == 1 AND attribute#4 == 1 AND attribute#6 == 1 AND attribute#2 == 0 AND attribute#1 == 0 AND attribute#5 == 1 AND attribute#7 == 0 THEN target == 1"
  expl: "IF attribute#7 == 0 AND attribute#1 == 0 AND attribute#2 == 0 AND attribute#6 == 1 AND attribute#3 == 1 THEN target == 1"
  # hypos left: 5
  time: 0.00

  inst: "IF attribute#1 == 1 AND attribute#2 == 0 AND attribute#3 == 1 AND attribute#4 == 0 AND attribute#5 == 0 AND attribute#6 == 0 AND attribute#7 == 1 THEN target == 3"
  dexp: "IF attribute#1 == 1 AND attribute#4 == 0 AND attribute#5 == 0 AND attribute#3 == 1 AND attribute#2 == 0 AND attribute#6 == 0 AND attribute#7 == 1 THEN target == 3"
  expl: "IF attribute#7 == 1 AND attribute#6 == 0 AND attribute#2 == 0 AND attribute#3 == 1 AND attribute#5 == 0 AND attribute#1 == 1 THEN target == 3"
  # hypos left: 6
  time: 0.00

  inst: "IF attribute#1 == 0 AND attribute#2 == 0 AND attribute#3 == 1 AND attribute#4 == 0 AND attribute#5 == 1 AND attribute#6 == 1 AND attribute#7 == 1 THEN target == 1"
  dexp: "IF attribute#3 == 1 AND attribute#1 == 0 AND attribute#2 == 0 AND attribute#4 == 0 AND attribute#5 == 1 AND attribute#6 == 1 THEN target == 1"
  expl: "IF attribute#6 == 1 AND attribute#4 == 0 AND attribute#2 == 0 AND attribute#1 == 0 AND attribute#3 == 1 THEN target == 1"
  # hypos left: 5
  time: 0.00

  inst: "IF attribute#1 == 1 AND attribute#2 == 1 AND attribute#3 == 1 AND attribute#4 == 1 AND attribute#5 == 0 AND attribute#6 == 0 AND attribute#7 == 0 THEN target == 2"
  dexp: "IF attribute#1 == 1 AND attribute#2 == 1 AND attribute#3 == 1 AND attribute#4 == 1 AND attribute#6 == 0 AND attribute#7 == 0 THEN target == 2"
  expl: "IF attribute#7 == 0 AND attribute#6 == 0 AND attribute#4 == 1 AND attribute#3 == 1 AND attribute#2 == 1 AND attribute#1 == 1 THEN target == 2"
  # hypos left: 6
  time: 0.00

  inst: "IF attribute#1 == 1 AND attribute#2 == 1 AND attribute#3 == 0 AND attribute#4 == 0 AND attribute#5 == 0 AND attribute#6 == 0 AND attribute#7 == 0 THEN target == 5"
  dexp: "IF attribute#1 == 1 AND attribute#2 == 1 AND attribute#4 == 0 AND attribute#3 == 0 AND attribute#5 == 0 AND attribute#6 == 0 THEN target == 5"
  expl: "IF attribute#5 == 0 AND attribute#3 == 0 AND attribute#2 == 1 AND attribute#1 == 1 THEN target == 5"
  # hypos left: 4
  time: 0.00

  inst: "IF attribute#1 == 0 AND attribute#2 == 0 AND attribute#3 == 0 AND attribute#4 == 1 AND attribute#5 == 1 AND attribute#6 == 1 AND attribute#7 == 1 THEN target == 6"
  dexp: "IF attribute#4 == 1 AND attribute#6 == 1 AND attribute#2 == 0 AND attribute#3 == 0 AND attribute#1 == 0 AND attribute#5 == 1 THEN target == 6"
  expl: "IF attribute#5 == 1 AND attribute#3 == 0 AND attribute#6 == 1 AND attribute#4 == 1 THEN target == 6"
  # hypos left: 4
  time: 0.00

  inst: "IF attribute#1 == 0 AND attribute#2 == 0 AND attribute#3 == 0 AND attribute#4 == 1 AND attribute#5 == 1 AND attribute#6 == 0 AND attribute#7 == 1 THEN target == 6"
  dexp: "IF attribute#4 == 1 AND attribute#7 == 1 AND attribute#2 == 0 AND attribute#3 == 0 AND attribute#1 == 0 AND attribute#5 == 1 AND attribute#6 == 0 THEN target == 6"
  expl: "IF attribute#5 == 1 AND attribute#1 == 0 AND attribute#3 == 0 AND attribute#7 == 1 AND attribute#4 == 1 THEN target == 6"
  # hypos left: 5
  time: 0.00

  inst: "IF attribute#1 == 0 AND attribute#2 == 0 AND attribute#3 == 0 AND attribute#4 == 1 AND attribute#5 == 0 AND attribute#6 == 0 AND attribute#7 == 0 THEN target == 7"
  dexp: "IF attribute#4 == 1 AND attribute#5 == 0 AND attribute#2 == 0 AND attribute#3 == 0 AND attribute#1 == 0 AND attribute#6 == 0 AND attribute#7 == 0 THEN target == 7"
  expl: "IF attribute#7 == 0 AND attribute#6 == 0 AND attribute#3 == 0 AND attribute#2 == 0 AND attribute#5 == 0 THEN target == 7"
  # hypos left: 5
  time: 0.00

  inst: "IF attribute#1 == 1 AND attribute#2 == 1 AND attribute#3 == 0 AND attribute#4 == 1 AND attribute#5 == 1 AND attribute#6 == 0 AND attribute#7 == 0 THEN target == 6"
  dexp: "IF attribute#1 == 1 AND attribute#2 == 1 AND attribute#6 == 0 AND attribute#5 == 1 AND attribute#3 == 0 AND attribute#4 == 1 AND attribute#7 == 0 THEN target == 6"
  expl: "IF attribute#4 == 1 AND attribute#3 == 0 AND attribute#5 == 1 AND attribute#2 == 1 THEN target == 6"
  # hypos left: 4
  time: 0.00

  inst: "IF attribute#1 == 0 AND attribute#2 == 1 AND attribute#3 == 0 AND attribute#4 == 0 AND attribute#5 == 0 AND attribute#6 == 1 AND attribute#7 == 1 THEN target == 5"
  dexp: "IF attribute#2 == 1 AND attribute#4 == 0 AND attribute#5 == 0 AND attribute#7 == 1 AND attribute#6 == 1 AND attribute#1 == 0 AND attribute#3 == 0 THEN target == 5"
  expl: "IF attribute#3 == 0 AND attribute#6 == 1 AND attribute#7 == 1 AND attribute#5 == 0 AND attribute#2 == 1 THEN target == 5"
  # hypos left: 5
  time: 0.00

  inst: "IF attribute#1 == 0 AND attribute#2 == 0 AND attribute#3 == 0 AND attribute#4 == 0 AND attribute#5 == 0 AND attribute#6 == 0 AND attribute#7 == 0 THEN target == 7"
  dexp: "IF attribute#5 == 0 AND attribute#6 == 0 AND attribute#4 == 0 AND attribute#2 == 0 AND attribute#3 == 0 AND attribute#1 == 0 AND attribute#7 == 0 THEN target == 7"
  expl: "IF attribute#7 == 0 AND attribute#3 == 0 AND attribute#2 == 0 AND attribute#6 == 0 AND attribute#5 == 0 THEN target == 7"
  # hypos left: 5
  time: 0.00

  inst: "IF attribute#1 == 0 AND attribute#2 == 0 AND attribute#3 == 0 AND attribute#4 == 1 AND attribute#5 == 0 AND attribute#6 == 0 AND attribute#7 == 1 THEN target == 6"
  dexp: "IF attribute#4 == 1 AND attribute#5 == 0 AND attribute#2 == 0 AND attribute#3 == 0 AND attribute#7 == 1 AND attribute#1 == 0 AND attribute#6 == 0 THEN target == 6"
  expl: "IF attribute#6 == 0 AND attribute#1 == 0 AND attribute#7 == 1 AND attribute#3 == 0 AND attribute#2 == 0 AND attribute#4 == 1 THEN target == 6"
  # hypos left: 6
  time: 0.00

  inst: "IF attribute#1 == 0 AND attribute#2 == 0 AND attribute#3 == 1 AND attribute#4 == 0 AND attribute#5 == 1 AND attribute#6 == 0 AND attribute#7 == 0 THEN target == 1"
  dexp: "IF attribute#3 == 1 AND attribute#6 == 0 AND attribute#1 == 0 AND attribute#2 == 0 AND attribute#4 == 0 AND attribute#5 == 1 AND attribute#7 == 0 THEN target == 1"
  expl: "IF attribute#7 == 0 AND attribute#5 == 1 AND attribute#4 == 0 AND attribute#2 == 0 AND attribute#1 == 0 THEN target == 1"
  # hypos left: 5
  time: 0.00

# of insts: 114
tot # of expls: 114
min # of expls: 1
avg # of expls: 1.00
max # of expls: 1

Min expl sz: 4
min expl sz: 5.09
avg expl sz: 5.09
max expl sz: 5.09
Max expl sz: 6

tot time: 0.02
min time: 0.00
avg time: 0.00
max time: 0.00

min dxrd:   0.00%
avg dxrd:  23.55%
max dxrd:  42.86%
