MODEL:
IF Bit 3 == 0, Address bit 1 != 0, Address bit 2 != 0 THEN target == 0
IF Bit 1 != 0, Address bit 2 != 0 THEN target == 1
IF Bit 0 == 0, Address bit 1 != 1 THEN target == 0
IF Bit 2 != 0, Address bit 1 != 0 THEN target == 1
IF Address bit 1 != 0, Address bit 2 != 0 THEN target == 1
IF Address bit 1 != 0 THEN target == 0
IF Address bit 2 == 0 THEN target == 1
IF Address bit 1 == 0 THEN target == 0
IF TRUE THEN target == 0

ENCODINDS:
# of classes: 2
min # of vars: 11
avg # of vars: 11.00
max # of vars: 11
min # of clauses: 20
avg # of clauses: 20.50
max # of clauses: 21

EXPLANATIONS:
  inst: "IF Address bit 1 == 0 AND Address bit 2 == 1 AND Bit 0 == 0 AND Bit 1 == 0 AND Bit 2 == 0 AND Bit 3 == 1 THEN target == 0"
  dexp: "IF Address bit 1 == 0 AND Bit 1 == 0 AND Bit 0 == 0 THEN target == 0"
  expl: "IF Bit 0 == 0 AND Bit 1 == 0 AND Address bit 1 == 0 THEN target == 0"
  # hypos left: 3
  time: 0.00

  inst: "IF Address bit 1 == 0 AND Address bit 2 == 0 AND Bit 0 == 0 AND Bit 1 == 0 AND Bit 2 == 1 AND Bit 3 == 0 THEN target == 0"
  dexp: "IF Address bit 1 == 0 AND Address bit 2 == 0 AND Bit 0 == 0 THEN target == 0"
  expl: "IF Bit 0 == 0 AND Address bit 2 == 0 AND Address bit 1 == 0 THEN target == 0"
  # hypos left: 3
  time: 0.00

  inst: "IF Address bit 1 == 0 AND Address bit 2 == 0 AND Bit 0 == 1 AND Bit 1 == 0 AND Bit 2 == 0 AND Bit 3 == 0 THEN target == 1"
  dexp: "IF Address bit 1 == 0 AND Address bit 2 == 0 AND Bit 0 == 1 THEN target == 1"
  expl: "IF Bit 0 == 1 AND Address bit 2 == 0 AND Address bit 1 == 0 THEN target == 1"
  # hypos left: 3
  time: 0.00

  inst: "IF Address bit 1 == 0 AND Address bit 2 == 1 AND Bit 0 == 1 AND Bit 1 == 0 AND Bit 2 == 0 AND Bit 3 == 0 THEN target == 0"
  dexp: "IF Address bit 1 == 0 AND Bit 1 == 0 AND Bit 0 == 1 AND Address bit 2 == 1 THEN target == 0"
  expl: "IF Address bit 2 == 1 AND Bit 1 == 0 AND Address bit 1 == 0 THEN target == 0"
  # hypos left: 3
  time: 0.00

  inst: "IF Address bit 1 == 1 AND Address bit 2 == 1 AND Bit 0 == 1 AND Bit 1 == 0 AND Bit 2 == 1 AND Bit 3 == 1 THEN target == 1"
  dexp: "IF Bit 3 == 1 AND Bit 1 == 0 AND Address bit 1 == 1 AND Bit 2 == 1 THEN target == 1"
  expl: "IF Bit 2 == 1 AND Address bit 1 == 1 AND Bit 3 == 1 THEN target == 1"
  # hypos left: 3
  time: 0.00

  inst: "IF Address bit 1 == 1 AND Address bit 2 == 1 AND Bit 0 == 0 AND Bit 1 == 0 AND Bit 2 == 1 AND Bit 3 == 1 THEN target == 1"
  dexp: "IF Bit 3 == 1 AND Bit 1 == 0 AND Address bit 1 == 1 AND Bit 2 == 1 THEN target == 1"
  expl: "IF Bit 2 == 1 AND Address bit 1 == 1 AND Bit 3 == 1 THEN target == 1"
  # hypos left: 3
  time: 0.00

  inst: "IF Address bit 1 == 0 AND Address bit 2 == 1 AND Bit 0 == 1 AND Bit 1 == 0 AND Bit 2 == 1 AND Bit 3 == 0 THEN target == 0"
  dexp: "IF Address bit 1 == 0 AND Bit 1 == 0 AND Bit 0 == 1 AND Address bit 2 == 1 THEN target == 0"
  expl: "IF Address bit 2 == 1 AND Bit 1 == 0 AND Address bit 1 == 0 THEN target == 0"
  # hypos left: 3
  time: 0.00

  inst: "IF Address bit 1 == 0 AND Address bit 2 == 1 AND Bit 0 == 1 AND Bit 1 == 1 AND Bit 2 == 0 AND Bit 3 == 0 THEN target == 1"
  dexp: "IF Address bit 1 == 0 AND Address bit 2 == 1 AND Bit 1 == 1 THEN target == 1"
  expl: "IF Bit 1 == 1 AND Address bit 2 == 1 AND Address bit 1 == 0 THEN target == 1"
  # hypos left: 3
  time: 0.00

  inst: "IF Address bit 1 == 1 AND Address bit 2 == 0 AND Bit 0 == 1 AND Bit 1 == 1 AND Bit 2 == 0 AND Bit 3 == 0 THEN target == 0"
  dexp: "IF Address bit 2 == 0 AND Address bit 1 == 1 AND Bit 2 == 0 THEN target == 0"
  expl: "IF Bit 2 == 0 AND Address bit 1 == 1 AND Address bit 2 == 0 THEN target == 0"
  # hypos left: 3
  time: 0.00

  inst: "IF Address bit 1 == 1 AND Address bit 2 == 0 AND Bit 0 == 0 AND Bit 1 == 0 AND Bit 2 == 1 AND Bit 3 == 0 THEN target == 1"
  dexp: "IF Address bit 2 == 0 AND Address bit 1 == 1 AND Bit 2 == 1 THEN target == 1"
  expl: "IF Bit 2 == 1 AND Address bit 1 == 1 AND Address bit 2 == 0 THEN target == 1"
  # hypos left: 3
  time: 0.00

  inst: "IF Address bit 1 == 0 AND Address bit 2 == 1 AND Bit 0 == 1 AND Bit 1 == 0 AND Bit 2 == 1 AND Bit 3 == 1 THEN target == 0"
  dexp: "IF Address bit 1 == 0 AND Bit 1 == 0 AND Bit 0 == 1 AND Address bit 2 == 1 THEN target == 0"
  expl: "IF Address bit 2 == 1 AND Bit 1 == 0 AND Address bit 1 == 0 THEN target == 0"
  # hypos left: 3
  time: 0.00

  inst: "IF Address bit 1 == 0 AND Address bit 2 == 0 AND Bit 0 == 1 AND Bit 1 == 1 AND Bit 2 == 0 AND Bit 3 == 0 THEN target == 1"
  dexp: "IF Address bit 1 == 0 AND Address bit 2 == 0 AND Bit 0 == 1 THEN target == 1"
  expl: "IF Bit 0 == 1 AND Address bit 2 == 0 AND Address bit 1 == 0 THEN target == 1"
  # hypos left: 3
  time: 0.00

  inst: "IF Address bit 1 == 0 AND Address bit 2 == 0 AND Bit 0 == 0 AND Bit 1 == 0 AND Bit 2 == 0 AND Bit 3 == 1 THEN target == 0"
  dexp: "IF Address bit 1 == 0 AND Address bit 2 == 0 AND Bit 0 == 0 THEN target == 0"
  expl: "IF Bit 0 == 0 AND Address bit 2 == 0 AND Address bit 1 == 0 THEN target == 0"
  # hypos left: 3
  time: 0.00

  inst: "IF Address bit 1 == 1 AND Address bit 2 == 1 AND Bit 0 == 1 AND Bit 1 == 1 AND Bit 2 == 0 AND Bit 3 == 1 THEN target == 1"
  dexp: "IF Bit 3 == 1 AND Address bit 2 == 1 AND Bit 1 == 1 THEN target == 1"
  expl: "IF Bit 1 == 1 AND Address bit 2 == 1 AND Bit 3 == 1 THEN target == 1"
  # hypos left: 3
  time: 0.00

  inst: "IF Address bit 1 == 1 AND Address bit 2 == 0 AND Bit 0 == 1 AND Bit 1 == 0 AND Bit 2 == 0 AND Bit 3 == 0 THEN target == 0"
  dexp: "IF Address bit 2 == 0 AND Address bit 1 == 1 AND Bit 2 == 0 THEN target == 0"
  expl: "IF Bit 2 == 0 AND Address bit 1 == 1 AND Address bit 2 == 0 THEN target == 0"
  # hypos left: 3
  time: 0.00

  inst: "IF Address bit 1 == 1 AND Address bit 2 == 1 AND Bit 0 == 0 AND Bit 1 == 1 AND Bit 2 == 1 AND Bit 3 == 1 THEN target == 1"
  dexp: "IF Bit 3 == 1 AND Address bit 2 == 1 AND Bit 1 == 1 THEN target == 1"
  expl: "IF Bit 1 == 1 AND Address bit 2 == 1 AND Bit 3 == 1 THEN target == 1"
  # hypos left: 3
  time: 0.00

  inst: "IF Address bit 1 == 0 AND Address bit 2 == 1 AND Bit 0 == 1 AND Bit 1 == 1 AND Bit 2 == 1 AND Bit 3 == 0 THEN target == 1"
  dexp: "IF Address bit 1 == 0 AND Address bit 2 == 1 AND Bit 1 == 1 THEN target == 1"
  expl: "IF Bit 1 == 1 AND Address bit 2 == 1 AND Address bit 1 == 0 THEN target == 1"
  # hypos left: 3
  time: 0.00

  inst: "IF Address bit 1 == 1 AND Address bit 2 == 0 AND Bit 0 == 0 AND Bit 1 == 0 AND Bit 2 == 0 AND Bit 3 == 1 THEN target == 0"
  dexp: "IF Address bit 2 == 0 AND Address bit 1 == 1 AND Bit 2 == 0 THEN target == 0"
  expl: "IF Bit 2 == 0 AND Address bit 1 == 1 AND Address bit 2 == 0 THEN target == 0"
  # hypos left: 3
  time: 0.00

  inst: "IF Address bit 1 == 0 AND Address bit 2 == 0 AND Bit 0 == 1 AND Bit 1 == 0 AND Bit 2 == 0 AND Bit 3 == 1 THEN target == 1"
  dexp: "IF Address bit 1 == 0 AND Address bit 2 == 0 AND Bit 0 == 1 THEN target == 1"
  expl: "IF Bit 0 == 1 AND Address bit 2 == 0 AND Address bit 1 == 0 THEN target == 1"
  # hypos left: 3
  time: 0.00

  inst: "IF Address bit 1 == 0 AND Address bit 2 == 1 AND Bit 0 == 0 AND Bit 1 == 0 AND Bit 2 == 1 AND Bit 3 == 0 THEN target == 0"
  dexp: "IF Address bit 1 == 0 AND Bit 1 == 0 AND Bit 0 == 0 THEN target == 0"
  expl: "IF Bit 0 == 0 AND Bit 1 == 0 AND Address bit 1 == 0 THEN target == 0"
  # hypos left: 3
  time: 0.00

  inst: "IF Address bit 1 == 0 AND Address bit 2 == 1 AND Bit 0 == 0 AND Bit 1 == 1 AND Bit 2 == 1 AND Bit 3 == 0 THEN target == 1"
  dexp: "IF Address bit 1 == 0 AND Address bit 2 == 1 AND Bit 1 == 1 THEN target == 1"
  expl: "IF Bit 1 == 1 AND Address bit 2 == 1 AND Address bit 1 == 0 THEN target == 1"
  # hypos left: 3
  time: 0.00

  inst: "IF Address bit 1 == 1 AND Address bit 2 == 1 AND Bit 0 == 0 AND Bit 1 == 1 AND Bit 2 == 1 AND Bit 3 == 0 THEN target == 0"
  dexp: "IF Address bit 1 == 1 AND Address bit 2 == 1 AND Bit 3 == 0 THEN target == 0"
  expl: "IF Bit 3 == 0 AND Address bit 2 == 1 AND Address bit 1 == 1 THEN target == 0"
  # hypos left: 3
  time: 0.00

  inst: "IF Address bit 1 == 0 AND Address bit 2 == 0 AND Bit 0 == 1 AND Bit 1 == 0 AND Bit 2 == 1 AND Bit 3 == 0 THEN target == 1"
  dexp: "IF Address bit 1 == 0 AND Address bit 2 == 0 AND Bit 0 == 1 THEN target == 1"
  expl: "IF Bit 0 == 1 AND Address bit 2 == 0 AND Address bit 1 == 0 THEN target == 1"
  # hypos left: 3
  time: 0.00

  inst: "IF Address bit 1 == 1 AND Address bit 2 == 1 AND Bit 0 == 1 AND Bit 1 == 0 AND Bit 2 == 1 AND Bit 3 == 0 THEN target == 0"
  dexp: "IF Address bit 1 == 1 AND Address bit 2 == 1 AND Bit 3 == 0 THEN target == 0"
  expl: "IF Bit 3 == 0 AND Address bit 2 == 1 AND Address bit 1 == 1 THEN target == 0"
  # hypos left: 3
  time: 0.00

  inst: "IF Address bit 1 == 1 AND Address bit 2 == 1 AND Bit 0 == 0 AND Bit 1 == 1 AND Bit 2 == 0 AND Bit 3 == 1 THEN target == 1"
  dexp: "IF Bit 3 == 1 AND Address bit 2 == 1 AND Bit 1 == 1 THEN target == 1"
  expl: "IF Bit 1 == 1 AND Address bit 2 == 1 AND Bit 3 == 1 THEN target == 1"
  # hypos left: 3
  time: 0.00

  inst: "IF Address bit 1 == 1 AND Address bit 2 == 0 AND Bit 0 == 1 AND Bit 1 == 0 AND Bit 2 == 1 AND Bit 3 == 1 THEN target == 1"
  dexp: "IF Address bit 2 == 0 AND Address bit 1 == 1 AND Bit 2 == 1 THEN target == 1"
  expl: "IF Bit 2 == 1 AND Address bit 1 == 1 AND Address bit 2 == 0 THEN target == 1"
  # hypos left: 3
  time: 0.00

  inst: "IF Address bit 1 == 1 AND Address bit 2 == 1 AND Bit 0 == 0 AND Bit 1 == 0 AND Bit 2 == 1 AND Bit 3 == 0 THEN target == 0"
  dexp: "IF Address bit 1 == 1 AND Address bit 2 == 1 AND Bit 3 == 0 THEN target == 0"
  expl: "IF Bit 3 == 0 AND Address bit 2 == 1 AND Address bit 1 == 1 THEN target == 0"
  # hypos left: 3
  time: 0.00

  inst: "IF Address bit 1 == 1 AND Address bit 2 == 1 AND Bit 0 == 1 AND Bit 1 == 1 AND Bit 2 == 1 AND Bit 3 == 0 THEN target == 0"
  dexp: "IF Address bit 1 == 1 AND Address bit 2 == 1 AND Bit 3 == 0 THEN target == 0"
  expl: "IF Bit 3 == 0 AND Address bit 2 == 1 AND Address bit 1 == 1 THEN target == 0"
  # hypos left: 3
  time: 0.00

  inst: "IF Address bit 1 == 0 AND Address bit 2 == 0 AND Bit 0 == 0 AND Bit 1 == 1 AND Bit 2 == 1 AND Bit 3 == 1 THEN target == 0"
  dexp: "IF Address bit 1 == 0 AND Address bit 2 == 0 AND Bit 0 == 0 THEN target == 0"
  expl: "IF Bit 0 == 0 AND Address bit 2 == 0 AND Address bit 1 == 0 THEN target == 0"
  # hypos left: 3
  time: 0.00

  inst: "IF Address bit 1 == 1 AND Address bit 2 == 1 AND Bit 0 == 1 AND Bit 1 == 0 AND Bit 2 == 0 AND Bit 3 == 1 THEN target == 1"
  dexp: "IF Bit 3 == 1 AND Bit 1 == 0 AND Address bit 1 == 1 AND Bit 2 == 0 AND Address bit 2 == 1 THEN target == 1"
  expl: "IF Address bit 2 == 1 AND Address bit 1 == 1 AND Bit 3 == 1 THEN target == 1"
  # hypos left: 3
  time: 0.00

  inst: "IF Address bit 1 == 0 AND Address bit 2 == 0 AND Bit 0 == 0 AND Bit 1 == 0 AND Bit 2 == 1 AND Bit 3 == 1 THEN target == 0"
  dexp: "IF Address bit 1 == 0 AND Address bit 2 == 0 AND Bit 0 == 0 THEN target == 0"
  expl: "IF Bit 0 == 0 AND Address bit 2 == 0 AND Address bit 1 == 0 THEN target == 0"
  # hypos left: 3
  time: 0.00

  inst: "IF Address bit 1 == 0 AND Address bit 2 == 0 AND Bit 0 == 0 AND Bit 1 == 1 AND Bit 2 == 1 AND Bit 3 == 0 THEN target == 0"
  dexp: "IF Address bit 1 == 0 AND Address bit 2 == 0 AND Bit 0 == 0 THEN target == 0"
  expl: "IF Bit 0 == 0 AND Address bit 2 == 0 AND Address bit 1 == 0 THEN target == 0"
  # hypos left: 3
  time: 0.00

  inst: "IF Address bit 1 == 0 AND Address bit 2 == 0 AND Bit 0 == 1 AND Bit 1 == 1 AND Bit 2 == 1 AND Bit 3 == 1 THEN target == 1"
  dexp: "IF Address bit 1 == 0 AND Address bit 2 == 0 AND Bit 0 == 1 THEN target == 1"
  expl: "IF Bit 0 == 1 AND Address bit 2 == 0 AND Address bit 1 == 0 THEN target == 1"
  # hypos left: 3
  time: 0.00

  inst: "IF Address bit 1 == 0 AND Address bit 2 == 0 AND Bit 0 == 1 AND Bit 1 == 1 AND Bit 2 == 0 AND Bit 3 == 1 THEN target == 1"
  dexp: "IF Address bit 1 == 0 AND Address bit 2 == 0 AND Bit 0 == 1 THEN target == 1"
  expl: "IF Bit 0 == 1 AND Address bit 2 == 0 AND Address bit 1 == 0 THEN target == 1"
  # hypos left: 3
  time: 0.00

  inst: "IF Address bit 1 == 0 AND Address bit 2 == 0 AND Bit 0 == 0 AND Bit 1 == 0 AND Bit 2 == 0 AND Bit 3 == 0 THEN target == 0"
  dexp: "IF Address bit 1 == 0 AND Address bit 2 == 0 AND Bit 0 == 0 THEN target == 0"
  expl: "IF Bit 0 == 0 AND Address bit 2 == 0 AND Address bit 1 == 0 THEN target == 0"
  # hypos left: 3
  time: 0.00

  inst: "IF Address bit 1 == 0 AND Address bit 2 == 0 AND Bit 0 == 1 AND Bit 1 == 1 AND Bit 2 == 1 AND Bit 3 == 0 THEN target == 1"
  dexp: "IF Address bit 1 == 0 AND Address bit 2 == 0 AND Bit 0 == 1 THEN target == 1"
  expl: "IF Bit 0 == 1 AND Address bit 2 == 0 AND Address bit 1 == 0 THEN target == 1"
  # hypos left: 3
  time: 0.00

  inst: "IF Address bit 1 == 0 AND Address bit 2 == 0 AND Bit 0 == 1 AND Bit 1 == 0 AND Bit 2 == 1 AND Bit 3 == 1 THEN target == 1"
  dexp: "IF Address bit 1 == 0 AND Address bit 2 == 0 AND Bit 0 == 1 THEN target == 1"
  expl: "IF Bit 0 == 1 AND Address bit 2 == 0 AND Address bit 1 == 0 THEN target == 1"
  # hypos left: 3
  time: 0.00

  inst: "IF Address bit 1 == 0 AND Address bit 2 == 1 AND Bit 0 == 1 AND Bit 1 == 0 AND Bit 2 == 0 AND Bit 3 == 1 THEN target == 0"
  dexp: "IF Address bit 1 == 0 AND Bit 1 == 0 AND Bit 0 == 1 AND Address bit 2 == 1 THEN target == 0"
  expl: "IF Address bit 2 == 1 AND Bit 1 == 0 AND Address bit 1 == 0 THEN target == 0"
  # hypos left: 3
  time: 0.00

  inst: "IF Address bit 1 == 0 AND Address bit 2 == 1 AND Bit 0 == 0 AND Bit 1 == 1 AND Bit 2 == 0 AND Bit 3 == 1 THEN target == 1"
  dexp: "IF Address bit 1 == 0 AND Address bit 2 == 1 AND Bit 1 == 1 THEN target == 1"
  expl: "IF Bit 1 == 1 AND Address bit 2 == 1 AND Address bit 1 == 0 THEN target == 1"
  # hypos left: 3
  time: 0.00

  inst: "IF Address bit 1 == 0 AND Address bit 2 == 1 AND Bit 0 == 0 AND Bit 1 == 1 AND Bit 2 == 1 AND Bit 3 == 1 THEN target == 1"
  dexp: "IF Address bit 1 == 0 AND Address bit 2 == 1 AND Bit 1 == 1 THEN target == 1"
  expl: "IF Bit 1 == 1 AND Address bit 2 == 1 AND Address bit 1 == 0 THEN target == 1"
  # hypos left: 3
  time: 0.00

  inst: "IF Address bit 1 == 1 AND Address bit 2 == 0 AND Bit 0 == 0 AND Bit 1 == 0 AND Bit 2 == 0 AND Bit 3 == 0 THEN target == 0"
  dexp: "IF Address bit 2 == 0 AND Address bit 1 == 1 AND Bit 2 == 0 THEN target == 0"
  expl: "IF Bit 2 == 0 AND Address bit 1 == 1 AND Address bit 2 == 0 THEN target == 0"
  # hypos left: 3
  time: 0.00

  inst: "IF Address bit 1 == 0 AND Address bit 2 == 1 AND Bit 0 == 0 AND Bit 1 == 0 AND Bit 2 == 1 AND Bit 3 == 1 THEN target == 0"
  dexp: "IF Address bit 1 == 0 AND Bit 1 == 0 AND Bit 0 == 0 THEN target == 0"
  expl: "IF Bit 0 == 0 AND Bit 1 == 0 AND Address bit 1 == 0 THEN target == 0"
  # hypos left: 3
  time: 0.00

  inst: "IF Address bit 1 == 0 AND Address bit 2 == 1 AND Bit 0 == 0 AND Bit 1 == 0 AND Bit 2 == 0 AND Bit 3 == 0 THEN target == 0"
  dexp: "IF Address bit 1 == 0 AND Bit 1 == 0 AND Bit 0 == 0 THEN target == 0"
  expl: "IF Bit 0 == 0 AND Bit 1 == 0 AND Address bit 1 == 0 THEN target == 0"
  # hypos left: 3
  time: 0.00

  inst: "IF Address bit 1 == 1 AND Address bit 2 == 1 AND Bit 0 == 0 AND Bit 1 == 0 AND Bit 2 == 0 AND Bit 3 == 1 THEN target == 1"
  dexp: "IF Bit 3 == 1 AND Bit 1 == 0 AND Address bit 1 == 1 AND Bit 2 == 0 AND Address bit 2 == 1 THEN target == 1"
  expl: "IF Address bit 2 == 1 AND Address bit 1 == 1 AND Bit 3 == 1 THEN target == 1"
  # hypos left: 3
  time: 0.00

  inst: "IF Address bit 1 == 1 AND Address bit 2 == 1 AND Bit 0 == 0 AND Bit 1 == 0 AND Bit 2 == 0 AND Bit 3 == 0 THEN target == 0"
  dexp: "IF Address bit 1 == 1 AND Address bit 2 == 1 AND Bit 3 == 0 THEN target == 0"
  expl: "IF Bit 3 == 0 AND Address bit 2 == 1 AND Address bit 1 == 1 THEN target == 0"
  # hypos left: 3
  time: 0.00

  inst: "IF Address bit 1 == 1 AND Address bit 2 == 0 AND Bit 0 == 0 AND Bit 1 == 1 AND Bit 2 == 1 AND Bit 3 == 1 THEN target == 1"
  dexp: "IF Address bit 2 == 0 AND Address bit 1 == 1 AND Bit 2 == 1 THEN target == 1"
  expl: "IF Bit 2 == 1 AND Address bit 1 == 1 AND Address bit 2 == 0 THEN target == 1"
  # hypos left: 3
  time: 0.00

  inst: "IF Address bit 1 == 0 AND Address bit 2 == 1 AND Bit 0 == 1 AND Bit 1 == 1 AND Bit 2 == 0 AND Bit 3 == 1 THEN target == 1"
  dexp: "IF Address bit 1 == 0 AND Address bit 2 == 1 AND Bit 1 == 1 THEN target == 1"
  expl: "IF Bit 1 == 1 AND Address bit 2 == 1 AND Address bit 1 == 0 THEN target == 1"
  # hypos left: 3
  time: 0.00

  inst: "IF Address bit 1 == 1 AND Address bit 2 == 0 AND Bit 0 == 1 AND Bit 1 == 1 AND Bit 2 == 1 AND Bit 3 == 1 THEN target == 1"
  dexp: "IF Address bit 2 == 0 AND Address bit 1 == 1 AND Bit 2 == 1 THEN target == 1"
  expl: "IF Bit 2 == 1 AND Address bit 1 == 1 AND Address bit 2 == 0 THEN target == 1"
  # hypos left: 3
  time: 0.00

  inst: "IF Address bit 1 == 0 AND Address bit 2 == 1 AND Bit 0 == 0 AND Bit 1 == 1 AND Bit 2 == 0 AND Bit 3 == 0 THEN target == 1"
  dexp: "IF Address bit 1 == 0 AND Address bit 2 == 1 AND Bit 1 == 1 THEN target == 1"
  expl: "IF Bit 1 == 1 AND Address bit 2 == 1 AND Address bit 1 == 0 THEN target == 1"
  # hypos left: 3
  time: 0.00

  inst: "IF Address bit 1 == 1 AND Address bit 2 == 0 AND Bit 0 == 1 AND Bit 1 == 1 AND Bit 2 == 1 AND Bit 3 == 0 THEN target == 1"
  dexp: "IF Address bit 2 == 0 AND Address bit 1 == 1 AND Bit 2 == 1 THEN target == 1"
  expl: "IF Bit 2 == 1 AND Address bit 1 == 1 AND Address bit 2 == 0 THEN target == 1"
  # hypos left: 3
  time: 0.00

  inst: "IF Address bit 1 == 1 AND Address bit 2 == 0 AND Bit 0 == 0 AND Bit 1 == 1 AND Bit 2 == 0 AND Bit 3 == 1 THEN target == 0"
  dexp: "IF Address bit 2 == 0 AND Address bit 1 == 1 AND Bit 2 == 0 THEN target == 0"
  expl: "IF Bit 2 == 0 AND Address bit 1 == 1 AND Address bit 2 == 0 THEN target == 0"
  # hypos left: 3
  time: 0.00

  inst: "IF Address bit 1 == 0 AND Address bit 2 == 0 AND Bit 0 == 0 AND Bit 1 == 1 AND Bit 2 == 0 AND Bit 3 == 0 THEN target == 0"
  dexp: "IF Address bit 1 == 0 AND Address bit 2 == 0 AND Bit 0 == 0 THEN target == 0"
  expl: "IF Bit 0 == 0 AND Address bit 2 == 0 AND Address bit 1 == 0 THEN target == 0"
  # hypos left: 3
  time: 0.00

  inst: "IF Address bit 1 == 1 AND Address bit 2 == 1 AND Bit 0 == 1 AND Bit 1 == 1 AND Bit 2 == 0 AND Bit 3 == 0 THEN target == 0"
  dexp: "IF Address bit 1 == 1 AND Address bit 2 == 1 AND Bit 3 == 0 THEN target == 0"
  expl: "IF Bit 3 == 0 AND Address bit 2 == 1 AND Address bit 1 == 1 THEN target == 0"
  # hypos left: 3
  time: 0.00

  inst: "IF Address bit 1 == 1 AND Address bit 2 == 0 AND Bit 0 == 1 AND Bit 1 == 0 AND Bit 2 == 0 AND Bit 3 == 1 THEN target == 0"
  dexp: "IF Address bit 2 == 0 AND Address bit 1 == 1 AND Bit 2 == 0 THEN target == 0"
  expl: "IF Bit 2 == 0 AND Address bit 1 == 1 AND Address bit 2 == 0 THEN target == 0"
  # hypos left: 3
  time: 0.00

  inst: "IF Address bit 1 == 1 AND Address bit 2 == 1 AND Bit 0 == 1 AND Bit 1 == 1 AND Bit 2 == 1 AND Bit 3 == 1 THEN target == 1"
  dexp: "IF Bit 3 == 1 AND Address bit 2 == 1 AND Bit 1 == 1 THEN target == 1"
  expl: "IF Bit 1 == 1 AND Address bit 2 == 1 AND Bit 3 == 1 THEN target == 1"
  # hypos left: 3
  time: 0.00

  inst: "IF Address bit 1 == 1 AND Address bit 2 == 0 AND Bit 0 == 0 AND Bit 1 == 1 AND Bit 2 == 0 AND Bit 3 == 0 THEN target == 0"
  dexp: "IF Address bit 2 == 0 AND Address bit 1 == 1 AND Bit 2 == 0 THEN target == 0"
  expl: "IF Bit 2 == 0 AND Address bit 1 == 1 AND Address bit 2 == 0 THEN target == 0"
  # hypos left: 3
  time: 0.00

  inst: "IF Address bit 1 == 1 AND Address bit 2 == 0 AND Bit 0 == 0 AND Bit 1 == 1 AND Bit 2 == 1 AND Bit 3 == 0 THEN target == 1"
  dexp: "IF Address bit 2 == 0 AND Address bit 1 == 1 AND Bit 2 == 1 THEN target == 1"
  expl: "IF Bit 2 == 1 AND Address bit 1 == 1 AND Address bit 2 == 0 THEN target == 1"
  # hypos left: 3
  time: 0.00

  inst: "IF Address bit 1 == 1 AND Address bit 2 == 1 AND Bit 0 == 0 AND Bit 1 == 1 AND Bit 2 == 0 AND Bit 3 == 0 THEN target == 0"
  dexp: "IF Address bit 1 == 1 AND Address bit 2 == 1 AND Bit 3 == 0 THEN target == 0"
  expl: "IF Bit 3 == 0 AND Address bit 2 == 1 AND Address bit 1 == 1 THEN target == 0"
  # hypos left: 3
  time: 0.00

  inst: "IF Address bit 1 == 1 AND Address bit 2 == 0 AND Bit 0 == 1 AND Bit 1 == 0 AND Bit 2 == 1 AND Bit 3 == 0 THEN target == 1"
  dexp: "IF Address bit 2 == 0 AND Address bit 1 == 1 AND Bit 2 == 1 THEN target == 1"
  expl: "IF Bit 2 == 1 AND Address bit 1 == 1 AND Address bit 2 == 0 THEN target == 1"
  # hypos left: 3
  time: 0.00

  inst: "IF Address bit 1 == 1 AND Address bit 2 == 0 AND Bit 0 == 1 AND Bit 1 == 1 AND Bit 2 == 0 AND Bit 3 == 1 THEN target == 0"
  dexp: "IF Address bit 2 == 0 AND Address bit 1 == 1 AND Bit 2 == 0 THEN target == 0"
  expl: "IF Bit 2 == 0 AND Address bit 1 == 1 AND Address bit 2 == 0 THEN target == 0"
  # hypos left: 3
  time: 0.00

  inst: "IF Address bit 1 == 1 AND Address bit 2 == 0 AND Bit 0 == 0 AND Bit 1 == 0 AND Bit 2 == 1 AND Bit 3 == 1 THEN target == 1"
  dexp: "IF Address bit 2 == 0 AND Address bit 1 == 1 AND Bit 2 == 1 THEN target == 1"
  expl: "IF Bit 2 == 1 AND Address bit 1 == 1 AND Address bit 2 == 0 THEN target == 1"
  # hypos left: 3
  time: 0.00

  inst: "IF Address bit 1 == 1 AND Address bit 2 == 1 AND Bit 0 == 1 AND Bit 1 == 0 AND Bit 2 == 0 AND Bit 3 == 0 THEN target == 0"
  dexp: "IF Address bit 1 == 1 AND Address bit 2 == 1 AND Bit 3 == 0 THEN target == 0"
  expl: "IF Bit 3 == 0 AND Address bit 2 == 1 AND Address bit 1 == 1 THEN target == 0"
  # hypos left: 3
  time: 0.00

  inst: "IF Address bit 1 == 0 AND Address bit 2 == 0 AND Bit 0 == 0 AND Bit 1 == 1 AND Bit 2 == 0 AND Bit 3 == 1 THEN target == 0"
  dexp: "IF Address bit 1 == 0 AND Address bit 2 == 0 AND Bit 0 == 0 THEN target == 0"
  expl: "IF Bit 0 == 0 AND Address bit 2 == 0 AND Address bit 1 == 0 THEN target == 0"
  # hypos left: 3
  time: 0.00

  inst: "IF Address bit 1 == 0 AND Address bit 2 == 1 AND Bit 0 == 1 AND Bit 1 == 1 AND Bit 2 == 1 AND Bit 3 == 1 THEN target == 1"
  dexp: "IF Address bit 1 == 0 AND Address bit 2 == 1 AND Bit 1 == 1 THEN target == 1"
  expl: "IF Bit 1 == 1 AND Address bit 2 == 1 AND Address bit 1 == 0 THEN target == 1"
  # hypos left: 3
  time: 0.00

# of insts: 64
tot # of expls: 64
min # of expls: 1
avg # of expls: 1.00
max # of expls: 1

Min expl sz: 3
min expl sz: 3.00
avg expl sz: 3.00
max expl sz: 3.00
Max expl sz: 3

tot time: 0.00
min time: 0.00
avg time: 0.00
max time: 0.00

min dxrd:   0.00%
avg dxrd:   3.59%
max dxrd:  40.00%
